<?xml version="1.0" encoding="UTF-8"?>
<coverage generated="1633428991428" clover="3.2.0">
  <project timestamp="1633428991428" name="All files">
    <metrics statements="1223" coveredstatements="1116" conditionals="337" coveredconditionals="278" methods="295" coveredmethods="233" elements="1855" coveredelements="1627" complexity="0" loc="1223" ncloc="1223" packages="19" files="114" classes="114"/>
    <package name="src">
      <metrics statements="293" coveredstatements="261" conditionals="94" coveredconditionals="74" methods="57" coveredmethods="43"/>
      <file name="Query.ts" path="/Users/tricky_lake/dev/tricky-max/lib/rollun-ts-rql/src/Query.ts">
        <metrics statements="33" coveredstatements="20" conditionals="5" coveredconditionals="4" methods="18" coveredmethods="9"/>
        <line num="3" count="5" type="stmt"/>
        <line num="6" count="5" type="stmt"/>
        <line num="8" count="5" type="stmt"/>
        <line num="24" count="2079" type="stmt"/>
        <line num="25" count="2079" type="stmt"/>
        <line num="26" count="2079" type="stmt"/>
        <line num="27" count="2079" type="stmt"/>
        <line num="28" count="2079" type="stmt"/>
        <line num="32" count="0" type="stmt"/>
        <line num="33" count="0" type="stmt"/>
        <line num="37" count="0" type="stmt"/>
        <line num="38" count="0" type="stmt"/>
        <line num="42" count="0" type="stmt"/>
        <line num="43" count="0" type="stmt"/>
        <line num="47" count="1" type="stmt"/>
        <line num="48" count="1" type="stmt"/>
        <line num="52" count="0" type="stmt"/>
        <line num="53" count="0" type="stmt"/>
        <line num="57" count="5" type="cond" truecount="2" falsecount="0"/>
        <line num="58" count="1" type="stmt"/>
        <line num="60" count="4" type="stmt"/>
        <line num="61" count="4" type="stmt"/>
        <line num="65" count="0" type="stmt"/>
        <line num="69" count="1003" type="stmt"/>
        <line num="73" count="0" type="stmt"/>
        <line num="77" count="1003" type="stmt"/>
        <line num="81" count="0" type="stmt"/>
        <line num="85" count="1006" type="stmt"/>
        <line num="89" count="1156" type="stmt"/>
        <line num="93" count="1070" type="stmt"/>
        <line num="97" count="0" type="stmt"/>
        <line num="101" count="2" type="stmt"/>
        <line num="105" count="0" type="stmt"/>
      </file>
      <file name="QueryBuilder.ts" path="/Users/tricky_lake/dev/tricky-max/lib/rollun-ts-rql/src/QueryBuilder.ts">
        <metrics statements="64" coveredstatements="47" conditionals="28" coveredconditionals="17" methods="15" coveredmethods="11"/>
        <line num="1" count="5" type="stmt"/>
        <line num="2" count="5" type="stmt"/>
        <line num="3" count="5" type="stmt"/>
        <line num="4" count="5" type="stmt"/>
        <line num="5" count="5" type="stmt"/>
        <line num="6" count="5" type="stmt"/>
        <line num="7" count="5" type="stmt"/>
        <line num="8" count="5" type="stmt"/>
        <line num="9" count="5" type="stmt"/>
        <line num="10" count="5" type="stmt"/>
        <line num="12" count="5" type="stmt"/>
        <line num="17" count="1054" type="stmt"/>
        <line num="21" count="4093" type="cond" truecount="2" falsecount="0"/>
        <line num="22" count="1002" type="stmt"/>
        <line num="24" count="3091" type="cond" truecount="2" falsecount="0"/>
        <line num="25" count="1083" type="stmt"/>
        <line num="27" count="2008" type="cond" truecount="2" falsecount="0"/>
        <line num="28" count="1002" type="stmt"/>
        <line num="30" count="1006" type="cond" truecount="2" falsecount="0"/>
        <line num="31" count="1005" type="stmt"/>
        <line num="33" count="1" type="cond" truecount="1" falsecount="1"/>
        <line num="34" count="1" type="stmt"/>
        <line num="36" count="0" type="stmt"/>
        <line num="40" count="1054" type="stmt"/>
        <line num="44" count="1003" type="stmt"/>
        <line num="45" count="1003" type="stmt"/>
        <line num="49" count="1156" type="stmt"/>
        <line num="50" count="1156" type="cond" truecount="2" falsecount="0"/>
        <line num="51" count="1048" type="stmt"/>
        <line num="53" count="108" type="cond" truecount="2" falsecount="0"/>
        <line num="54" count="86" type="stmt"/>
        <line num="56" count="22" type="stmt"/>
        <line num="59" count="1156" type="stmt"/>
        <line num="63" count="1003" type="stmt"/>
        <line num="64" count="1003" type="stmt"/>
        <line num="68" count="1006" type="stmt"/>
        <line num="69" count="1006" type="stmt"/>
        <line num="73" count="2" type="stmt"/>
        <line num="74" count="2" type="stmt"/>
        <line num="78" count="1" type="stmt"/>
        <line num="82" count="2" type="cond" truecount="2" falsecount="0"/>
        <line num="83" count="1" type="stmt"/>
        <line num="84" count="1" type="stmt"/>
        <line num="86" count="1" type="cond" truecount="1" falsecount="1"/>
        <line num="87" count="0" type="stmt"/>
        <line num="89" count="1" type="cond" truecount="1" falsecount="1"/>
        <line num="90" count="1" type="stmt"/>
        <line num="92" count="0" type="cond" truecount="0" falsecount="2"/>
        <line num="93" count="0" type="stmt"/>
        <line num="95" count="0" type="cond" truecount="0" falsecount="2"/>
        <line num="96" count="0" type="stmt"/>
        <line num="98" count="0" type="cond" truecount="0" falsecount="2"/>
        <line num="99" count="0" type="stmt"/>
        <line num="101" count="0" type="cond" truecount="0" falsecount="2"/>
        <line num="105" count="0" type="stmt"/>
        <line num="108" count="0" type="stmt"/>
        <line num="112" count="0" type="stmt"/>
        <line num="115" count="0" type="stmt"/>
        <line num="119" count="1" type="stmt"/>
        <line num="122" count="1" type="stmt"/>
        <line num="126" count="0" type="stmt"/>
        <line num="129" count="0" type="stmt"/>
        <line num="133" count="0" type="stmt"/>
        <line num="136" count="0" type="stmt"/>
      </file>
      <file name="QueryStringifier.ts" path="/Users/tricky_lake/dev/tricky-max/lib/rollun-ts-rql/src/QueryStringifier.ts">
        <metrics statements="77" coveredstatements="76" conditionals="55" coveredconditionals="47" methods="17" coveredmethods="17"/>
        <line num="6" count="5" type="stmt"/>
        <line num="7" count="5" type="stmt"/>
        <line num="8" count="5" type="stmt"/>
        <line num="9" count="5" type="stmt"/>
        <line num="11" count="5" type="stmt"/>
        <line num="12" count="5" type="stmt"/>
        <line num="14" count="5" type="stmt"/>
        <line num="16" count="101016" type="stmt"/>
        <line num="18" count="505080" type="stmt"/>
        <line num="19" count="505080" type="stmt"/>
        <line num="20" count="505080" type="stmt"/>
        <line num="24" count="101016" type="stmt"/>
        <line num="30" count="808153" type="stmt"/>
        <line num="31" count="808153" type="stmt"/>
        <line num="32" count="26" type="stmt"/>
        <line num="43" count="808153" type="stmt"/>
        <line num="47" count="505080" type="stmt"/>
        <line num="48" count="505080" type="cond" truecount="1" falsecount="1"/>
        <line num="49" count="505080" type="stmt"/>
        <line num="51" count="505080" type="stmt"/>
        <line num="52" count="505080" type="stmt"/>
        <line num="53" count="505080" type="cond" truecount="1" falsecount="1"/>
        <line num="54" count="505080" type="stmt"/>
        <line num="56" count="0" type="stmt"/>
        <line num="61" count="101016" type="cond" truecount="2" falsecount="0"/>
        <line num="62" count="101015" type="stmt"/>
        <line num="64" count="1" type="stmt"/>
        <line num="65" count="1" type="stmt"/>
        <line num="66" count="2" type="cond" truecount="2" falsecount="0"/>
        <line num="68" count="1" type="stmt"/>
        <line num="72" count="101016" type="cond" truecount="2" falsecount="0"/>
        <line num="74" count="101009" type="stmt"/>
        <line num="75" count="404029" type="cond" truecount="2" falsecount="0"/>
        <line num="76" count="4" type="stmt"/>
        <line num="78" count="404025" type="stmt"/>
        <line num="82" count="101009" type="stmt"/>
        <line num="84" count="7" type="stmt"/>
        <line num="89" count="101016" type="cond" truecount="2" falsecount="0"/>
        <line num="90" count="101002" type="stmt"/>
        <line num="91" count="101003" type="stmt"/>
        <line num="92" count="101003" type="cond" truecount="2" falsecount="0"/>
        <line num="93" count="101003" type="stmt"/>
        <line num="94" count="101003" type="stmt"/>
        <line num="96" count="101002" type="cond" truecount="1" falsecount="1"/>
        <line num="97" count="101002" type="stmt"/>
        <line num="99" count="101002" type="stmt"/>
        <line num="101" count="14" type="stmt"/>
        <line num="103" count="101016" type="stmt"/>
        <line num="107" count="101016" type="cond" truecount="2" falsecount="0"/>
        <line num="111" count="101066" type="stmt"/>
        <line num="112" count="101066" type="stmt"/>
        <line num="114" count="16" type="stmt"/>
        <line num="115" count="16" type="stmt"/>
        <line num="116" count="16" type="stmt"/>
        <line num="117" count="50" type="stmt"/>
        <line num="119" count="16" type="cond" truecount="1" falsecount="1"/>
        <line num="120" count="16" type="stmt"/>
        <line num="121" count="16" type="stmt"/>
        <line num="124" count="101039" type="stmt"/>
        <line num="125" count="101039" type="cond" truecount="1" falsecount="1"/>
        <line num="126" count="101039" type="stmt"/>
        <line num="130" count="101039" type="stmt"/>
        <line num="133" count="2" type="stmt"/>
        <line num="134" count="2" type="stmt"/>
        <line num="135" count="5" type="stmt"/>
        <line num="137" count="2" type="stmt"/>
        <line num="139" count="2" type="stmt"/>
        <line num="141" count="5" type="stmt"/>
        <line num="142" count="5" type="stmt"/>
        <line num="143" count="5" type="stmt"/>
        <line num="145" count="101066" type="stmt"/>
        <line num="155" count="101044" type="cond" truecount="5" falsecount="0"/>
        <line num="166" count="303126" type="cond" truecount="2" falsecount="0"/>
        <line num="167" count="202082" type="cond" truecount="1" falsecount="1"/>
        <line num="168" count="202082" type="cond" truecount="1" falsecount="1"/>
        <line num="170" count="101044" type="cond" truecount="4" falsecount="0"/>
        <line num="176" count="505080" type="cond" truecount="4" falsecount="0"/>
      </file>
      <file name="RqlParser.ts" path="/Users/tricky_lake/dev/tricky-max/lib/rollun-ts-rql/src/RqlParser.ts">
        <metrics statements="84" coveredstatements="83" conditionals="6" coveredconditionals="6" methods="7" coveredmethods="6"/>
        <line num="2" count="5" type="stmt"/>
        <line num="3" count="5" type="stmt"/>
        <line num="4" count="5" type="stmt"/>
        <line num="5" count="5" type="stmt"/>
        <line num="6" count="5" type="stmt"/>
        <line num="7" count="5" type="stmt"/>
        <line num="8" count="5" type="stmt"/>
        <line num="9" count="5" type="stmt"/>
        <line num="10" count="5" type="stmt"/>
        <line num="11" count="5" type="stmt"/>
        <line num="12" count="5" type="stmt"/>
        <line num="13" count="5" type="stmt"/>
        <line num="14" count="5" type="stmt"/>
        <line num="15" count="5" type="stmt"/>
        <line num="16" count="5" type="stmt"/>
        <line num="17" count="5" type="stmt"/>
        <line num="18" count="5" type="stmt"/>
        <line num="19" count="5" type="stmt"/>
        <line num="20" count="5" type="stmt"/>
        <line num="21" count="5" type="stmt"/>
        <line num="22" count="5" type="stmt"/>
        <line num="23" count="5" type="stmt"/>
        <line num="24" count="5" type="stmt"/>
        <line num="25" count="5" type="stmt"/>
        <line num="26" count="5" type="stmt"/>
        <line num="27" count="5" type="stmt"/>
        <line num="28" count="5" type="stmt"/>
        <line num="29" count="5" type="stmt"/>
        <line num="30" count="5" type="stmt"/>
        <line num="31" count="5" type="stmt"/>
        <line num="32" count="5" type="stmt"/>
        <line num="33" count="5" type="stmt"/>
        <line num="34" count="5" type="stmt"/>
        <line num="35" count="5" type="stmt"/>
        <line num="36" count="5" type="stmt"/>
        <line num="37" count="5" type="stmt"/>
        <line num="38" count="5" type="stmt"/>
        <line num="39" count="5" type="stmt"/>
        <line num="40" count="5" type="stmt"/>
        <line num="41" count="5" type="stmt"/>
        <line num="42" count="5" type="stmt"/>
        <line num="43" count="5" type="stmt"/>
        <line num="44" count="5" type="stmt"/>
        <line num="45" count="5" type="stmt"/>
        <line num="46" count="5" type="stmt"/>
        <line num="47" count="5" type="stmt"/>
        <line num="48" count="5" type="stmt"/>
        <line num="49" count="5" type="stmt"/>
        <line num="50" count="5" type="stmt"/>
        <line num="51" count="5" type="stmt"/>
        <line num="52" count="5" type="stmt"/>
        <line num="53" count="5" type="stmt"/>
        <line num="54" count="5" type="stmt"/>
        <line num="55" count="5" type="stmt"/>
        <line num="57" count="5" type="stmt"/>
        <line num="58" count="10" type="cond" truecount="1" falsecount="0"/>
        <line num="63" count="3" type="stmt"/>
        <line num="67" count="1009" type="stmt"/>
        <line num="68" count="1009" type="stmt"/>
        <line num="69" count="1009" type="stmt"/>
        <line num="70" count="1009" type="stmt"/>
        <line num="71" count="1009" type="stmt"/>
        <line num="75" count="1009" type="stmt"/>
        <line num="76" count="1009" type="stmt"/>
        <line num="77" count="1009" type="cond" truecount="2" falsecount="0"/>
        <line num="78" count="1001" type="stmt"/>
        <line num="79" count="1001" type="stmt"/>
        <line num="80" count="1001" type="stmt"/>
        <line num="81" count="1003" type="stmt"/>
        <line num="82" count="1003" type="cond" truecount="2" falsecount="0"/>
        <line num="83" count="1" type="stmt"/>
        <line num="85" count="1003" type="stmt"/>
        <line num="87" count="1001" type="stmt"/>
        <line num="88" count="1001" type="stmt"/>
        <line num="90" count="8" type="stmt"/>
        <line num="94" count="1009" type="stmt"/>
        <line num="99" count="1009" type="stmt"/>
        <line num="100" count="1009" type="stmt"/>
        <line num="101" count="1009" type="stmt"/>
        <line num="102" count="1009" type="stmt"/>
        <line num="103" count="1009" type="stmt"/>
        <line num="104" count="1009" type="stmt"/>
        <line num="143" count="1009" type="stmt"/>
        <line num="154" count="0" type="stmt"/>
      </file>
      <file name="index.ts" path="/Users/tricky_lake/dev/tricky-max/lib/rollun-ts-rql/src/index.ts">
        <metrics statements="35" coveredstatements="35" conditionals="0" coveredconditionals="0" methods="0" coveredmethods="0"/>
        <line num="1" count="5" type="stmt"/>
        <line num="4" count="5" type="stmt"/>
        <line num="5" count="5" type="stmt"/>
        <line num="6" count="5" type="stmt"/>
        <line num="12" count="5" type="stmt"/>
        <line num="13" count="5" type="stmt"/>
        <line num="17" count="5" type="stmt"/>
        <line num="18" count="5" type="stmt"/>
        <line num="22" count="5" type="stmt"/>
        <line num="23" count="5" type="stmt"/>
        <line num="24" count="5" type="stmt"/>
        <line num="25" count="5" type="stmt"/>
        <line num="29" count="5" type="stmt"/>
        <line num="30" count="5" type="stmt"/>
        <line num="31" count="5" type="stmt"/>
        <line num="35" count="5" type="stmt"/>
        <line num="36" count="5" type="stmt"/>
        <line num="37" count="5" type="stmt"/>
        <line num="38" count="5" type="stmt"/>
        <line num="39" count="5" type="stmt"/>
        <line num="40" count="5" type="stmt"/>
        <line num="41" count="5" type="stmt"/>
        <line num="42" count="5" type="stmt"/>
        <line num="43" count="5" type="stmt"/>
        <line num="44" count="5" type="stmt"/>
        <line num="45" count="5" type="stmt"/>
        <line num="49" count="5" type="stmt"/>
        <line num="50" count="5" type="stmt"/>
        <line num="51" count="5" type="stmt"/>
        <line num="52" count="5" type="stmt"/>
        <line num="56" count="5" type="stmt"/>
        <line num="57" count="5" type="stmt"/>
        <line num="58" count="5" type="stmt"/>
        <line num="59" count="5" type="stmt"/>
        <line num="60" count="5" type="stmt"/>
      </file>
    </package>
    <package name="src.nodes">
      <metrics statements="35" coveredstatements="31" conditionals="1" coveredconditionals="0" methods="13" coveredmethods="9"/>
      <file name="AbstractComparisonOperatorNode.ts" path="/Users/tricky_lake/dev/tricky-max/lib/rollun-ts-rql/src/nodes/AbstractComparisonOperatorNode.ts">
        <metrics statements="2" coveredstatements="2" conditionals="0" coveredconditionals="0" methods="0" coveredmethods="0"/>
        <line num="1" count="5" type="stmt"/>
        <line num="3" count="5" type="stmt"/>
      </file>
      <file name="AbstractNode.ts" path="/Users/tricky_lake/dev/tricky-max/lib/rollun-ts-rql/src/nodes/AbstractNode.ts">
        <metrics statements="1" coveredstatements="1" conditionals="0" coveredconditionals="0" methods="0" coveredmethods="0"/>
        <line num="1" count="5" type="stmt"/>
      </file>
      <file name="AbstractQueryNode.ts" path="/Users/tricky_lake/dev/tricky-max/lib/rollun-ts-rql/src/nodes/AbstractQueryNode.ts">
        <metrics statements="2" coveredstatements="2" conditionals="0" coveredconditionals="0" methods="0" coveredmethods="0"/>
        <line num="1" count="5" type="stmt"/>
        <line num="3" count="5" type="stmt"/>
      </file>
      <file name="GroupBy.ts" path="/Users/tricky_lake/dev/tricky-max/lib/rollun-ts-rql/src/nodes/GroupBy.ts">
        <metrics statements="4" coveredstatements="4" conditionals="0" coveredconditionals="0" methods="1" coveredmethods="1"/>
        <line num="1" count="5" type="stmt"/>
        <line num="3" count="5" type="stmt"/>
        <line num="7" count="3" type="stmt"/>
        <line num="8" count="3" type="stmt"/>
      </file>
      <file name="Limit.ts" path="/Users/tricky_lake/dev/tricky-max/lib/rollun-ts-rql/src/nodes/Limit.ts">
        <metrics statements="12" coveredstatements="10" conditionals="1" coveredconditionals="0" methods="6" coveredmethods="4"/>
        <line num="1" count="5" type="stmt"/>
        <line num="3" count="5" type="stmt"/>
        <line num="5" count="2017" type="stmt"/>
        <line num="10" count="2017" type="stmt"/>
        <line num="11" count="2017" type="stmt"/>
        <line num="12" count="2017" type="stmt"/>
        <line num="16" count="101004" type="stmt"/>
        <line num="20" count="0" type="stmt"/>
        <line num="24" count="101004" type="stmt"/>
        <line num="28" count="0" type="stmt"/>
        <line num="32" count="7" type="stmt"/>
        <line num="33" count="7" type="stmt"/>
      </file>
      <file name="Select.ts" path="/Users/tricky_lake/dev/tricky-max/lib/rollun-ts-rql/src/nodes/Select.ts">
        <metrics statements="7" coveredstatements="6" conditionals="0" coveredconditionals="0" methods="3" coveredmethods="2"/>
        <line num="1" count="5" type="stmt"/>
        <line num="4" count="5" type="stmt"/>
        <line num="6" count="2014" type="stmt"/>
        <line num="10" count="2014" type="stmt"/>
        <line num="11" count="2014" type="stmt"/>
        <line num="15" count="101009" type="stmt"/>
        <line num="19" count="0" type="stmt"/>
      </file>
      <file name="Sort.ts" path="/Users/tricky_lake/dev/tricky-max/lib/rollun-ts-rql/src/nodes/Sort.ts">
        <metrics statements="7" coveredstatements="6" conditionals="0" coveredconditionals="0" methods="3" coveredmethods="2"/>
        <line num="1" count="5" type="stmt"/>
        <line num="7" count="5" type="stmt"/>
        <line num="9" count="2007" type="stmt"/>
        <line num="13" count="2007" type="stmt"/>
        <line num="14" count="2007" type="stmt"/>
        <line num="18" count="101002" type="stmt"/>
        <line num="22" count="0" type="stmt"/>
      </file>
    </package>
    <package name="src.nodes.aggregateNodes">
      <metrics statements="10" coveredstatements="10" conditionals="0" coveredconditionals="0" methods="3" coveredmethods="3"/>
      <file name="AggregateFunctionNode.ts" path="/Users/tricky_lake/dev/tricky-max/lib/rollun-ts-rql/src/nodes/aggregateNodes/AggregateFunctionNode.ts">
        <metrics statements="8" coveredstatements="8" conditionals="0" coveredconditionals="0" methods="3" coveredmethods="3"/>
        <line num="1" count="5" type="stmt"/>
        <line num="3" count="5" type="stmt"/>
        <line num="10" count="10" type="stmt"/>
        <line num="11" count="10" type="stmt"/>
        <line num="12" count="10" type="stmt"/>
        <line num="13" count="10" type="stmt"/>
        <line num="17" count="4" type="stmt"/>
        <line num="21" count="4" type="stmt"/>
      </file>
      <file name="AggregateSelect.ts" path="/Users/tricky_lake/dev/tricky-max/lib/rollun-ts-rql/src/nodes/aggregateNodes/AggregateSelect.ts">
        <metrics statements="2" coveredstatements="2" conditionals="0" coveredconditionals="0" methods="0" coveredmethods="0"/>
        <line num="1" count="5" type="stmt"/>
        <line num="3" count="5" type="stmt"/>
      </file>
    </package>
    <package name="src.nodes.arrayNodes">
      <metrics statements="20" coveredstatements="18" conditionals="2" coveredconditionals="1" methods="10" coveredmethods="8"/>
      <file name="AbstractArrayNode.ts" path="/Users/tricky_lake/dev/tricky-max/lib/rollun-ts-rql/src/nodes/arrayNodes/AbstractArrayNode.ts">
        <metrics statements="14" coveredstatements="12" conditionals="2" coveredconditionals="1" methods="8" coveredmethods="6"/>
        <line num="1" count="5" type="stmt"/>
        <line num="3" count="5" type="stmt"/>
        <line num="9" count="32" type="stmt"/>
        <line num="10" count="32" type="stmt"/>
        <line num="11" count="32" type="stmt"/>
        <line num="15" count="2" type="stmt"/>
        <line num="19" count="0" type="stmt"/>
        <line num="23" count="2" type="stmt"/>
        <line num="27" count="0" type="stmt"/>
        <line num="31" count="1" type="stmt"/>
        <line num="35" count="1" type="cond" truecount="1" falsecount="1"/>
        <line num="36" count="1" type="stmt"/>
        <line num="37" count="1" type="stmt"/>
        <line num="41" count="1" type="stmt"/>
      </file>
      <file name="In.ts" path="/Users/tricky_lake/dev/tricky-max/lib/rollun-ts-rql/src/nodes/arrayNodes/In.ts">
        <metrics statements="3" coveredstatements="3" conditionals="0" coveredconditionals="0" methods="1" coveredmethods="1"/>
        <line num="1" count="5" type="stmt"/>
        <line num="3" count="5" type="stmt"/>
        <line num="4" count="25" type="stmt"/>
      </file>
      <file name="Out.ts" path="/Users/tricky_lake/dev/tricky-max/lib/rollun-ts-rql/src/nodes/arrayNodes/Out.ts">
        <metrics statements="3" coveredstatements="3" conditionals="0" coveredconditionals="0" methods="1" coveredmethods="1"/>
        <line num="1" count="5" type="stmt"/>
        <line num="3" count="5" type="stmt"/>
        <line num="4" count="7" type="stmt"/>
      </file>
    </package>
    <package name="src.nodes.binaryNodes">
      <metrics statements="16" coveredstatements="16" conditionals="0" coveredconditionals="0" methods="5" coveredmethods="5"/>
      <file name="AbstractBinaryNode.ts" path="/Users/tricky_lake/dev/tricky-max/lib/rollun-ts-rql/src/nodes/binaryNodes/AbstractBinaryNode.ts">
        <metrics statements="4" coveredstatements="4" conditionals="0" coveredconditionals="0" methods="1" coveredmethods="1"/>
        <line num="1" count="5" type="stmt"/>
        <line num="3" count="5" type="stmt"/>
        <line num="5" count="21" type="stmt"/>
        <line num="6" count="21" type="stmt"/>
      </file>
      <file name="Eqf.ts" path="/Users/tricky_lake/dev/tricky-max/lib/rollun-ts-rql/src/nodes/binaryNodes/Eqf.ts">
        <metrics statements="3" coveredstatements="3" conditionals="0" coveredconditionals="0" methods="1" coveredmethods="1"/>
        <line num="1" count="5" type="stmt"/>
        <line num="3" count="5" type="stmt"/>
        <line num="4" count="5" type="stmt"/>
      </file>
      <file name="Eqn.ts" path="/Users/tricky_lake/dev/tricky-max/lib/rollun-ts-rql/src/nodes/binaryNodes/Eqn.ts">
        <metrics statements="3" coveredstatements="3" conditionals="0" coveredconditionals="0" methods="1" coveredmethods="1"/>
        <line num="1" count="5" type="stmt"/>
        <line num="3" count="5" type="stmt"/>
        <line num="4" count="6" type="stmt"/>
      </file>
      <file name="Eqt.ts" path="/Users/tricky_lake/dev/tricky-max/lib/rollun-ts-rql/src/nodes/binaryNodes/Eqt.ts">
        <metrics statements="3" coveredstatements="3" conditionals="0" coveredconditionals="0" methods="1" coveredmethods="1"/>
        <line num="1" count="5" type="stmt"/>
        <line num="3" count="5" type="stmt"/>
        <line num="4" count="5" type="stmt"/>
      </file>
      <file name="Ie.ts" path="/Users/tricky_lake/dev/tricky-max/lib/rollun-ts-rql/src/nodes/binaryNodes/Ie.ts">
        <metrics statements="3" coveredstatements="3" conditionals="0" coveredconditionals="0" methods="1" coveredmethods="1"/>
        <line num="1" count="5" type="stmt"/>
        <line num="3" count="5" type="stmt"/>
        <line num="4" count="5" type="stmt"/>
      </file>
    </package>
    <package name="src.nodes.logicalNodes">
      <metrics statements="21" coveredstatements="20" conditionals="4" coveredconditionals="3" methods="9" coveredmethods="8"/>
      <file name="AbstractLogicalNode.ts" path="/Users/tricky_lake/dev/tricky-max/lib/rollun-ts-rql/src/nodes/logicalNodes/AbstractLogicalNode.ts">
        <metrics statements="12" coveredstatements="11" conditionals="4" coveredconditionals="3" methods="6" coveredmethods="5"/>
        <line num="1" count="5" type="stmt"/>
        <line num="3" count="5" type="stmt"/>
        <line num="7" count="80" type="stmt"/>
        <line num="8" count="80" type="cond" truecount="2" falsecount="0"/>
        <line num="12" count="16" type="stmt"/>
        <line num="16" count="0" type="stmt"/>
        <line num="20" count="88" type="stmt"/>
        <line num="24" count="89" type="cond" truecount="1" falsecount="1"/>
        <line num="25" count="89" type="stmt"/>
        <line num="26" count="89" type="stmt"/>
        <line num="30" count="1" type="stmt"/>
        <line num="31" count="1" type="stmt"/>
      </file>
      <file name="And.ts" path="/Users/tricky_lake/dev/tricky-max/lib/rollun-ts-rql/src/nodes/logicalNodes/And.ts">
        <metrics statements="3" coveredstatements="3" conditionals="0" coveredconditionals="0" methods="1" coveredmethods="1"/>
        <line num="1" count="5" type="stmt"/>
        <line num="3" count="5" type="stmt"/>
        <line num="4" count="46" type="stmt"/>
      </file>
      <file name="Not.ts" path="/Users/tricky_lake/dev/tricky-max/lib/rollun-ts-rql/src/nodes/logicalNodes/Not.ts">
        <metrics statements="3" coveredstatements="3" conditionals="0" coveredconditionals="0" methods="1" coveredmethods="1"/>
        <line num="1" count="5" type="stmt"/>
        <line num="3" count="5" type="stmt"/>
        <line num="4" count="5" type="stmt"/>
      </file>
      <file name="Or.ts" path="/Users/tricky_lake/dev/tricky-max/lib/rollun-ts-rql/src/nodes/logicalNodes/Or.ts">
        <metrics statements="3" coveredstatements="3" conditionals="0" coveredconditionals="0" methods="1" coveredmethods="1"/>
        <line num="1" count="5" type="stmt"/>
        <line num="3" count="5" type="stmt"/>
        <line num="4" count="29" type="stmt"/>
      </file>
    </package>
    <package name="src.nodes.scalarNodes">
      <metrics statements="46" coveredstatements="41" conditionals="6" coveredconditionals="4" methods="16" coveredmethods="12"/>
      <file name="AbstractScalarNode.ts" path="/Users/tricky_lake/dev/tricky-max/lib/rollun-ts-rql/src/nodes/scalarNodes/AbstractScalarNode.ts">
        <metrics statements="9" coveredstatements="7" conditionals="2" coveredconditionals="2" methods="5" coveredmethods="3"/>
        <line num="1" count="5" type="stmt"/>
        <line num="3" count="5" type="stmt"/>
        <line num="8" count="2233" type="stmt"/>
        <line num="9" count="2233" type="stmt"/>
        <line num="10" count="2233" type="stmt"/>
        <line num="14" count="101039" type="stmt"/>
        <line num="18" count="0" type="stmt"/>
        <line num="22" count="202078" type="cond" truecount="2" falsecount="0"/>
        <line num="26" count="0" type="stmt"/>
      </file>
      <file name="Alike.ts" path="/Users/tricky_lake/dev/tricky-max/lib/rollun-ts-rql/src/nodes/scalarNodes/Alike.ts">
        <metrics statements="3" coveredstatements="3" conditionals="0" coveredconditionals="0" methods="1" coveredmethods="1"/>
        <line num="1" count="5" type="stmt"/>
        <line num="3" count="5" type="stmt"/>
        <line num="4" count="11" type="stmt"/>
      </file>
      <file name="AlikeGlob.ts" path="/Users/tricky_lake/dev/tricky-max/lib/rollun-ts-rql/src/nodes/scalarNodes/AlikeGlob.ts">
        <metrics statements="5" coveredstatements="5" conditionals="2" coveredconditionals="2" methods="1" coveredmethods="1"/>
        <line num="1" count="5" type="stmt"/>
        <line num="2" count="5" type="stmt"/>
        <line num="4" count="5" type="stmt"/>
        <line num="6" count="10" type="cond" truecount="2" falsecount="0"/>
        <line num="7" count="10" type="stmt"/>
      </file>
      <file name="Contains.ts" path="/Users/tricky_lake/dev/tricky-max/lib/rollun-ts-rql/src/nodes/scalarNodes/Contains.ts">
        <metrics statements="3" coveredstatements="2" conditionals="0" coveredconditionals="0" methods="1" coveredmethods="0"/>
        <line num="1" count="5" type="stmt"/>
        <line num="3" count="5" type="stmt"/>
        <line num="4" count="0" type="stmt"/>
      </file>
      <file name="Eq.ts" path="/Users/tricky_lake/dev/tricky-max/lib/rollun-ts-rql/src/nodes/scalarNodes/Eq.ts">
        <metrics statements="3" coveredstatements="3" conditionals="0" coveredconditionals="0" methods="1" coveredmethods="1"/>
        <line num="1" count="5" type="stmt"/>
        <line num="3" count="5" type="stmt"/>
        <line num="4" count="2096" type="stmt"/>
      </file>
      <file name="Ge.ts" path="/Users/tricky_lake/dev/tricky-max/lib/rollun-ts-rql/src/nodes/scalarNodes/Ge.ts">
        <metrics statements="3" coveredstatements="3" conditionals="0" coveredconditionals="0" methods="1" coveredmethods="1"/>
        <line num="1" count="5" type="stmt"/>
        <line num="3" count="5" type="stmt"/>
        <line num="4" count="13" type="stmt"/>
      </file>
      <file name="Gt.ts" path="/Users/tricky_lake/dev/tricky-max/lib/rollun-ts-rql/src/nodes/scalarNodes/Gt.ts">
        <metrics statements="3" coveredstatements="3" conditionals="0" coveredconditionals="0" methods="1" coveredmethods="1"/>
        <line num="1" count="5" type="stmt"/>
        <line num="3" count="5" type="stmt"/>
        <line num="4" count="15" type="stmt"/>
      </file>
      <file name="Le.ts" path="/Users/tricky_lake/dev/tricky-max/lib/rollun-ts-rql/src/nodes/scalarNodes/Le.ts">
        <metrics statements="3" coveredstatements="3" conditionals="0" coveredconditionals="0" methods="1" coveredmethods="1"/>
        <line num="1" count="5" type="stmt"/>
        <line num="3" count="5" type="stmt"/>
        <line num="4" count="13" type="stmt"/>
      </file>
      <file name="Like.ts" path="/Users/tricky_lake/dev/tricky-max/lib/rollun-ts-rql/src/nodes/scalarNodes/Like.ts">
        <metrics statements="3" coveredstatements="3" conditionals="0" coveredconditionals="0" methods="1" coveredmethods="1"/>
        <line num="1" count="5" type="stmt"/>
        <line num="3" count="5" type="stmt"/>
        <line num="4" count="37" type="stmt"/>
      </file>
      <file name="LikeGlob.ts" path="/Users/tricky_lake/dev/tricky-max/lib/rollun-ts-rql/src/nodes/scalarNodes/LikeGlob.ts">
        <metrics statements="5" coveredstatements="3" conditionals="2" coveredconditionals="0" methods="1" coveredmethods="0"/>
        <line num="1" count="5" type="stmt"/>
        <line num="2" count="5" type="stmt"/>
        <line num="4" count="5" type="stmt"/>
        <line num="6" count="0" type="cond" truecount="0" falsecount="2"/>
        <line num="7" count="0" type="stmt"/>
      </file>
      <file name="Lt.ts" path="/Users/tricky_lake/dev/tricky-max/lib/rollun-ts-rql/src/nodes/scalarNodes/Lt.ts">
        <metrics statements="3" coveredstatements="3" conditionals="0" coveredconditionals="0" methods="1" coveredmethods="1"/>
        <line num="1" count="5" type="stmt"/>
        <line num="3" count="5" type="stmt"/>
        <line num="4" count="17" type="stmt"/>
      </file>
      <file name="Ne.ts" path="/Users/tricky_lake/dev/tricky-max/lib/rollun-ts-rql/src/nodes/scalarNodes/Ne.ts">
        <metrics statements="3" coveredstatements="3" conditionals="0" coveredconditionals="0" methods="1" coveredmethods="1"/>
        <line num="1" count="5" type="stmt"/>
        <line num="3" count="5" type="stmt"/>
        <line num="4" count="31" type="stmt"/>
      </file>
    </package>
    <package name="src.parser">
      <metrics statements="185" coveredstatements="156" conditionals="40" coveredconditionals="28" methods="42" coveredmethods="25"/>
      <file name="Glob.ts" path="/Users/tricky_lake/dev/tricky-max/lib/rollun-ts-rql/src/parser/Glob.ts">
        <metrics statements="18" coveredstatements="4" conditionals="4" coveredconditionals="0" methods="11" coveredmethods="2"/>
        <line num="1" count="6" type="stmt"/>
        <line num="3" count="6" type="stmt"/>
        <line num="7" count="24" type="stmt"/>
        <line num="14" count="26" type="stmt"/>
        <line num="18" count="0" type="stmt"/>
        <line num="22" count="0" type="stmt"/>
        <line num="23" count="0" type="cond" truecount="0" falsecount="2"/>
        <line num="24" count="0" type="stmt"/>
        <line num="27" count="0" type="cond" truecount="0" falsecount="2"/>
        <line num="28" count="0" type="stmt"/>
        <line num="30" count="0" type="stmt"/>
        <line num="35" count="0" type="stmt"/>
        <line num="36" count="0" type="stmt"/>
        <line num="46" count="0" type="stmt"/>
        <line num="50" count="0" type="stmt"/>
        <line num="53" count="0" type="stmt"/>
        <line num="57" count="0" type="stmt"/>
        <line num="61" count="0" type="stmt"/>
      </file>
      <file name="Lexer.ts" path="/Users/tricky_lake/dev/tricky-max/lib/rollun-ts-rql/src/parser/Lexer.ts">
        <metrics statements="30" coveredstatements="26" conditionals="4" coveredconditionals="2" methods="5" coveredmethods="3"/>
        <line num="2" count="6" type="stmt"/>
        <line num="3" count="6" type="stmt"/>
        <line num="4" count="6" type="stmt"/>
        <line num="5" count="6" type="stmt"/>
        <line num="6" count="6" type="stmt"/>
        <line num="7" count="6" type="stmt"/>
        <line num="8" count="6" type="stmt"/>
        <line num="9" count="6" type="stmt"/>
        <line num="10" count="6" type="stmt"/>
        <line num="11" count="6" type="stmt"/>
        <line num="12" count="6" type="stmt"/>
        <line num="13" count="6" type="stmt"/>
        <line num="14" count="6" type="stmt"/>
        <line num="16" count="6" type="stmt"/>
        <line num="21" count="1048" type="stmt"/>
        <line num="27" count="0" type="stmt"/>
        <line num="28" count="0" type="stmt"/>
        <line num="32" count="0" type="stmt"/>
        <line num="36" count="1048" type="stmt"/>
        <line num="50" count="1048" type="stmt"/>
        <line num="51" count="1048" type="stmt"/>
        <line num="52" count="1048" type="stmt"/>
        <line num="53" count="1048" type="stmt"/>
        <line num="54" count="33524" type="stmt"/>
        <line num="55" count="33524" type="cond" truecount="1" falsecount="1"/>
        <line num="56" count="0" type="stmt"/>
        <line num="60" count="33524" type="stmt"/>
        <line num="61" count="33524" type="stmt"/>
        <line num="63" count="1048" type="stmt"/>
        <line num="64" count="1048" type="stmt"/>
      </file>
      <file name="NodeParserChain.ts" path="/Users/tricky_lake/dev/tricky-max/lib/rollun-ts-rql/src/parser/NodeParserChain.ts">
        <metrics statements="12" coveredstatements="11" conditionals="4" coveredconditionals="4" methods="4" coveredmethods="4"/>
        <line num="5" count="5" type="stmt"/>
        <line num="6" count="2062" type="stmt"/>
        <line num="9" count="44069" type="stmt"/>
        <line num="10" count="44069" type="stmt"/>
        <line num="14" count="5228" type="stmt"/>
        <line num="15" count="18488" type="cond" truecount="2" falsecount="0"/>
        <line num="16" count="5228" type="stmt"/>
        <line num="19" count="0" type="stmt"/>
        <line num="25" count="4093" type="stmt"/>
        <line num="26" count="122194" type="cond" truecount="2" falsecount="0"/>
        <line num="27" count="1083" type="stmt"/>
        <line num="30" count="3010" type="stmt"/>
      </file>
      <file name="Parser.ts" path="/Users/tricky_lake/dev/tricky-max/lib/rollun-ts-rql/src/parser/Parser.ts">
        <metrics statements="62" coveredstatements="59" conditionals="3" coveredconditionals="3" methods="6" coveredmethods="4"/>
        <line num="2" count="5" type="stmt"/>
        <line num="3" count="5" type="stmt"/>
        <line num="4" count="5" type="stmt"/>
        <line num="5" count="5" type="stmt"/>
        <line num="6" count="5" type="stmt"/>
        <line num="7" count="5" type="stmt"/>
        <line num="8" count="5" type="stmt"/>
        <line num="9" count="5" type="stmt"/>
        <line num="10" count="5" type="stmt"/>
        <line num="11" count="5" type="stmt"/>
        <line num="12" count="5" type="stmt"/>
        <line num="13" count="5" type="stmt"/>
        <line num="14" count="5" type="stmt"/>
        <line num="15" count="5" type="stmt"/>
        <line num="16" count="5" type="stmt"/>
        <line num="17" count="5" type="stmt"/>
        <line num="18" count="5" type="stmt"/>
        <line num="20" count="5" type="stmt"/>
        <line num="21" count="5" type="stmt"/>
        <line num="22" count="5" type="stmt"/>
        <line num="23" count="5" type="stmt"/>
        <line num="24" count="5" type="stmt"/>
        <line num="25" count="5" type="stmt"/>
        <line num="26" count="5" type="stmt"/>
        <line num="27" count="5" type="stmt"/>
        <line num="28" count="5" type="stmt"/>
        <line num="29" count="5" type="stmt"/>
        <line num="30" count="5" type="stmt"/>
        <line num="31" count="5" type="stmt"/>
        <line num="32" count="5" type="stmt"/>
        <line num="33" count="5" type="stmt"/>
        <line num="34" count="5" type="stmt"/>
        <line num="35" count="5" type="stmt"/>
        <line num="36" count="5" type="stmt"/>
        <line num="37" count="5" type="stmt"/>
        <line num="38" count="5" type="stmt"/>
        <line num="40" count="5" type="stmt"/>
        <line num="41" count="5" type="stmt"/>
        <line num="42" count="5" type="stmt"/>
        <line num="43" count="5" type="stmt"/>
        <line num="44" count="5" type="stmt"/>
        <line num="45" count="5" type="stmt"/>
        <line num="46" count="5" type="stmt"/>
        <line num="48" count="5" type="stmt"/>
        <line num="53" count="1031" type="cond" truecount="2" falsecount="0"/>
        <line num="57" count="0" type="stmt"/>
        <line num="58" count="0" type="stmt"/>
        <line num="62" count="0" type="stmt"/>
        <line num="66" count="22" type="stmt"/>
        <line num="71" count="22" type="stmt"/>
        <line num="72" count="22" type="stmt"/>
        <line num="73" count="22" type="stmt"/>
        <line num="74" count="22" type="stmt"/>
        <line num="75" count="22" type="stmt"/>
        <line num="76" count="22" type="stmt"/>
        <line num="103" count="22" type="stmt"/>
        <line num="112" count="1031" type="stmt"/>
        <line num="113" count="1031" type="stmt"/>
        <line num="114" count="4093" type="stmt"/>
        <line num="115" count="4093" type="stmt"/>
        <line num="117" count="1031" type="stmt"/>
        <line num="121" count="1031" type="stmt"/>
      </file>
      <file name="Token.ts" path="/Users/tricky_lake/dev/tricky-max/lib/rollun-ts-rql/src/parser/Token.ts">
        <metrics statements="35" coveredstatements="34" conditionals="10" coveredconditionals="10" methods="5" coveredmethods="4"/>
        <line num="1" count="6" type="cond" truecount="2" falsecount="0"/>
        <line num="2" count="6" type="stmt"/>
        <line num="3" count="6" type="stmt"/>
        <line num="4" count="6" type="stmt"/>
        <line num="5" count="6" type="stmt"/>
        <line num="6" count="6" type="stmt"/>
        <line num="7" count="6" type="stmt"/>
        <line num="8" count="6" type="stmt"/>
        <line num="9" count="6" type="stmt"/>
        <line num="10" count="6" type="stmt"/>
        <line num="11" count="6" type="stmt"/>
        <line num="12" count="6" type="stmt"/>
        <line num="13" count="6" type="stmt"/>
        <line num="14" count="6" type="stmt"/>
        <line num="15" count="6" type="stmt"/>
        <line num="16" count="6" type="stmt"/>
        <line num="17" count="6" type="stmt"/>
        <line num="18" count="6" type="stmt"/>
        <line num="19" count="6" type="stmt"/>
        <line num="20" count="6" type="stmt"/>
        <line num="21" count="6" type="stmt"/>
        <line num="24" count="6" type="stmt"/>
        <line num="31" count="34572" type="stmt"/>
        <line num="32" count="34572" type="stmt"/>
        <line num="33" count="34572" type="stmt"/>
        <line num="34" count="34572" type="stmt"/>
        <line num="38" count="182539" type="stmt"/>
        <line num="41" count="182539" type="stmt"/>
        <line num="44" count="182539" type="cond" truecount="2" falsecount="0"/>
        <line num="45" count="58668" type="stmt"/>
        <line num="47" count="123871" type="cond" truecount="2" falsecount="0"/>
        <line num="48" count="95819" type="stmt"/>
        <line num="50" count="28052" type="stmt"/>
        <line num="54" count="39114" type="stmt"/>
        <line num="58" count="0" type="stmt"/>
      </file>
      <file name="TokenStream.ts" path="/Users/tricky_lake/dev/tricky-max/lib/rollun-ts-rql/src/parser/TokenStream.ts">
        <metrics statements="28" coveredstatements="22" conditionals="15" coveredconditionals="9" methods="11" coveredmethods="8"/>
        <line num="1" count="6" type="stmt"/>
        <line num="3" count="6" type="stmt"/>
        <line num="8" count="1048" type="stmt"/>
        <line num="9" count="1048" type="stmt"/>
        <line num="13" count="0" type="stmt"/>
        <line num="17" count="39312" type="stmt"/>
        <line num="21" count="33705" type="stmt"/>
        <line num="22" count="33705" type="cond" truecount="1" falsecount="1"/>
        <line num="23" count="33705" type="stmt"/>
        <line num="25" count="0" type="stmt"/>
        <line num="30" count="15359" type="cond" truecount="2" falsecount="0"/>
        <line num="31" count="8184" type="stmt"/>
        <line num="33" count="7175" type="stmt"/>
        <line num="38" count="175851" type="stmt"/>
        <line num="42" count="0" type="cond" truecount="0" falsecount="2"/>
        <line num="43" count="0" type="stmt"/>
        <line num="45" count="0" type="stmt"/>
        <line num="50" count="63002" type="stmt"/>
        <line num="53" count="63002" type="stmt"/>
        <line num="56" count="63002" type="stmt"/>
        <line num="57" count="63002" type="cond" truecount="2" falsecount="0"/>
        <line num="58" count="39114" type="stmt"/>
        <line num="59" count="0" type="cond" truecount="1" falsecount="1"/>
        <line num="61" count="39114" type="stmt"/>
        <line num="64" count="23888" type="stmt"/>
        <line num="65" count="23888" type="stmt"/>
        <line num="69" count="63508" type="stmt"/>
        <line num="73" count="5124" type="stmt"/>
      </file>
    </package>
    <package name="src.parser.nodeParsers">
      <metrics statements="58" coveredstatements="58" conditionals="10" coveredconditionals="9" methods="11" coveredmethods="11"/>
      <file name="GroupbyNodeParser.ts" path="/Users/tricky_lake/dev/tricky-max/lib/rollun-ts-rql/src/parser/nodeParsers/GroupbyNodeParser.ts">
        <metrics statements="13" coveredstatements="13" conditionals="2" coveredconditionals="2" methods="2" coveredmethods="2"/>
        <line num="3" count="5" type="stmt"/>
        <line num="4" count="5" type="stmt"/>
        <line num="6" count="5" type="stmt"/>
        <line num="8" count="1" type="stmt"/>
        <line num="9" count="1" type="stmt"/>
        <line num="10" count="1" type="stmt"/>
        <line num="11" count="1" type="stmt"/>
        <line num="12" count="2" type="stmt"/>
        <line num="13" count="2" type="cond" truecount="2" falsecount="0"/>
        <line num="14" count="1" type="stmt"/>
        <line num="17" count="1" type="stmt"/>
        <line num="18" count="1" type="stmt"/>
        <line num="22" count="1" type="stmt"/>
      </file>
      <file name="LimitNodeParser.ts" path="/Users/tricky_lake/dev/tricky-max/lib/rollun-ts-rql/src/parser/nodeParsers/LimitNodeParser.ts">
        <metrics statements="14" coveredstatements="14" conditionals="2" coveredconditionals="1" methods="3" coveredmethods="3"/>
        <line num="3" count="5" type="stmt"/>
        <line num="4" count="5" type="stmt"/>
        <line num="6" count="5" type="stmt"/>
        <line num="11" count="1031" type="stmt"/>
        <line num="15" count="1005" type="stmt"/>
        <line num="16" count="1005" type="stmt"/>
        <line num="17" count="1005" type="stmt"/>
        <line num="18" count="1005" type="stmt"/>
        <line num="19" count="1005" type="stmt"/>
        <line num="20" count="1005" type="cond" truecount="1" falsecount="1"/>
        <line num="21" count="1005" type="stmt"/>
        <line num="23" count="1005" type="stmt"/>
        <line num="24" count="1005" type="stmt"/>
        <line num="28" count="1006" type="stmt"/>
      </file>
      <file name="QueryNodeParser.ts" path="/Users/tricky_lake/dev/tricky-max/lib/rollun-ts-rql/src/parser/nodeParsers/QueryNodeParser.ts">
        <metrics statements="2" coveredstatements="2" conditionals="0" coveredconditionals="0" methods="0" coveredmethods="0"/>
        <line num="1" count="5" type="stmt"/>
        <line num="3" count="5" type="stmt"/>
      </file>
      <file name="SelectNodeParser.ts" path="/Users/tricky_lake/dev/tricky-max/lib/rollun-ts-rql/src/parser/nodeParsers/SelectNodeParser.ts">
        <metrics statements="14" coveredstatements="14" conditionals="2" coveredconditionals="2" methods="3" coveredmethods="3"/>
        <line num="3" count="5" type="stmt"/>
        <line num="4" count="5" type="stmt"/>
        <line num="6" count="5" type="stmt"/>
        <line num="11" count="22" type="stmt"/>
        <line num="15" count="1" type="stmt"/>
        <line num="16" count="1" type="stmt"/>
        <line num="17" count="1" type="stmt"/>
        <line num="18" count="1" type="stmt"/>
        <line num="19" count="3" type="stmt"/>
        <line num="20" count="3" type="cond" truecount="2" falsecount="0"/>
        <line num="21" count="1" type="stmt"/>
        <line num="24" count="1" type="stmt"/>
        <line num="25" count="1" type="stmt"/>
        <line num="29" count="4" type="stmt"/>
      </file>
      <file name="SortNodeParser.ts" path="/Users/tricky_lake/dev/tricky-max/lib/rollun-ts-rql/src/parser/nodeParsers/SortNodeParser.ts">
        <metrics statements="15" coveredstatements="15" conditionals="4" coveredconditionals="4" methods="3" coveredmethods="3"/>
        <line num="1" count="5" type="stmt"/>
        <line num="4" count="5" type="stmt"/>
        <line num="6" count="5" type="stmt"/>
        <line num="11" count="1031" type="stmt"/>
        <line num="15" count="1002" type="stmt"/>
        <line num="16" count="1002" type="stmt"/>
        <line num="17" count="1002" type="stmt"/>
        <line num="18" count="1002" type="stmt"/>
        <line num="19" count="1005" type="stmt"/>
        <line num="20" count="1005" type="stmt"/>
        <line num="23" count="1005" type="cond" truecount="2" falsecount="0"/>
        <line num="24" count="1002" type="stmt"/>
        <line num="27" count="1002" type="stmt"/>
        <line num="28" count="1002" type="stmt"/>
        <line num="32" count="2008" type="stmt"/>
      </file>
    </package>
    <package name="src.parser.nodeParsers.query">
      <metrics statements="48" coveredstatements="46" conditionals="20" coveredconditionals="17" methods="6" coveredmethods="6"/>
      <file name="AggregateSelectNodeParser.ts" path="/Users/tricky_lake/dev/tricky-max/lib/rollun-ts-rql/src/parser/nodeParsers/query/AggregateSelectNodeParser.ts">
        <metrics statements="20" coveredstatements="20" conditionals="4" coveredconditionals="4" methods="3" coveredmethods="3"/>
        <line num="2" count="5" type="stmt"/>
        <line num="4" count="5" type="stmt"/>
        <line num="5" count="5" type="stmt"/>
        <line num="7" count="5" type="stmt"/>
        <line num="11" count="1009" type="stmt"/>
        <line num="15" count="1001" type="stmt"/>
        <line num="16" count="1001" type="stmt"/>
        <line num="17" count="1001" type="stmt"/>
        <line num="18" count="1001" type="stmt"/>
        <line num="19" count="4004" type="stmt"/>
        <line num="20" count="4004" type="cond" truecount="2" falsecount="0"/>
        <line num="21" count="3" type="stmt"/>
        <line num="22" count="3" type="stmt"/>
        <line num="26" count="3" type="stmt"/>
        <line num="28" count="4001" type="stmt"/>
        <line num="30" count="4004" type="cond" truecount="2" falsecount="0"/>
        <line num="31" count="1001" type="stmt"/>
        <line num="34" count="1001" type="stmt"/>
        <line num="35" count="1001" type="stmt"/>
        <line num="39" count="3006" type="stmt"/>
      </file>
      <file name="GroupNodeParser.ts" path="/Users/tricky_lake/dev/tricky-max/lib/rollun-ts-rql/src/parser/nodeParsers/query/GroupNodeParser.ts">
        <metrics statements="28" coveredstatements="26" conditionals="16" coveredconditionals="13" methods="3" coveredmethods="3"/>
        <line num="2" count="5" type="stmt"/>
        <line num="4" count="5" type="stmt"/>
        <line num="5" count="5" type="stmt"/>
        <line num="7" count="5" type="stmt"/>
        <line num="12" count="1031" type="stmt"/>
        <line num="16" count="6" type="stmt"/>
        <line num="17" count="6" type="stmt"/>
        <line num="18" count="6" type="stmt"/>
        <line num="19" count="6" type="stmt"/>
        <line num="20" count="14" type="stmt"/>
        <line num="21" count="14" type="cond" truecount="2" falsecount="0"/>
        <line num="22" count="2" type="cond" truecount="1" falsecount="1"/>
        <line num="23" count="2" type="stmt"/>
        <line num="25" count="2" type="cond" truecount="1" falsecount="1"/>
        <line num="26" count="0" type="stmt"/>
        <line num="29" count="12" type="cond" truecount="2" falsecount="0"/>
        <line num="30" count="6" type="cond" truecount="2" falsecount="0"/>
        <line num="31" count="3" type="stmt"/>
        <line num="33" count="6" type="cond" truecount="1" falsecount="1"/>
        <line num="34" count="0" type="stmt"/>
        <line num="37" count="6" type="stmt"/>
        <line num="41" count="6" type="stmt"/>
        <line num="42" count="6" type="cond" truecount="2" falsecount="0"/>
        <line num="43" count="3" type="stmt"/>
        <line num="45" count="3" type="cond" truecount="2" falsecount="0"/>
        <line num="46" count="2" type="stmt"/>
        <line num="48" count="1" type="stmt"/>
        <line num="53" count="5228" type="stmt"/>
      </file>
    </package>
    <package name="src.parser.nodeParsers.query.binaryOperator.fiql">
      <metrics statements="35" coveredstatements="22" conditionals="0" coveredconditionals="0" methods="13" coveredmethods="4"/>
      <file name="AbstractFiqlBinaryNodeParser.ts" path="/Users/tricky_lake/dev/tricky-max/lib/rollun-ts-rql/src/parser/nodeParsers/query/binaryOperator/fiql/AbstractFiqlBinaryNodeParser.ts">
        <metrics statements="7" coveredstatements="2" conditionals="0" coveredconditionals="0" methods="1" coveredmethods="0"/>
        <line num="1" count="5" type="stmt"/>
        <line num="5" count="5" type="stmt"/>
        <line num="10" count="0" type="stmt"/>
        <line num="11" count="0" type="stmt"/>
        <line num="12" count="0" type="stmt"/>
        <line num="13" count="0" type="stmt"/>
        <line num="14" count="0" type="stmt"/>
      </file>
      <file name="FiqlEqfNodeParser.ts" path="/Users/tricky_lake/dev/tricky-max/lib/rollun-ts-rql/src/parser/nodeParsers/query/binaryOperator/fiql/FiqlEqfNodeParser.ts">
        <metrics statements="7" coveredstatements="5" conditionals="0" coveredconditionals="0" methods="3" coveredmethods="1"/>
        <line num="1" count="5" type="stmt"/>
        <line num="2" count="5" type="stmt"/>
        <line num="4" count="5" type="stmt"/>
        <line num="6" count="5" type="stmt"/>
        <line num="9" count="0" type="stmt"/>
        <line num="13" count="0" type="stmt"/>
        <line num="17" count="3006" type="stmt"/>
      </file>
      <file name="FiqlEqnNodeParser.ts" path="/Users/tricky_lake/dev/tricky-max/lib/rollun-ts-rql/src/parser/nodeParsers/query/binaryOperator/fiql/FiqlEqnNodeParser.ts">
        <metrics statements="7" coveredstatements="5" conditionals="0" coveredconditionals="0" methods="3" coveredmethods="1"/>
        <line num="1" count="5" type="stmt"/>
        <line num="2" count="5" type="stmt"/>
        <line num="4" count="5" type="stmt"/>
        <line num="6" count="5" type="stmt"/>
        <line num="8" count="0" type="stmt"/>
        <line num="12" count="0" type="stmt"/>
        <line num="16" count="3006" type="stmt"/>
      </file>
      <file name="FiqlEqtNodeParser.ts" path="/Users/tricky_lake/dev/tricky-max/lib/rollun-ts-rql/src/parser/nodeParsers/query/binaryOperator/fiql/FiqlEqtNodeParser.ts">
        <metrics statements="7" coveredstatements="5" conditionals="0" coveredconditionals="0" methods="3" coveredmethods="1"/>
        <line num="1" count="5" type="stmt"/>
        <line num="2" count="5" type="stmt"/>
        <line num="4" count="5" type="stmt"/>
        <line num="6" count="5" type="stmt"/>
        <line num="8" count="0" type="stmt"/>
        <line num="12" count="0" type="stmt"/>
        <line num="16" count="3006" type="stmt"/>
      </file>
      <file name="FiqlIeNodeParser.ts" path="/Users/tricky_lake/dev/tricky-max/lib/rollun-ts-rql/src/parser/nodeParsers/query/binaryOperator/fiql/FiqlIeNodeParser.ts">
        <metrics statements="7" coveredstatements="5" conditionals="0" coveredconditionals="0" methods="3" coveredmethods="1"/>
        <line num="1" count="5" type="stmt"/>
        <line num="2" count="5" type="stmt"/>
        <line num="4" count="5" type="stmt"/>
        <line num="6" count="5" type="stmt"/>
        <line num="8" count="0" type="stmt"/>
        <line num="12" count="0" type="stmt"/>
        <line num="16" count="3006" type="stmt"/>
      </file>
    </package>
    <package name="src.parser.nodeParsers.query.binaryOperator.rql">
      <metrics statements="35" coveredstatements="35" conditionals="0" coveredconditionals="0" methods="13" coveredmethods="13"/>
      <file name="AbstractBinaryNodeParser.ts" path="/Users/tricky_lake/dev/tricky-max/lib/rollun-ts-rql/src/parser/nodeParsers/query/binaryOperator/rql/AbstractBinaryNodeParser.ts">
        <metrics statements="7" coveredstatements="7" conditionals="0" coveredconditionals="0" methods="1" coveredmethods="1"/>
        <line num="1" count="5" type="stmt"/>
        <line num="5" count="5" type="stmt"/>
        <line num="10" count="8" type="stmt"/>
        <line num="11" count="8" type="stmt"/>
        <line num="12" count="8" type="stmt"/>
        <line num="13" count="8" type="stmt"/>
        <line num="14" count="8" type="stmt"/>
      </file>
      <file name="EqfNodeParser.ts" path="/Users/tricky_lake/dev/tricky-max/lib/rollun-ts-rql/src/parser/nodeParsers/query/binaryOperator/rql/EqfNodeParser.ts">
        <metrics statements="7" coveredstatements="7" conditionals="0" coveredconditionals="0" methods="3" coveredmethods="3"/>
        <line num="1" count="5" type="stmt"/>
        <line num="2" count="5" type="stmt"/>
        <line num="4" count="5" type="stmt"/>
        <line num="6" count="5" type="stmt"/>
        <line num="9" count="2" type="stmt"/>
        <line num="13" count="2" type="stmt"/>
        <line num="16" count="3063" type="stmt"/>
      </file>
      <file name="EqnNodeParser.ts" path="/Users/tricky_lake/dev/tricky-max/lib/rollun-ts-rql/src/parser/nodeParsers/query/binaryOperator/rql/EqnNodeParser.ts">
        <metrics statements="7" coveredstatements="7" conditionals="0" coveredconditionals="0" methods="3" coveredmethods="3"/>
        <line num="1" count="5" type="stmt"/>
        <line num="2" count="5" type="stmt"/>
        <line num="4" count="5" type="stmt"/>
        <line num="6" count="5" type="stmt"/>
        <line num="8" count="2" type="stmt"/>
        <line num="12" count="2" type="stmt"/>
        <line num="15" count="3065" type="stmt"/>
      </file>
      <file name="EqtNodeParser .ts" path="/Users/tricky_lake/dev/tricky-max/lib/rollun-ts-rql/src/parser/nodeParsers/query/binaryOperator/rql/EqtNodeParser .ts">
        <metrics statements="7" coveredstatements="7" conditionals="0" coveredconditionals="0" methods="3" coveredmethods="3"/>
        <line num="1" count="5" type="stmt"/>
        <line num="2" count="5" type="stmt"/>
        <line num="4" count="5" type="stmt"/>
        <line num="6" count="5" type="stmt"/>
        <line num="8" count="2" type="stmt"/>
        <line num="12" count="2" type="stmt"/>
        <line num="15" count="3064" type="stmt"/>
      </file>
      <file name="IeNodeParser.ts" path="/Users/tricky_lake/dev/tricky-max/lib/rollun-ts-rql/src/parser/nodeParsers/query/binaryOperator/rql/IeNodeParser.ts">
        <metrics statements="7" coveredstatements="7" conditionals="0" coveredconditionals="0" methods="3" coveredmethods="3"/>
        <line num="1" count="5" type="stmt"/>
        <line num="2" count="5" type="stmt"/>
        <line num="4" count="5" type="stmt"/>
        <line num="6" count="5" type="stmt"/>
        <line num="8" count="2" type="stmt"/>
        <line num="12" count="2" type="stmt"/>
        <line num="16" count="3060" type="stmt"/>
      </file>
    </package>
    <package name="src.parser.nodeParsers.query.comparisonOperators">
      <metrics statements="3" coveredstatements="3" conditionals="0" coveredconditionals="0" methods="1" coveredmethods="1"/>
      <file name="AbstractComparisonOperatorNodeParser.ts" path="/Users/tricky_lake/dev/tricky-max/lib/rollun-ts-rql/src/parser/nodeParsers/query/comparisonOperators/AbstractComparisonOperatorNodeParser.ts">
        <metrics statements="3" coveredstatements="3" conditionals="0" coveredconditionals="0" methods="1" coveredmethods="1"/>
        <line num="5" count="5" type="stmt"/>
        <line num="12" count="26630" type="stmt"/>
        <line num="13" count="26630" type="stmt"/>
      </file>
    </package>
    <package name="src.parser.nodeParsers.query.comparisonOperators.fiql">
      <metrics statements="78" coveredstatements="70" conditionals="0" coveredconditionals="0" methods="28" coveredmethods="20"/>
      <file name="AbstractComparisonFiqlNodeParser.ts" path="/Users/tricky_lake/dev/tricky-max/lib/rollun-ts-rql/src/parser/nodeParsers/query/comparisonOperators/fiql/AbstractComparisonFiqlNodeParser.ts">
        <metrics statements="13" coveredstatements="13" conditionals="0" coveredconditionals="0" methods="2" coveredmethods="2"/>
        <line num="2" count="5" type="stmt"/>
        <line num="3" count="5" type="stmt"/>
        <line num="4" count="5" type="stmt"/>
        <line num="6" count="5" type="stmt"/>
        <line num="9" count="19" type="stmt"/>
        <line num="10" count="19" type="stmt"/>
        <line num="11" count="19" type="stmt"/>
        <line num="12" count="19" type="stmt"/>
        <line num="16" count="39295" type="stmt"/>
        <line num="17" count="39295" type="stmt"/>
        <line num="18" count="39295" type="stmt"/>
        <line num="19" count="181" type="stmt"/>
        <line num="21" count="39114" type="stmt"/>
      </file>
      <file name="FiqlAlikeGlobNodeParser.ts" path="/Users/tricky_lake/dev/tricky-max/lib/rollun-ts-rql/src/parser/nodeParsers/query/comparisonOperators/fiql/FiqlAlikeGlobNodeParser.ts">
        <metrics statements="5" coveredstatements="3" conditionals="0" coveredconditionals="0" methods="2" coveredmethods="0"/>
        <line num="1" count="5" type="stmt"/>
        <line num="2" count="5" type="stmt"/>
        <line num="4" count="5" type="stmt"/>
        <line num="6" count="0" type="stmt"/>
        <line num="10" count="0" type="stmt"/>
      </file>
      <file name="FiqlContainsNodeParser.ts" path="/Users/tricky_lake/dev/tricky-max/lib/rollun-ts-rql/src/parser/nodeParsers/query/comparisonOperators/fiql/FiqlContainsNodeParser.ts">
        <metrics statements="5" coveredstatements="3" conditionals="0" coveredconditionals="0" methods="2" coveredmethods="0"/>
        <line num="1" count="5" type="stmt"/>
        <line num="2" count="5" type="stmt"/>
        <line num="4" count="5" type="stmt"/>
        <line num="7" count="0" type="stmt"/>
        <line num="11" count="0" type="stmt"/>
      </file>
      <file name="FiqlEqNodeParser.ts" path="/Users/tricky_lake/dev/tricky-max/lib/rollun-ts-rql/src/parser/nodeParsers/query/comparisonOperators/fiql/FiqlEqNodeParser.ts">
        <metrics statements="5" coveredstatements="5" conditionals="0" coveredconditionals="0" methods="2" coveredmethods="2"/>
        <line num="1" count="5" type="stmt"/>
        <line num="2" count="5" type="stmt"/>
        <line num="4" count="5" type="stmt"/>
        <line num="7" count="35" type="stmt"/>
        <line num="11" count="3" type="stmt"/>
      </file>
      <file name="FiqlGeNodeParser.ts" path="/Users/tricky_lake/dev/tricky-max/lib/rollun-ts-rql/src/parser/nodeParsers/query/comparisonOperators/fiql/FiqlGeNodeParser.ts">
        <metrics statements="5" coveredstatements="5" conditionals="0" coveredconditionals="0" methods="2" coveredmethods="2"/>
        <line num="1" count="5" type="stmt"/>
        <line num="2" count="5" type="stmt"/>
        <line num="4" count="5" type="stmt"/>
        <line num="7" count="8" type="stmt"/>
        <line num="11" count="2" type="stmt"/>
      </file>
      <file name="FiqlGtNodeParser.ts" path="/Users/tricky_lake/dev/tricky-max/lib/rollun-ts-rql/src/parser/nodeParsers/query/comparisonOperators/fiql/FiqlGtNodeParser.ts">
        <metrics statements="5" coveredstatements="5" conditionals="0" coveredconditionals="0" methods="2" coveredmethods="2"/>
        <line num="1" count="5" type="stmt"/>
        <line num="2" count="5" type="stmt"/>
        <line num="4" count="5" type="stmt"/>
        <line num="7" count="17" type="stmt"/>
        <line num="11" count="2" type="stmt"/>
      </file>
      <file name="FiqlInNodeParser.ts" path="/Users/tricky_lake/dev/tricky-max/lib/rollun-ts-rql/src/parser/nodeParsers/query/comparisonOperators/fiql/FiqlInNodeParser.ts">
        <metrics statements="5" coveredstatements="5" conditionals="0" coveredconditionals="0" methods="2" coveredmethods="2"/>
        <line num="1" count="5" type="stmt"/>
        <line num="2" count="5" type="stmt"/>
        <line num="4" count="5" type="stmt"/>
        <line num="7" count="37" type="stmt"/>
        <line num="11" count="1" type="stmt"/>
      </file>
      <file name="FiqlLeNodeParser.ts" path="/Users/tricky_lake/dev/tricky-max/lib/rollun-ts-rql/src/parser/nodeParsers/query/comparisonOperators/fiql/FiqlLeNodeParser.ts">
        <metrics statements="5" coveredstatements="5" conditionals="0" coveredconditionals="0" methods="2" coveredmethods="2"/>
        <line num="1" count="5" type="stmt"/>
        <line num="2" count="5" type="stmt"/>
        <line num="4" count="5" type="stmt"/>
        <line num="7" count="14" type="stmt"/>
        <line num="11" count="3" type="stmt"/>
      </file>
      <file name="FiqlLikeGlobNodeParser.ts" path="/Users/tricky_lake/dev/tricky-max/lib/rollun-ts-rql/src/parser/nodeParsers/query/comparisonOperators/fiql/FiqlLikeGlobNodeParser.ts">
        <metrics statements="5" coveredstatements="3" conditionals="0" coveredconditionals="0" methods="2" coveredmethods="0"/>
        <line num="1" count="5" type="stmt"/>
        <line num="2" count="5" type="stmt"/>
        <line num="4" count="5" type="stmt"/>
        <line num="6" count="0" type="stmt"/>
        <line num="10" count="0" type="stmt"/>
      </file>
      <file name="FiqlLikeNodeParser.ts" path="/Users/tricky_lake/dev/tricky-max/lib/rollun-ts-rql/src/parser/nodeParsers/query/comparisonOperators/fiql/FiqlLikeNodeParser.ts">
        <metrics statements="5" coveredstatements="5" conditionals="0" coveredconditionals="0" methods="2" coveredmethods="2"/>
        <line num="1" count="5" type="stmt"/>
        <line num="2" count="5" type="stmt"/>
        <line num="4" count="5" type="stmt"/>
        <line num="7" count="3" type="stmt"/>
        <line num="11" count="1" type="stmt"/>
      </file>
      <file name="FiqlLtNodeParser.ts" path="/Users/tricky_lake/dev/tricky-max/lib/rollun-ts-rql/src/parser/nodeParsers/query/comparisonOperators/fiql/FiqlLtNodeParser.ts">
        <metrics statements="5" coveredstatements="5" conditionals="0" coveredconditionals="0" methods="2" coveredmethods="2"/>
        <line num="1" count="5" type="stmt"/>
        <line num="2" count="5" type="stmt"/>
        <line num="4" count="5" type="stmt"/>
        <line num="7" count="21" type="stmt"/>
        <line num="11" count="2" type="stmt"/>
      </file>
      <file name="FiqlMatchNodeParser.ts" path="/Users/tricky_lake/dev/tricky-max/lib/rollun-ts-rql/src/parser/nodeParsers/query/comparisonOperators/fiql/FiqlMatchNodeParser.ts">
        <metrics statements="5" coveredstatements="3" conditionals="0" coveredconditionals="0" methods="2" coveredmethods="0"/>
        <line num="1" count="5" type="stmt"/>
        <line num="2" count="5" type="stmt"/>
        <line num="4" count="5" type="stmt"/>
        <line num="6" count="0" type="stmt"/>
        <line num="10" count="0" type="stmt"/>
      </file>
      <file name="FiqlNeNodeParser.ts" path="/Users/tricky_lake/dev/tricky-max/lib/rollun-ts-rql/src/parser/nodeParsers/query/comparisonOperators/fiql/FiqlNeNodeParser.ts">
        <metrics statements="5" coveredstatements="5" conditionals="0" coveredconditionals="0" methods="2" coveredmethods="2"/>
        <line num="1" count="5" type="stmt"/>
        <line num="2" count="5" type="stmt"/>
        <line num="4" count="5" type="stmt"/>
        <line num="7" count="30" type="stmt"/>
        <line num="11" count="4" type="stmt"/>
      </file>
      <file name="FiqlOutNodeParser.ts" path="/Users/tricky_lake/dev/tricky-max/lib/rollun-ts-rql/src/parser/nodeParsers/query/comparisonOperators/fiql/FiqlOutNodeParser.ts">
        <metrics statements="5" coveredstatements="5" conditionals="0" coveredconditionals="0" methods="2" coveredmethods="2"/>
        <line num="1" count="5" type="stmt"/>
        <line num="2" count="5" type="stmt"/>
        <line num="4" count="5" type="stmt"/>
        <line num="7" count="35" type="stmt"/>
        <line num="11" count="1" type="stmt"/>
      </file>
    </package>
    <package name="src.parser.nodeParsers.query.comparisonOperators.rql">
      <metrics statements="76" coveredstatements="73" conditionals="0" coveredconditionals="0" methods="28" coveredmethods="25"/>
      <file name="AbstractComparisonRqlNodeParser.ts" path="/Users/tricky_lake/dev/tricky-max/lib/rollun-ts-rql/src/parser/nodeParsers/query/comparisonOperators/rql/AbstractComparisonRqlNodeParser.ts">
        <metrics statements="11" coveredstatements="11" conditionals="0" coveredconditionals="0" methods="2" coveredmethods="2"/>
        <line num="1" count="5" type="stmt"/>
        <line num="3" count="5" type="stmt"/>
        <line num="5" count="5" type="stmt"/>
        <line num="8" count="1087" type="stmt"/>
        <line num="9" count="1087" type="stmt"/>
        <line num="10" count="1087" type="stmt"/>
        <line num="11" count="1087" type="stmt"/>
        <line num="12" count="1087" type="stmt"/>
        <line num="13" count="1087" type="stmt"/>
        <line num="14" count="1087" type="stmt"/>
        <line num="18" count="46142" type="stmt"/>
      </file>
      <file name="AlikeGlobNodeParser.ts" path="/Users/tricky_lake/dev/tricky-max/lib/rollun-ts-rql/src/parser/nodeParsers/query/comparisonOperators/rql/AlikeGlobNodeParser.ts">
        <metrics statements="5" coveredstatements="5" conditionals="0" coveredconditionals="0" methods="2" coveredmethods="2"/>
        <line num="1" count="5" type="stmt"/>
        <line num="2" count="5" type="stmt"/>
        <line num="4" count="5" type="stmt"/>
        <line num="6" count="3029" type="stmt"/>
        <line num="10" count="8" type="stmt"/>
      </file>
      <file name="ContainsNodeParser.ts" path="/Users/tricky_lake/dev/tricky-max/lib/rollun-ts-rql/src/parser/nodeParsers/query/comparisonOperators/rql/ContainsNodeParser.ts">
        <metrics statements="5" coveredstatements="4" conditionals="0" coveredconditionals="0" methods="2" coveredmethods="1"/>
        <line num="1" count="5" type="stmt"/>
        <line num="2" count="5" type="stmt"/>
        <line num="4" count="5" type="stmt"/>
        <line num="7" count="3010" type="stmt"/>
        <line num="11" count="0" type="stmt"/>
      </file>
      <file name="EqNodeParser.ts" path="/Users/tricky_lake/dev/tricky-max/lib/rollun-ts-rql/src/parser/nodeParsers/query/comparisonOperators/rql/EqNodeParser.ts">
        <metrics statements="5" coveredstatements="5" conditionals="0" coveredconditionals="0" methods="2" coveredmethods="2"/>
        <line num="1" count="5" type="stmt"/>
        <line num="2" count="5" type="stmt"/>
        <line num="4" count="5" type="stmt"/>
        <line num="7" count="6211" type="stmt"/>
        <line num="11" count="1036" type="stmt"/>
      </file>
      <file name="GeNodeParser.ts" path="/Users/tricky_lake/dev/tricky-max/lib/rollun-ts-rql/src/parser/nodeParsers/query/comparisonOperators/rql/GeNodeParser.ts">
        <metrics statements="5" coveredstatements="5" conditionals="0" coveredconditionals="0" methods="2" coveredmethods="2"/>
        <line num="1" count="5" type="stmt"/>
        <line num="2" count="5" type="stmt"/>
        <line num="4" count="5" type="stmt"/>
        <line num="7" count="3084" type="stmt"/>
        <line num="11" count="3" type="stmt"/>
      </file>
      <file name="GtNodeParser.ts" path="/Users/tricky_lake/dev/tricky-max/lib/rollun-ts-rql/src/parser/nodeParsers/query/comparisonOperators/rql/GtNodeParser.ts">
        <metrics statements="5" coveredstatements="5" conditionals="0" coveredconditionals="0" methods="2" coveredmethods="2"/>
        <line num="1" count="5" type="stmt"/>
        <line num="2" count="5" type="stmt"/>
        <line num="4" count="5" type="stmt"/>
        <line num="7" count="3095" type="stmt"/>
        <line num="11" count="5" type="stmt"/>
      </file>
      <file name="InNodeParser.ts" path="/Users/tricky_lake/dev/tricky-max/lib/rollun-ts-rql/src/parser/nodeParsers/query/comparisonOperators/rql/InNodeParser.ts">
        <metrics statements="5" coveredstatements="5" conditionals="0" coveredconditionals="0" methods="2" coveredmethods="2"/>
        <line num="1" count="5" type="stmt"/>
        <line num="2" count="5" type="stmt"/>
        <line num="4" count="5" type="stmt"/>
        <line num="7" count="5203" type="stmt"/>
        <line num="11" count="9" type="stmt"/>
      </file>
      <file name="LeNodeParser.ts" path="/Users/tricky_lake/dev/tricky-max/lib/rollun-ts-rql/src/parser/nodeParsers/query/comparisonOperators/rql/LeNodeParser.ts">
        <metrics statements="5" coveredstatements="5" conditionals="0" coveredconditionals="0" methods="2" coveredmethods="2"/>
        <line num="1" count="5" type="stmt"/>
        <line num="2" count="5" type="stmt"/>
        <line num="4" count="5" type="stmt"/>
        <line num="7" count="3086" type="stmt"/>
        <line num="11" count="2" type="stmt"/>
      </file>
      <file name="LikeGlobNodeParser.ts" path="/Users/tricky_lake/dev/tricky-max/lib/rollun-ts-rql/src/parser/nodeParsers/query/comparisonOperators/rql/LikeGlobNodeParser.ts">
        <metrics statements="5" coveredstatements="4" conditionals="0" coveredconditionals="0" methods="2" coveredmethods="1"/>
        <line num="1" count="5" type="stmt"/>
        <line num="2" count="5" type="stmt"/>
        <line num="4" count="5" type="stmt"/>
        <line num="6" count="3021" type="stmt"/>
        <line num="10" count="0" type="stmt"/>
      </file>
      <file name="LikeNodeParser.ts" path="/Users/tricky_lake/dev/tricky-max/lib/rollun-ts-rql/src/parser/nodeParsers/query/comparisonOperators/rql/LikeNodeParser.ts">
        <metrics statements="5" coveredstatements="5" conditionals="0" coveredconditionals="0" methods="2" coveredmethods="2"/>
        <line num="1" count="5" type="stmt"/>
        <line num="2" count="5" type="stmt"/>
        <line num="4" count="5" type="stmt"/>
        <line num="7" count="3079" type="stmt"/>
        <line num="11" count="6" type="stmt"/>
      </file>
      <file name="LtNodeParser.ts" path="/Users/tricky_lake/dev/tricky-max/lib/rollun-ts-rql/src/parser/nodeParsers/query/comparisonOperators/rql/LtNodeParser.ts">
        <metrics statements="5" coveredstatements="5" conditionals="0" coveredconditionals="0" methods="2" coveredmethods="2"/>
        <line num="1" count="5" type="stmt"/>
        <line num="2" count="5" type="stmt"/>
        <line num="4" count="5" type="stmt"/>
        <line num="7" count="3104" type="stmt"/>
        <line num="11" count="6" type="stmt"/>
      </file>
      <file name="MatchNodeParser.ts" path="/Users/tricky_lake/dev/tricky-max/lib/rollun-ts-rql/src/parser/nodeParsers/query/comparisonOperators/rql/MatchNodeParser.ts">
        <metrics statements="5" coveredstatements="4" conditionals="0" coveredconditionals="0" methods="2" coveredmethods="1"/>
        <line num="1" count="5" type="stmt"/>
        <line num="2" count="5" type="stmt"/>
        <line num="4" count="5" type="stmt"/>
        <line num="6" count="3006" type="stmt"/>
        <line num="10" count="0" type="stmt"/>
      </file>
      <file name="NeNodeParser.ts" path="/Users/tricky_lake/dev/tricky-max/lib/rollun-ts-rql/src/parser/nodeParsers/query/comparisonOperators/rql/NeNodeParser.ts">
        <metrics statements="5" coveredstatements="5" conditionals="0" coveredconditionals="0" methods="2" coveredmethods="2"/>
        <line num="1" count="5" type="stmt"/>
        <line num="2" count="5" type="stmt"/>
        <line num="4" count="5" type="stmt"/>
        <line num="7" count="3120" type="stmt"/>
        <line num="11" count="10" type="stmt"/>
      </file>
      <file name="OutNodeParser.ts" path="/Users/tricky_lake/dev/tricky-max/lib/rollun-ts-rql/src/parser/nodeParsers/query/comparisonOperators/rql/OutNodeParser.ts">
        <metrics statements="5" coveredstatements="5" conditionals="0" coveredconditionals="0" methods="2" coveredmethods="2"/>
        <line num="1" count="5" type="stmt"/>
        <line num="2" count="5" type="stmt"/>
        <line num="4" count="5" type="stmt"/>
        <line num="7" count="5181" type="stmt"/>
        <line num="11" count="2" type="stmt"/>
      </file>
    </package>
    <package name="src.parser.nodeParsers.query.logicalOperators">
      <metrics statements="32" coveredstatements="29" conditionals="6" coveredconditionals="3" methods="9" coveredmethods="9"/>
      <file name="AbstractLogicalOperatorNodeParser.ts" path="/Users/tricky_lake/dev/tricky-max/lib/rollun-ts-rql/src/parser/nodeParsers/query/logicalOperators/AbstractLogicalOperatorNodeParser.ts">
        <metrics statements="11" coveredstatements="11" conditionals="0" coveredconditionals="0" methods="3" coveredmethods="3"/>
        <line num="1" count="5" type="stmt"/>
        <line num="5" count="5" type="stmt"/>
        <line num="10" count="3093" type="stmt"/>
        <line num="18" count="15" type="stmt"/>
        <line num="19" count="15" type="stmt"/>
        <line num="20" count="15" type="stmt"/>
        <line num="21" count="15" type="stmt"/>
        <line num="22" count="38" type="stmt"/>
        <line num="24" count="15" type="stmt"/>
        <line num="25" count="15" type="stmt"/>
        <line num="29" count="15623" type="stmt"/>
      </file>
      <file name="AndNodeParser.ts" path="/Users/tricky_lake/dev/tricky-max/lib/rollun-ts-rql/src/parser/nodeParsers/query/logicalOperators/AndNodeParser.ts">
        <metrics statements="7" coveredstatements="6" conditionals="2" coveredconditionals="1" methods="2" coveredmethods="2"/>
        <line num="1" count="5" type="stmt"/>
        <line num="2" count="5" type="stmt"/>
        <line num="4" count="5" type="stmt"/>
        <line num="7" count="5226" type="stmt"/>
        <line num="11" count="8" type="cond" truecount="1" falsecount="1"/>
        <line num="12" count="0" type="stmt"/>
        <line num="16" count="8" type="stmt"/>
      </file>
      <file name="NotNodeParser.ts" path="/Users/tricky_lake/dev/tricky-max/lib/rollun-ts-rql/src/parser/nodeParsers/query/logicalOperators/NotNodeParser.ts">
        <metrics statements="7" coveredstatements="6" conditionals="2" coveredconditionals="1" methods="2" coveredmethods="2"/>
        <line num="1" count="5" type="stmt"/>
        <line num="2" count="5" type="stmt"/>
        <line num="4" count="5" type="stmt"/>
        <line num="7" count="5203" type="stmt"/>
        <line num="11" count="3" type="cond" truecount="1" falsecount="1"/>
        <line num="12" count="0" type="stmt"/>
        <line num="16" count="3" type="stmt"/>
      </file>
      <file name="OrNodeParser.ts" path="/Users/tricky_lake/dev/tricky-max/lib/rollun-ts-rql/src/parser/nodeParsers/query/logicalOperators/OrNodeParser.ts">
        <metrics statements="7" coveredstatements="6" conditionals="2" coveredconditionals="1" methods="2" coveredmethods="2"/>
        <line num="1" count="5" type="stmt"/>
        <line num="2" count="5" type="stmt"/>
        <line num="4" count="5" type="stmt"/>
        <line num="7" count="5209" type="stmt"/>
        <line num="11" count="4" type="cond" truecount="1" falsecount="1"/>
        <line num="12" count="0" type="stmt"/>
        <line num="16" count="4" type="stmt"/>
      </file>
    </package>
    <package name="src.parser.subLexers">
      <metrics statements="109" coveredstatements="106" conditionals="62" coveredconditionals="60" methods="17" coveredmethods="17"/>
      <file name="ConstantSubLexer.ts" path="/Users/tricky_lake/dev/tricky-max/lib/rollun-ts-rql/src/parser/subLexers/ConstantSubLexer.ts">
        <metrics statements="13" coveredstatements="13" conditionals="8" coveredconditionals="8" methods="1" coveredmethods="1"/>
        <line num="1" count="6" type="stmt"/>
        <line num="4" count="6" type="stmt"/>
        <line num="7" count="33524" type="stmt"/>
        <line num="8" count="33524" type="cond" truecount="2" falsecount="0"/>
        <line num="9" count="8" type="stmt"/>
        <line num="11" count="33516" type="cond" truecount="2" falsecount="0"/>
        <line num="12" count="7" type="stmt"/>
        <line num="15" count="33509" type="stmt"/>
        <line num="16" count="33509" type="cond" truecount="2" falsecount="0"/>
        <line num="17" count="12" type="stmt"/>
        <line num="19" count="33497" type="cond" truecount="2" falsecount="0"/>
        <line num="20" count="7" type="stmt"/>
        <line num="23" count="33490" type="stmt"/>
      </file>
      <file name="DatetimeSubLexer.ts" path="/Users/tricky_lake/dev/tricky-max/lib/rollun-ts-rql/src/parser/subLexers/DatetimeSubLexer.ts">
        <metrics statements="9" coveredstatements="8" conditionals="10" coveredconditionals="9" methods="1" coveredmethods="1"/>
        <line num="2" count="6" type="stmt"/>
        <line num="4" count="6" type="stmt"/>
        <line num="7" count="3134" type="stmt"/>
        <line num="8" count="3134" type="stmt"/>
        <line num="9" count="3134" type="cond" truecount="2" falsecount="0"/>
        <line num="10" count="3123" type="stmt"/>
        <line num="12" count="11" type="cond" truecount="1" falsecount="1"/>
        <line num="20" count="11" type="stmt"/>
        <line num="27" count="0" type="stmt"/>
      </file>
      <file name="FiqlOperatorSubLexer.ts" path="/Users/tricky_lake/dev/tricky-max/lib/rollun-ts-rql/src/parser/subLexers/FiqlOperatorSubLexer.ts">
        <metrics statements="18" coveredstatements="18" conditionals="6" coveredconditionals="6" methods="3" coveredmethods="3"/>
        <line num="2" count="6" type="stmt"/>
        <line num="4" count="6" type="cond" truecount="2" falsecount="0"/>
        <line num="5" count="6" type="stmt"/>
        <line num="6" count="6" type="stmt"/>
        <line num="7" count="6" type="stmt"/>
        <line num="8" count="6" type="stmt"/>
        <line num="9" count="6" type="stmt"/>
        <line num="10" count="6" type="stmt"/>
        <line num="11" count="6" type="stmt"/>
        <line num="12" count="6" type="stmt"/>
        <line num="15" count="6" type="stmt"/>
        <line num="17" count="15674" type="stmt"/>
        <line num="18" count="15674" type="cond" truecount="2" falsecount="0"/>
        <line num="19" count="38" type="stmt"/>
        <line num="26" count="15636" type="stmt"/>
        <line num="31" count="38" type="cond" truecount="2" falsecount="0"/>
        <line num="32" count="18" type="stmt"/>
        <line num="34" count="20" type="stmt"/>
      </file>
      <file name="GlobSubLexer.ts" path="/Users/tricky_lake/dev/tricky-max/lib/rollun-ts-rql/src/parser/subLexers/GlobSubLexer.ts">
        <metrics statements="11" coveredstatements="11" conditionals="6" coveredconditionals="6" methods="3" coveredmethods="3"/>
        <line num="1" count="6" type="stmt"/>
        <line num="3" count="6" type="stmt"/>
        <line num="5" count="6" type="stmt"/>
        <line num="8" count="10414" type="stmt"/>
        <line num="9" count="10414" type="cond" truecount="2" falsecount="0"/>
        <line num="10" count="1024" type="stmt"/>
        <line num="12" count="9390" type="cond" truecount="4" falsecount="0"/>
        <line num="13" count="9374" type="stmt"/>
        <line num="15" count="16" type="stmt"/>
        <line num="23" count="16" type="stmt"/>
        <line num="25" count="15" type="stmt"/>
      </file>
      <file name="NumberSubLexer.ts" path="/Users/tricky_lake/dev/tricky-max/lib/rollun-ts-rql/src/parser/subLexers/NumberSubLexer.ts">
        <metrics statements="6" coveredstatements="6" conditionals="6" coveredconditionals="6" methods="1" coveredmethods="1"/>
        <line num="2" count="6" type="stmt"/>
        <line num="4" count="6" type="stmt"/>
        <line num="6" count="3123" type="stmt"/>
        <line num="7" count="3123" type="cond" truecount="2" falsecount="0"/>
        <line num="8" count="2114" type="stmt"/>
        <line num="17" count="1009" type="stmt"/>
      </file>
      <file name="PunctuationSubLexer.ts" path="/Users/tricky_lake/dev/tricky-max/lib/rollun-ts-rql/src/parser/subLexers/PunctuationSubLexer.ts">
        <metrics statements="16" coveredstatements="16" conditionals="12" coveredconditionals="12" methods="1" coveredmethods="1"/>
        <line num="2" count="6" type="stmt"/>
        <line num="4" count="6" type="stmt"/>
        <line num="6" count="33490" type="stmt"/>
        <line num="7" count="33490" type="cond" truecount="2" falsecount="0"/>
        <line num="8" count="3099" type="stmt"/>
        <line num="10" count="30391" type="cond" truecount="2" falsecount="0"/>
        <line num="11" count="12" type="stmt"/>
        <line num="13" count="30379" type="cond" truecount="2" falsecount="0"/>
        <line num="14" count="5242" type="stmt"/>
        <line num="16" count="25137" type="cond" truecount="2" falsecount="0"/>
        <line num="17" count="4206" type="stmt"/>
        <line num="19" count="20931" type="cond" truecount="2" falsecount="0"/>
        <line num="20" count="4205" type="stmt"/>
        <line num="22" count="16726" type="cond" truecount="2" falsecount="0"/>
        <line num="23" count="1052" type="stmt"/>
        <line num="25" count="15674" type="stmt"/>
      </file>
      <file name="RqlOperatorSubLexer.ts" path="/Users/tricky_lake/dev/tricky-max/lib/rollun-ts-rql/src/parser/subLexers/RqlOperatorSubLexer.ts">
        <metrics statements="6" coveredstatements="6" conditionals="2" coveredconditionals="2" methods="1" coveredmethods="1"/>
        <line num="2" count="6" type="stmt"/>
        <line num="4" count="6" type="stmt"/>
        <line num="6" count="15636" type="stmt"/>
        <line num="7" count="15636" type="cond" truecount="2" falsecount="0"/>
        <line num="8" count="4170" type="stmt"/>
        <line num="14" count="11466" type="stmt"/>
      </file>
      <file name="SortSubLexer.ts" path="/Users/tricky_lake/dev/tricky-max/lib/rollun-ts-rql/src/parser/subLexers/SortSubLexer.ts">
        <metrics statements="8" coveredstatements="7" conditionals="4" coveredconditionals="3" methods="1" coveredmethods="1"/>
        <line num="2" count="6" type="stmt"/>
        <line num="4" count="6" type="stmt"/>
        <line num="7" count="1009" type="stmt"/>
        <line num="8" count="1009" type="cond" truecount="2" falsecount="0"/>
        <line num="9" count="1004" type="stmt"/>
        <line num="11" count="5" type="cond" truecount="1" falsecount="1"/>
        <line num="12" count="5" type="stmt"/>
        <line num="14" count="0" type="stmt"/>
      </file>
      <file name="StringSubLexer.ts" path="/Users/tricky_lake/dev/tricky-max/lib/rollun-ts-rql/src/parser/subLexers/StringSubLexer.ts">
        <metrics statements="7" coveredstatements="7" conditionals="4" coveredconditionals="4" methods="1" coveredmethods="1"/>
        <line num="2" count="6" type="stmt"/>
        <line num="3" count="6" type="stmt"/>
        <line num="5" count="6" type="stmt"/>
        <line num="7" count="10398" type="stmt"/>
        <line num="8" count="10398" type="cond" truecount="4" falsecount="0"/>
        <line num="9" count="3134" type="stmt"/>
        <line num="11" count="7264" type="stmt"/>
      </file>
      <file name="SubLexerChain.ts" path="/Users/tricky_lake/dev/tricky-max/lib/rollun-ts-rql/src/parser/subLexers/SubLexerChain.ts">
        <metrics statements="9" coveredstatements="8" conditionals="2" coveredconditionals="2" methods="3" coveredmethods="3"/>
        <line num="3" count="6" type="stmt"/>
        <line num="5" count="1048" type="stmt"/>
        <line num="8" count="10480" type="stmt"/>
        <line num="9" count="10480" type="stmt"/>
        <line num="13" count="33524" type="stmt"/>
        <line num="14" count="137868" type="stmt"/>
        <line num="15" count="137868" type="cond" truecount="2" falsecount="0"/>
        <line num="16" count="33524" type="stmt"/>
        <line num="19" count="0" type="stmt"/>
      </file>
      <file name="TypeSubLexer.ts" path="/Users/tricky_lake/dev/tricky-max/lib/rollun-ts-rql/src/parser/subLexers/TypeSubLexer.ts">
        <metrics statements="6" coveredstatements="6" conditionals="2" coveredconditionals="2" methods="1" coveredmethods="1"/>
        <line num="1" count="6" type="stmt"/>
        <line num="4" count="6" type="stmt"/>
        <line num="7" count="11466" type="stmt"/>
        <line num="8" count="11466" type="cond" truecount="2" falsecount="0"/>
        <line num="9" count="1052" type="stmt"/>
        <line num="15" count="10414" type="stmt"/>
      </file>
    </package>
    <package name="src.parser.typeCasters">
      <metrics statements="66" coveredstatements="66" conditionals="66" coveredconditionals="56" methods="4" coveredmethods="4"/>
      <file name="BooleanTypeCaster.ts" path="/Users/tricky_lake/dev/tricky-max/lib/rollun-ts-rql/src/parser/typeCasters/BooleanTypeCaster.ts">
        <metrics statements="13" coveredstatements="13" conditionals="12" coveredconditionals="12" methods="1" coveredmethods="1"/>
        <line num="2" count="5" type="stmt"/>
        <line num="4" count="5" type="stmt"/>
        <line num="7" count="8" type="cond" truecount="2" falsecount="0"/>
        <line num="8" count="1" type="stmt"/>
        <line num="10" count="7" type="cond" truecount="2" falsecount="0"/>
        <line num="11" count="1" type="stmt"/>
        <line num="13" count="6" type="cond" truecount="2" falsecount="0"/>
        <line num="14" count="1" type="stmt"/>
        <line num="16" count="5" type="cond" truecount="2" falsecount="0"/>
        <line num="17" count="1" type="stmt"/>
        <line num="19" count="4" type="cond" truecount="2" falsecount="0"/>
        <line num="20" count="1" type="stmt"/>
        <line num="22" count="3" type="cond" truecount="2" falsecount="0"/>
      </file>
      <file name="FloatTypeCaster.ts" path="/Users/tricky_lake/dev/tricky-max/lib/rollun-ts-rql/src/parser/typeCasters/FloatTypeCaster.ts">
        <metrics statements="20" coveredstatements="20" conditionals="22" coveredconditionals="17" methods="1" coveredmethods="1"/>
        <line num="2" count="5" type="stmt"/>
        <line num="4" count="5" type="stmt"/>
        <line num="7" count="8" type="cond" truecount="2" falsecount="0"/>
        <line num="8" count="1" type="stmt"/>
        <line num="10" count="7" type="cond" truecount="2" falsecount="0"/>
        <line num="11" count="1" type="stmt"/>
        <line num="13" count="6" type="cond" truecount="2" falsecount="0"/>
        <line num="14" count="1" type="stmt"/>
        <line num="16" count="5" type="cond" truecount="2" falsecount="0"/>
        <line num="17" count="1" type="stmt"/>
        <line num="19" count="4" type="cond" truecount="2" falsecount="0"/>
        <line num="20" count="1" type="stmt"/>
        <line num="21" count="1" type="cond" truecount="1" falsecount="1"/>
        <line num="22" count="1" type="cond" truecount="1" falsecount="1"/>
        <line num="23" count="1" type="cond" truecount="1" falsecount="1"/>
        <line num="24" count="1" type="cond" truecount="1" falsecount="1"/>
        <line num="25" count="1" type="cond" truecount="1" falsecount="1"/>
        <line num="26" count="1" type="stmt"/>
        <line num="28" count="3" type="stmt"/>
        <line num="29" count="3" type="cond" truecount="2" falsecount="0"/>
      </file>
      <file name="IntegerTypeCaster.ts" path="/Users/tricky_lake/dev/tricky-max/lib/rollun-ts-rql/src/parser/typeCasters/IntegerTypeCaster.ts">
        <metrics statements="20" coveredstatements="20" conditionals="22" coveredconditionals="17" methods="1" coveredmethods="1"/>
        <line num="2" count="5" type="stmt"/>
        <line num="4" count="5" type="stmt"/>
        <line num="6" count="8" type="cond" truecount="2" falsecount="0"/>
        <line num="7" count="1" type="stmt"/>
        <line num="9" count="7" type="cond" truecount="2" falsecount="0"/>
        <line num="10" count="1" type="stmt"/>
        <line num="12" count="6" type="cond" truecount="2" falsecount="0"/>
        <line num="13" count="1" type="stmt"/>
        <line num="15" count="5" type="cond" truecount="2" falsecount="0"/>
        <line num="16" count="1" type="stmt"/>
        <line num="18" count="4" type="cond" truecount="2" falsecount="0"/>
        <line num="19" count="1" type="stmt"/>
        <line num="20" count="1" type="cond" truecount="1" falsecount="1"/>
        <line num="21" count="1" type="cond" truecount="1" falsecount="1"/>
        <line num="22" count="1" type="cond" truecount="1" falsecount="1"/>
        <line num="23" count="1" type="cond" truecount="1" falsecount="1"/>
        <line num="24" count="1" type="cond" truecount="1" falsecount="1"/>
        <line num="25" count="1" type="stmt"/>
        <line num="27" count="3" type="stmt"/>
        <line num="28" count="3" type="cond" truecount="2" falsecount="0"/>
      </file>
      <file name="StringTypeCaster.ts" path="/Users/tricky_lake/dev/tricky-max/lib/rollun-ts-rql/src/parser/typeCasters/StringTypeCaster.ts">
        <metrics statements="13" coveredstatements="13" conditionals="10" coveredconditionals="10" methods="1" coveredmethods="1"/>
        <line num="2" count="5" type="stmt"/>
        <line num="4" count="5" type="stmt"/>
        <line num="6" count="1008" type="cond" truecount="2" falsecount="0"/>
        <line num="7" count="1" type="stmt"/>
        <line num="9" count="1007" type="cond" truecount="2" falsecount="0"/>
        <line num="10" count="1" type="stmt"/>
        <line num="12" count="1006" type="cond" truecount="2" falsecount="0"/>
        <line num="13" count="1" type="stmt"/>
        <line num="15" count="1005" type="cond" truecount="2" falsecount="0"/>
        <line num="16" count="1" type="stmt"/>
        <line num="18" count="1004" type="cond" truecount="2" falsecount="0"/>
        <line num="19" count="1" type="stmt"/>
        <line num="22" count="1003" type="stmt"/>
      </file>
    </package>
    <package name="src.parser.valueParsers">
      <metrics statements="57" coveredstatements="55" conditionals="26" coveredconditionals="23" methods="10" coveredmethods="10"/>
      <file name="ArrayParser.ts" path="/Users/tricky_lake/dev/tricky-max/lib/rollun-ts-rql/src/parser/valueParsers/ArrayParser.ts">
        <metrics statements="11" coveredstatements="11" conditionals="2" coveredconditionals="2" methods="2" coveredmethods="2"/>
        <line num="2" count="5" type="stmt"/>
        <line num="5" count="5" type="stmt"/>
        <line num="10" count="1031" type="stmt"/>
        <line num="14" count="13" type="stmt"/>
        <line num="15" count="13" type="stmt"/>
        <line num="16" count="13" type="stmt"/>
        <line num="17" count="45" type="stmt"/>
        <line num="18" count="45" type="cond" truecount="2" falsecount="0"/>
        <line num="19" count="13" type="stmt"/>
        <line num="22" count="13" type="stmt"/>
        <line num="23" count="13" type="stmt"/>
      </file>
      <file name="FieldParser.ts" path="/Users/tricky_lake/dev/tricky-max/lib/rollun-ts-rql/src/parser/valueParsers/FieldParser.ts">
        <metrics statements="3" coveredstatements="3" conditionals="0" coveredconditionals="0" methods="1" coveredmethods="1"/>
        <line num="3" count="5" type="stmt"/>
        <line num="5" count="5" type="stmt"/>
        <line num="8" count="41409" type="stmt"/>
      </file>
      <file name="GlobParser .ts" path="/Users/tricky_lake/dev/tricky-max/lib/rollun-ts-rql/src/parser/valueParsers/GlobParser .ts">
        <metrics statements="9" coveredstatements="9" conditionals="4" coveredconditionals="3" methods="1" coveredmethods="1"/>
        <line num="2" count="5" type="stmt"/>
        <line num="4" count="5" type="stmt"/>
        <line num="6" count="5" type="stmt"/>
        <line num="10" count="5" type="stmt"/>
        <line num="22" count="15" type="cond" truecount="2" falsecount="0"/>
        <line num="23" count="4" type="stmt"/>
        <line num="25" count="11" type="cond" truecount="1" falsecount="1"/>
        <line num="26" count="11" type="stmt"/>
        <line num="28" count="11" type="stmt"/>
      </file>
      <file name="IntegerParser.ts" path="/Users/tricky_lake/dev/tricky-max/lib/rollun-ts-rql/src/parser/valueParsers/IntegerParser.ts">
        <metrics statements="3" coveredstatements="3" conditionals="0" coveredconditionals="0" methods="1" coveredmethods="1"/>
        <line num="2" count="5" type="stmt"/>
        <line num="5" count="5" type="stmt"/>
        <line num="7" count="2010" type="stmt"/>
      </file>
      <file name="ScalarParser.ts" path="/Users/tricky_lake/dev/tricky-max/lib/rollun-ts-rql/src/parser/valueParsers/ScalarParser.ts">
        <metrics statements="31" coveredstatements="29" conditionals="20" coveredconditionals="18" methods="5" coveredmethods="5"/>
        <line num="3" count="5" type="stmt"/>
        <line num="5" count="5" type="stmt"/>
        <line num="9" count="1031" type="stmt"/>
        <line num="15" count="1123" type="stmt"/>
        <line num="17" count="1123" type="cond" truecount="2" falsecount="0"/>
        <line num="18" count="91" type="stmt"/>
        <line num="20" count="1032" type="stmt"/>
        <line num="21" count="1032" type="stmt"/>
        <line num="23" count="1123" type="stmt"/>
        <line num="27" count="4124" type="stmt"/>
        <line num="28" count="4124" type="stmt"/>
        <line num="32" count="1032" type="cond" truecount="1" falsecount="1"/>
        <line num="33" count="1032" type="stmt"/>
        <line num="36" count="0" type="stmt"/>
        <line num="42" count="91" type="cond" truecount="2" falsecount="0"/>
        <line num="43" count="1" type="stmt"/>
        <line num="45" count="90" type="cond" truecount="2" falsecount="0"/>
        <line num="46" count="1" type="stmt"/>
        <line num="48" count="89" type="cond" truecount="2" falsecount="0"/>
        <line num="49" count="4" type="stmt"/>
        <line num="51" count="85" type="cond" truecount="2" falsecount="0"/>
        <line num="52" count="1" type="stmt"/>
        <line num="54" count="84" type="cond" truecount="2" falsecount="0"/>
        <line num="55" count="3" type="stmt"/>
        <line num="57" count="81" type="cond" truecount="2" falsecount="0"/>
        <line num="58" count="39" type="stmt"/>
        <line num="60" count="42" type="cond" truecount="2" falsecount="0"/>
        <line num="61" count="41" type="stmt"/>
        <line num="63" count="1" type="cond" truecount="1" falsecount="1"/>
        <line num="64" count="1" type="stmt"/>
        <line num="66" count="0" type="stmt"/>
      </file>
    </package>
  </project>
</coverage>
