{"/Users/tricky_lake/dev/tricky-max/lib/rollun-ts-rql/src/Query.ts": {"path":"/Users/tricky_lake/dev/tricky-max/lib/rollun-ts-rql/src/Query.ts","statementMap":{"0":{"start":{"line":3,"column":0},"end":{"line":3,"column":49}},"1":{"start":{"line":6,"column":0},"end":{"line":6,"column":43}},"2":{"start":{"line":24,"column":2},"end":{"line":24,"column":33}},"3":{"start":{"line":25,"column":2},"end":{"line":25,"column":34}},"4":{"start":{"line":26,"column":2},"end":{"line":26,"column":32}},"5":{"start":{"line":27,"column":2},"end":{"line":27,"column":33}},"6":{"start":{"line":28,"column":2},"end":{"line":28,"column":33}},"7":{"start":{"line":32,"column":2},"end":{"line":32,"column":22}},"8":{"start":{"line":33,"column":2},"end":{"line":33,"column":14}},"9":{"start":{"line":37,"column":2},"end":{"line":37,"column":23}},"10":{"start":{"line":38,"column":2},"end":{"line":38,"column":14}},"11":{"start":{"line":42,"column":2},"end":{"line":42,"column":21}},"12":{"start":{"line":43,"column":2},"end":{"line":43,"column":14}},"13":{"start":{"line":47,"column":2},"end":{"line":47,"column":22}},"14":{"start":{"line":48,"column":2},"end":{"line":48,"column":14}},"15":{"start":{"line":52,"column":2},"end":{"line":52,"column":22}},"16":{"start":{"line":53,"column":2},"end":{"line":53,"column":14}},"17":{"start":{"line":57,"column":2},"end":{"line":59,"column":null}},"18":{"start":{"line":58,"column":3},"end":{"line":58,"column":58}},"19":{"start":{"line":60,"column":2},"end":{"line":60,"column":25}},"20":{"start":{"line":61,"column":2},"end":{"line":61,"column":14}},"21":{"start":{"line":65,"column":2},"end":{"line":65,"column":26}},"22":{"start":{"line":69,"column":2},"end":{"line":69,"column":27}},"23":{"start":{"line":73,"column":2},"end":{"line":73,"column":24}},"24":{"start":{"line":77,"column":2},"end":{"line":77,"column":25}},"25":{"start":{"line":81,"column":2},"end":{"line":81,"column":25}},"26":{"start":{"line":85,"column":2},"end":{"line":85,"column":26}},"27":{"start":{"line":89,"column":2},"end":{"line":89,"column":25}},"28":{"start":{"line":93,"column":2},"end":{"line":93,"column":26}},"29":{"start":{"line":97,"column":2},"end":{"line":97,"column":25}},"30":{"start":{"line":101,"column":2},"end":{"line":101,"column":26}},"31":{"start":{"line":105,"column":2},"end":{"line":105,"column":42}},"32":{"start":{"line":8,"column":0},"end":{"line":8,"column":null}}},"fnMap":{"0":{"name":"(anonymous_1)","decl":{"start":{"line":16,"column":1},"end":{"line":16,"column":null}},"loc":{"start":{"line":23,"column":8},"end":{"line":29,"column":2}}},"1":{"name":"(anonymous_2)","decl":{"start":{"line":31,"column":1},"end":{"line":31,"column":9}},"loc":{"start":{"line":31,"column":30},"end":{"line":34,"column":2}}},"2":{"name":"(anonymous_3)","decl":{"start":{"line":36,"column":1},"end":{"line":36,"column":10}},"loc":{"start":{"line":36,"column":20},"end":{"line":39,"column":2}}},"3":{"name":"(anonymous_4)","decl":{"start":{"line":41,"column":1},"end":{"line":41,"column":8}},"loc":{"start":{"line":41,"column":16},"end":{"line":44,"column":2}}},"4":{"name":"(anonymous_5)","decl":{"start":{"line":46,"column":1},"end":{"line":46,"column":9}},"loc":{"start":{"line":46,"column":18},"end":{"line":49,"column":2}}},"5":{"name":"(anonymous_6)","decl":{"start":{"line":51,"column":1},"end":{"line":51,"column":11}},"loc":{"start":{"line":51,"column":22},"end":{"line":54,"column":2}}},"6":{"name":"(anonymous_7)","decl":{"start":{"line":56,"column":1},"end":{"line":56,"column":13}},"loc":{"start":{"line":56,"column":45},"end":{"line":62,"column":2}}},"7":{"name":"(anonymous_8)","decl":{"start":{"line":64,"column":1},"end":{"line":64,"column":5}},"loc":{"start":{"line":64,"column":15},"end":{"line":66,"column":2}}},"8":{"name":"(anonymous_9)","decl":{"start":{"line":68,"column":1},"end":{"line":68,"column":5}},"loc":{"start":{"line":68,"column":21},"end":{"line":70,"column":2}}},"9":{"name":"(anonymous_10)","decl":{"start":{"line":72,"column":1},"end":{"line":72,"column":5}},"loc":{"start":{"line":72,"column":13},"end":{"line":74,"column":2}}},"10":{"name":"(anonymous_11)","decl":{"start":{"line":76,"column":1},"end":{"line":76,"column":5}},"loc":{"start":{"line":76,"column":19},"end":{"line":78,"column":2}}},"11":{"name":"(anonymous_12)","decl":{"start":{"line":80,"column":1},"end":{"line":80,"column":5}},"loc":{"start":{"line":80,"column":14},"end":{"line":82,"column":2}}},"12":{"name":"(anonymous_13)","decl":{"start":{"line":84,"column":1},"end":{"line":84,"column":5}},"loc":{"start":{"line":84,"column":20},"end":{"line":86,"column":2}}},"13":{"name":"(anonymous_14)","decl":{"start":{"line":88,"column":1},"end":{"line":88,"column":5}},"loc":{"start":{"line":88,"column":14},"end":{"line":90,"column":2}}},"14":{"name":"(anonymous_15)","decl":{"start":{"line":92,"column":1},"end":{"line":92,"column":5}},"loc":{"start":{"line":92,"column":20},"end":{"line":94,"column":2}}},"15":{"name":"(anonymous_16)","decl":{"start":{"line":96,"column":1},"end":{"line":96,"column":5}},"loc":{"start":{"line":96,"column":14},"end":{"line":98,"column":2}}},"16":{"name":"(anonymous_17)","decl":{"start":{"line":100,"column":1},"end":{"line":100,"column":5}},"loc":{"start":{"line":100,"column":20},"end":{"line":102,"column":2}}},"17":{"name":"(anonymous_18)","decl":{"start":{"line":104,"column":1},"end":{"line":104,"column":9}},"loc":{"start":{"line":104,"column":9},"end":{"line":106,"column":2}}}},"branchMap":{"0":{"loc":{"start":{"line":23,"column":6},"end":{"line":23,"column":8}},"type":"default-arg","locations":[{"start":{"line":23,"column":6},"end":{"line":23,"column":8}}]},"1":{"loc":{"start":{"line":56,"column":26},"end":{"line":56,"column":29}},"type":"default-arg","locations":[{"start":{"line":56,"column":26},"end":{"line":56,"column":29}}]},"2":{"loc":{"start":{"line":56,"column":44},"end":{"line":56,"column":45}},"type":"default-arg","locations":[{"start":{"line":56,"column":44},"end":{"line":56,"column":45}}]},"3":{"loc":{"start":{"line":57,"column":2},"end":{"line":59,"column":null}},"type":"if","locations":[{"start":{"line":57,"column":2},"end":{"line":59,"column":null}},{"start":{"line":57,"column":2},"end":{"line":59,"column":null}}]}},"s":{"0":5,"1":5,"2":2079,"3":2079,"4":2079,"5":2079,"6":2079,"7":0,"8":0,"9":0,"10":0,"11":0,"12":0,"13":1,"14":1,"15":0,"16":0,"17":5,"18":1,"19":4,"20":4,"21":0,"22":1003,"23":0,"24":1003,"25":0,"26":1006,"27":1156,"28":1070,"29":0,"30":2,"31":0,"32":5},"f":{"0":2079,"1":0,"2":0,"3":0,"4":1,"5":0,"6":5,"7":0,"8":1003,"9":0,"10":1003,"11":0,"12":1006,"13":1156,"14":1070,"15":0,"16":2,"17":0},"b":{"0":[1057],"1":[0],"2":[5],"3":[1,4]}}
,"/Users/tricky_lake/dev/tricky-max/lib/rollun-ts-rql/src/QueryBuilder.ts": {"path":"/Users/tricky_lake/dev/tricky-max/lib/rollun-ts-rql/src/QueryBuilder.ts","statementMap":{"0":{"start":{"line":1,"column":0},"end":{"line":1,"column":55}},"1":{"start":{"line":2,"column":0},"end":{"line":2,"column":60}},"2":{"start":{"line":3,"column":0},"end":{"line":3,"column":42}},"3":{"start":{"line":4,"column":0},"end":{"line":4,"column":48}},"4":{"start":{"line":5,"column":0},"end":{"line":5,"column":47}},"5":{"start":{"line":6,"column":0},"end":{"line":6,"column":49}},"6":{"start":{"line":7,"column":0},"end":{"line":7,"column":59}},"7":{"start":{"line":8,"column":0},"end":{"line":8,"column":75}},"8":{"start":{"line":9,"column":0},"end":{"line":9,"column":50}},"9":{"start":{"line":10,"column":0},"end":{"line":10,"column":41}},"10":{"start":{"line":17,"column":2},"end":{"line":17,"column":27}},"11":{"start":{"line":21,"column":2},"end":{"line":23,"column":null}},"12":{"start":{"line":22,"column":3},"end":{"line":22,"column":31}},"13":{"start":{"line":24,"column":2},"end":{"line":26,"column":null}},"14":{"start":{"line":25,"column":3},"end":{"line":25,"column":30}},"15":{"start":{"line":27,"column":2},"end":{"line":29,"column":null}},"16":{"start":{"line":28,"column":3},"end":{"line":28,"column":29}},"17":{"start":{"line":30,"column":2},"end":{"line":32,"column":null}},"18":{"start":{"line":31,"column":3},"end":{"line":31,"column":30}},"19":{"start":{"line":33,"column":2},"end":{"line":35,"column":null}},"20":{"start":{"line":34,"column":3},"end":{"line":34,"column":32}},"21":{"start":{"line":36,"column":2},"end":{"line":36,"column":51}},"22":{"start":{"line":40,"column":2},"end":{"line":40,"column":20}},"23":{"start":{"line":44,"column":2},"end":{"line":44,"column":33}},"24":{"start":{"line":45,"column":2},"end":{"line":45,"column":14}},"25":{"start":{"line":49,"column":18},"end":{"line":49,"column":38}},"26":{"start":{"line":50,"column":2},"end":{"line":58,"column":null}},"27":{"start":{"line":51,"column":3},"end":{"line":51,"column":32}},"28":{"start":{"line":53,"column":3},"end":{"line":57,"column":null}},"29":{"start":{"line":54,"column":4},"end":{"line":54,"column":27}},"30":{"start":{"line":56,"column":4},"end":{"line":56,"column":55}},"31":{"start":{"line":59,"column":2},"end":{"line":59,"column":14}},"32":{"start":{"line":63,"column":2},"end":{"line":63,"column":29}},"33":{"start":{"line":64,"column":2},"end":{"line":64,"column":14}},"34":{"start":{"line":68,"column":2},"end":{"line":68,"column":31}},"35":{"start":{"line":69,"column":2},"end":{"line":69,"column":14}},"36":{"start":{"line":73,"column":2},"end":{"line":73,"column":30}},"37":{"start":{"line":74,"column":2},"end":{"line":74,"column":14}},"38":{"start":{"line":78,"column":2},"end":{"line":78,"column":28}},"39":{"start":{"line":82,"column":2},"end":{"line":85,"column":null}},"40":{"start":{"line":83,"column":3},"end":{"line":83,"column":34}},"41":{"start":{"line":84,"column":3},"end":{"line":84,"column":15}},"42":{"start":{"line":86,"column":2},"end":{"line":88,"column":null}},"43":{"start":{"line":87,"column":3},"end":{"line":87,"column":32}},"44":{"start":{"line":89,"column":2},"end":{"line":91,"column":null}},"45":{"start":{"line":90,"column":3},"end":{"line":90,"column":31}},"46":{"start":{"line":92,"column":2},"end":{"line":94,"column":null}},"47":{"start":{"line":93,"column":3},"end":{"line":93,"column":30}},"48":{"start":{"line":95,"column":2},"end":{"line":97,"column":null}},"49":{"start":{"line":96,"column":3},"end":{"line":96,"column":31}},"50":{"start":{"line":98,"column":2},"end":{"line":100,"column":null}},"51":{"start":{"line":99,"column":3},"end":{"line":99,"column":33}},"52":{"start":{"line":101,"column":2},"end":{"line":101,"column":87}},"53":{"start":{"line":105,"column":2},"end":{"line":107,"column":5}},"54":{"start":{"line":108,"column":2},"end":{"line":108,"column":14}},"55":{"start":{"line":112,"column":2},"end":{"line":114,"column":5}},"56":{"start":{"line":115,"column":2},"end":{"line":115,"column":14}},"57":{"start":{"line":119,"column":2},"end":{"line":121,"column":5}},"58":{"start":{"line":122,"column":2},"end":{"line":122,"column":14}},"59":{"start":{"line":126,"column":2},"end":{"line":128,"column":5}},"60":{"start":{"line":129,"column":2},"end":{"line":129,"column":14}},"61":{"start":{"line":133,"column":2},"end":{"line":135,"column":5}},"62":{"start":{"line":136,"column":2},"end":{"line":136,"column":14}},"63":{"start":{"line":12,"column":0},"end":{"line":12,"column":null}}},"fnMap":{"0":{"name":"(anonymous_1)","decl":{"start":{"line":16,"column":1},"end":{"line":16,"column":null}},"loc":{"start":{"line":16,"column":1},"end":{"line":18,"column":2}}},"1":{"name":"(anonymous_2)","decl":{"start":{"line":20,"column":1},"end":{"line":20,"column":8}},"loc":{"start":{"line":20,"column":27},"end":{"line":37,"column":2}}},"2":{"name":"(anonymous_3)","decl":{"start":{"line":39,"column":1},"end":{"line":39,"column":9}},"loc":{"start":{"line":39,"column":9},"end":{"line":41,"column":2}}},"3":{"name":"(anonymous_4)","decl":{"start":{"line":43,"column":1},"end":{"line":43,"column":10}},"loc":{"start":{"line":43,"column":25},"end":{"line":46,"column":2}}},"4":{"name":"(anonymous_5)","decl":{"start":{"line":48,"column":1},"end":{"line":48,"column":9}},"loc":{"start":{"line":48,"column":34},"end":{"line":60,"column":2}}},"5":{"name":"(anonymous_6)","decl":{"start":{"line":62,"column":1},"end":{"line":62,"column":8}},"loc":{"start":{"line":62,"column":19},"end":{"line":65,"column":2}}},"6":{"name":"(anonymous_7)","decl":{"start":{"line":67,"column":1},"end":{"line":67,"column":9}},"loc":{"start":{"line":67,"column":22},"end":{"line":70,"column":2}}},"7":{"name":"(anonymous_8)","decl":{"start":{"line":72,"column":1},"end":{"line":72,"column":11}},"loc":{"start":{"line":72,"column":25},"end":{"line":75,"column":2}}},"8":{"name":"(anonymous_9)","decl":{"start":{"line":77,"column":1},"end":{"line":77,"column":7}},"loc":{"start":{"line":77,"column":14},"end":{"line":79,"column":2}}},"9":{"name":"(anonymous_10)","decl":{"start":{"line":81,"column":1},"end":{"line":81,"column":5}},"loc":{"start":{"line":81,"column":32},"end":{"line":102,"column":2}}},"10":{"name":"(anonymous_11)","decl":{"start":{"line":104,"column":1},"end":{"line":104,"column":11}},"loc":{"start":{"line":104,"column":26},"end":{"line":109,"column":2}}},"11":{"name":"(anonymous_12)","decl":{"start":{"line":111,"column":1},"end":{"line":111,"column":10}},"loc":{"start":{"line":111,"column":23},"end":{"line":116,"column":2}}},"12":{"name":"(anonymous_13)","decl":{"start":{"line":118,"column":1},"end":{"line":118,"column":10}},"loc":{"start":{"line":118,"column":35},"end":{"line":123,"column":2}}},"13":{"name":"(anonymous_14)","decl":{"start":{"line":125,"column":1},"end":{"line":125,"column":12}},"loc":{"start":{"line":125,"column":29},"end":{"line":130,"column":2}}},"14":{"name":"(anonymous_15)","decl":{"start":{"line":132,"column":1},"end":{"line":132,"column":9}},"loc":{"start":{"line":132,"column":20},"end":{"line":137,"column":2}}}},"branchMap":{"0":{"loc":{"start":{"line":21,"column":2},"end":{"line":23,"column":null}},"type":"if","locations":[{"start":{"line":21,"column":2},"end":{"line":23,"column":null}},{"start":{"line":21,"column":2},"end":{"line":23,"column":null}}]},"1":{"loc":{"start":{"line":24,"column":2},"end":{"line":26,"column":null}},"type":"if","locations":[{"start":{"line":24,"column":2},"end":{"line":26,"column":null}},{"start":{"line":24,"column":2},"end":{"line":26,"column":null}}]},"2":{"loc":{"start":{"line":27,"column":2},"end":{"line":29,"column":null}},"type":"if","locations":[{"start":{"line":27,"column":2},"end":{"line":29,"column":null}},{"start":{"line":27,"column":2},"end":{"line":29,"column":null}}]},"3":{"loc":{"start":{"line":30,"column":2},"end":{"line":32,"column":null}},"type":"if","locations":[{"start":{"line":30,"column":2},"end":{"line":32,"column":null}},{"start":{"line":30,"column":2},"end":{"line":32,"column":null}}]},"4":{"loc":{"start":{"line":33,"column":2},"end":{"line":35,"column":null}},"type":"if","locations":[{"start":{"line":33,"column":2},"end":{"line":35,"column":null}},{"start":{"line":33,"column":2},"end":{"line":35,"column":null}}]},"5":{"loc":{"start":{"line":50,"column":2},"end":{"line":58,"column":null}},"type":"if","locations":[{"start":{"line":50,"column":2},"end":{"line":58,"column":null}},{"start":{"line":50,"column":2},"end":{"line":58,"column":null}}]},"6":{"loc":{"start":{"line":53,"column":3},"end":{"line":57,"column":null}},"type":"if","locations":[{"start":{"line":53,"column":3},"end":{"line":57,"column":null}},{"start":{"line":53,"column":3},"end":{"line":57,"column":null}}]},"7":{"loc":{"start":{"line":82,"column":2},"end":{"line":85,"column":null}},"type":"if","locations":[{"start":{"line":82,"column":2},"end":{"line":85,"column":null}},{"start":{"line":82,"column":2},"end":{"line":85,"column":null}}]},"8":{"loc":{"start":{"line":86,"column":2},"end":{"line":88,"column":null}},"type":"if","locations":[{"start":{"line":86,"column":2},"end":{"line":88,"column":null}},{"start":{"line":86,"column":2},"end":{"line":88,"column":null}}]},"9":{"loc":{"start":{"line":89,"column":2},"end":{"line":91,"column":null}},"type":"if","locations":[{"start":{"line":89,"column":2},"end":{"line":91,"column":null}},{"start":{"line":89,"column":2},"end":{"line":91,"column":null}}]},"10":{"loc":{"start":{"line":92,"column":2},"end":{"line":94,"column":null}},"type":"if","locations":[{"start":{"line":92,"column":2},"end":{"line":94,"column":null}},{"start":{"line":92,"column":2},"end":{"line":94,"column":null}}]},"11":{"loc":{"start":{"line":95,"column":2},"end":{"line":97,"column":null}},"type":"if","locations":[{"start":{"line":95,"column":2},"end":{"line":97,"column":null}},{"start":{"line":95,"column":2},"end":{"line":97,"column":null}}]},"12":{"loc":{"start":{"line":98,"column":2},"end":{"line":100,"column":null}},"type":"if","locations":[{"start":{"line":98,"column":2},"end":{"line":100,"column":null}},{"start":{"line":98,"column":2},"end":{"line":100,"column":null}}]},"13":{"loc":{"start":{"line":101,"column":67},"end":{"line":101,"column":76}},"type":"cond-expr","locations":[{"start":{"line":101,"column":67},"end":{"line":101,"column":76}},{"start":{"line":101,"column":79},"end":{"line":101,"column":82}}]}},"s":{"0":5,"1":5,"2":5,"3":5,"4":5,"5":5,"6":5,"7":5,"8":5,"9":5,"10":1054,"11":4093,"12":1002,"13":3091,"14":1083,"15":2008,"16":1002,"17":1006,"18":1005,"19":1,"20":1,"21":0,"22":1054,"23":1003,"24":1003,"25":1156,"26":1156,"27":1048,"28":108,"29":86,"30":22,"31":1156,"32":1003,"33":1003,"34":1006,"35":1006,"36":2,"37":2,"38":1,"39":2,"40":1,"41":1,"42":1,"43":0,"44":1,"45":1,"46":0,"47":0,"48":0,"49":0,"50":0,"51":0,"52":0,"53":0,"54":0,"55":0,"56":0,"57":1,"58":1,"59":0,"60":0,"61":0,"62":0,"63":5},"f":{"0":1054,"1":4093,"2":1054,"3":1003,"4":1156,"5":1003,"6":1006,"7":2,"8":1,"9":2,"10":0,"11":0,"12":1,"13":0,"14":0},"b":{"0":[1002,3091],"1":[1083,2008],"2":[1002,1006],"3":[1005,1],"4":[1,0],"5":[1048,108],"6":[86,22],"7":[1,1],"8":[0,1],"9":[1,0],"10":[0,0],"11":[0,0],"12":[0,0],"13":[0,0]}}
,"/Users/tricky_lake/dev/tricky-max/lib/rollun-ts-rql/src/QueryStringifier.ts": {"path":"/Users/tricky_lake/dev/tricky-max/lib/rollun-ts-rql/src/QueryStringifier.ts","statementMap":{"0":{"start":{"line":6,"column":0},"end":{"line":6,"column":77}},"1":{"start":{"line":7,"column":0},"end":{"line":7,"column":73}},"2":{"start":{"line":8,"column":0},"end":{"line":8,"column":75}},"3":{"start":{"line":9,"column":0},"end":{"line":9,"column":81}},"4":{"start":{"line":11,"column":0},"end":{"line":11,"column":50}},"5":{"start":{"line":12,"column":0},"end":{"line":12,"column":75}},"6":{"start":{"line":16,"column":17},"end":{"line":22,"column":6}},"7":{"start":{"line":18,"column":26},"end":{"line":18,"column":30}},"8":{"start":{"line":19,"column":4},"end":{"line":19,"column":53}},"9":{"start":{"line":20,"column":4},"end":{"line":20,"column":52}},"10":{"start":{"line":24,"column":2},"end":{"line":26,"column":12}},"11":{"start":{"line":30,"column":21},"end":{"line":30,"column":46}},"12":{"start":{"line":31,"column":2},"end":{"line":42,"column":null}},"13":{"start":{"line":32,"column":3},"end":{"line":41,"column":25}},"14":{"start":{"line":43,"column":2},"end":{"line":43,"column":22}},"15":{"start":{"line":47,"column":17},"end":{"line":47,"column":20}},"16":{"start":{"line":48,"column":2},"end":{"line":50,"column":null}},"17":{"start":{"line":49,"column":3},"end":{"line":49,"column":27}},"18":{"start":{"line":51,"column":21},"end":{"line":51,"column":80}},"19":{"start":{"line":52,"column":21},"end":{"line":52,"column":37}},"20":{"start":{"line":53,"column":2},"end":{"line":57,"column":null}},"21":{"start":{"line":54,"column":3},"end":{"line":54,"column":33}},"22":{"start":{"line":56,"column":3},"end":{"line":56,"column":81}},"23":{"start":{"line":61,"column":2},"end":{"line":63,"column":null}},"24":{"start":{"line":62,"column":3},"end":{"line":62,"column":13}},"25":{"start":{"line":64,"column":24},"end":{"line":64,"column":42}},"26":{"start":{"line":65,"column":24},"end":{"line":67,"column":4}},"27":{"start":{"line":66,"column":3},"end":{"line":66,"column":72}},"28":{"start":{"line":68,"column":2},"end":{"line":68,"column":48}},"29":{"start":{"line":72,"column":2},"end":{"line":83,"column":null}},"30":{"start":{"line":74,"column":4},"end":{"line":80,"column":null}},"31":{"start":{"line":75,"column":6},"end":{"line":79,"column":null}},"32":{"start":{"line":76,"column":7},"end":{"line":76,"column":129}},"33":{"start":{"line":78,"column":7},"end":{"line":78,"column":52}},"34":{"start":{"line":82,"column":3},"end":{"line":82,"column":53}},"35":{"start":{"line":84,"column":2},"end":{"line":84,"column":12}},"36":{"start":{"line":89,"column":2},"end":{"line":102,"column":null}},"37":{"start":{"line":90,"column":3},"end":{"line":95,"column":15}},"38":{"start":{"line":91,"column":33},"end":{"line":91,"column":44}},"39":{"start":{"line":92,"column":33},"end":{"line":92,"column":62}},"40":{"start":{"line":93,"column":4},"end":{"line":93,"column":69}},"41":{"start":{"line":94,"column":4},"end":{"line":94,"column":23}},"42":{"start":{"line":96,"column":3},"end":{"line":98,"column":null}},"43":{"start":{"line":97,"column":4},"end":{"line":97,"column":52}},"44":{"start":{"line":99,"column":3},"end":{"line":99,"column":17}},"45":{"start":{"line":101,"column":3},"end":{"line":101,"column":15}},"46":{"start":{"line":103,"column":2},"end":{"line":103,"column":16}},"47":{"start":{"line":107,"column":2},"end":{"line":107,"column":63}},"48":{"start":{"line":111,"column":15},"end":{"line":111,"column":17}},"49":{"start":{"line":112,"column":2},"end":{"line":144,"column":null}},"50":{"start":{"line":114,"column":46},"end":{"line":114,"column":50}},"51":{"start":{"line":115,"column":24},"end":{"line":115,"column":40}},"52":{"start":{"line":116,"column":4},"end":{"line":118,"column":15}},"53":{"start":{"line":117,"column":5},"end":{"line":117,"column":67}},"54":{"start":{"line":119,"column":4},"end":{"line":119,"column":102}},"55":{"start":{"line":120,"column":4},"end":{"line":120,"column":53}},"56":{"start":{"line":121,"column":4},"end":{"line":121,"column":10}},"57":{"start":{"line":124,"column":44},"end":{"line":124,"column":48}},"58":{"start":{"line":125,"column":23},"end":{"line":125,"column":104}},"59":{"start":{"line":126,"column":4},"end":{"line":129,"column":78}},"60":{"start":{"line":130,"column":4},"end":{"line":130,"column":10}},"61":{"start":{"line":133,"column":46},"end":{"line":133,"column":50}},"62":{"start":{"line":134,"column":26},"end":{"line":135,"column":69}},"63":{"start":{"line":135,"column":5},"end":{"line":135,"column":68}},"64":{"start":{"line":137,"column":4},"end":{"line":138,"column":106}},"65":{"start":{"line":139,"column":4},"end":{"line":139,"column":10}},"66":{"start":{"line":141,"column":52},"end":{"line":141,"column":56}},"67":{"start":{"line":142,"column":4},"end":{"line":142,"column":121}},"68":{"start":{"line":143,"column":4},"end":{"line":143,"column":10}},"69":{"start":{"line":145,"column":2},"end":{"line":145,"column":16}},"70":{"start":{"line":155,"column":2},"end":{"line":155,"column":107}},"71":{"start":{"line":166,"column":2},"end":{"line":169,"column":null}},"72":{"start":{"line":167,"column":3},"end":{"line":167,"column":null}},"73":{"start":{"line":167,"column":17},"end":{"line":167,"column":97}},"74":{"start":{"line":168,"column":3},"end":{"line":168,"column":91}},"75":{"start":{"line":170,"column":2},"end":{"line":172,"column":89}},"76":{"start":{"line":176,"column":2},"end":{"line":176,"column":75}},"77":{"start":{"line":14,"column":0},"end":{"line":14,"column":null}}},"fnMap":{"0":{"name":"(anonymous_1)","decl":{"start":{"line":15,"column":1},"end":{"line":15,"column":7}},"loc":{"start":{"line":15,"column":30},"end":{"line":27,"column":2}}},"1":{"name":"(anonymous_2)","decl":{"start":{"line":17,"column":3},"end":{"line":17,"column":4}},"loc":{"start":{"line":17,"column":25},"end":{"line":21,"column":4}}},"2":{"name":"(anonymous_3)","decl":{"start":{"line":29,"column":11},"end":{"line":29,"column":17}},"loc":{"start":{"line":29,"column":41},"end":{"line":44,"column":2}}},"3":{"name":"(anonymous_4)","decl":{"start":{"line":46,"column":11},"end":{"line":46,"column":17}},"loc":{"start":{"line":46,"column":67},"end":{"line":58,"column":2}}},"4":{"name":"(anonymous_5)","decl":{"start":{"line":60,"column":11},"end":{"line":60,"column":17}},"loc":{"start":{"line":60,"column":47},"end":{"line":69,"column":2}}},"5":{"name":"(anonymous_6)","decl":{"start":{"line":65,"column":40},"end":{"line":65,"column":41}},"loc":{"start":{"line":65,"column":57},"end":{"line":67,"column":3}}},"6":{"name":"(anonymous_7)","decl":{"start":{"line":71,"column":11},"end":{"line":71,"column":17}},"loc":{"start":{"line":71,"column":47},"end":{"line":85,"column":2}}},"7":{"name":"(anonymous_8)","decl":{"start":{"line":74,"column":20},"end":{"line":74,"column":21}},"loc":{"start":{"line":74,"column":34},"end":{"line":80,"column":6}}},"8":{"name":"(anonymous_9)","decl":{"start":{"line":87,"column":11},"end":{"line":87,"column":17}},"loc":{"start":{"line":87,"column":43},"end":{"line":104,"column":2}}},"9":{"name":"(anonymous_10)","decl":{"start":{"line":90,"column":52},"end":{"line":90,"column":53}},"loc":{"start":{"line":90,"column":81},"end":{"line":95,"column":4}}},"10":{"name":"(anonymous_11)","decl":{"start":{"line":106,"column":11},"end":{"line":106,"column":17}},"loc":{"start":{"line":106,"column":45},"end":{"line":108,"column":2}}},"11":{"name":"(anonymous_12)","decl":{"start":{"line":110,"column":11},"end":{"line":110,"column":17}},"loc":{"start":{"line":110,"column":52},"end":{"line":146,"column":2}}},"12":{"name":"(anonymous_13)","decl":{"start":{"line":116,"column":42},"end":{"line":116,"column":43}},"loc":{"start":{"line":116,"column":71},"end":{"line":118,"column":5}}},"13":{"name":"(anonymous_14)","decl":{"start":{"line":134,"column":47},"end":{"line":134,"column":52}},"loc":{"start":{"line":135,"column":5},"end":{"line":135,"column":68}}},"14":{"name":"(anonymous_15)","decl":{"start":{"line":154,"column":9},"end":{"line":154,"column":15}},"loc":{"start":{"line":154,"column":66},"end":{"line":156,"column":2}}},"15":{"name":"(anonymous_16)","decl":{"start":{"line":165,"column":9},"end":{"line":165,"column":15}},"loc":{"start":{"line":165,"column":96},"end":{"line":173,"column":2}}},"16":{"name":"(anonymous_17)","decl":{"start":{"line":175,"column":11},"end":{"line":175,"column":17}},"loc":{"start":{"line":175,"column":46},"end":{"line":177,"column":2}}}},"branchMap":{"0":{"loc":{"start":{"line":25,"column":5},"end":{"line":25,"column":43}},"type":"cond-expr","locations":[{"start":{"line":25,"column":5},"end":{"line":25,"column":43}},{"start":{"line":26,"column":5},"end":{"line":26,"column":11}}]},"1":{"loc":{"start":{"line":48,"column":2},"end":{"line":50,"column":null}},"type":"if","locations":[{"start":{"line":48,"column":2},"end":{"line":50,"column":null}},{"start":{"line":48,"column":2},"end":{"line":50,"column":null}}]},"2":{"loc":{"start":{"line":53,"column":2},"end":{"line":57,"column":null}},"type":"if","locations":[{"start":{"line":53,"column":2},"end":{"line":57,"column":null}},{"start":{"line":53,"column":2},"end":{"line":57,"column":null}}]},"3":{"loc":{"start":{"line":61,"column":2},"end":{"line":63,"column":null}},"type":"if","locations":[{"start":{"line":61,"column":2},"end":{"line":63,"column":null}},{"start":{"line":61,"column":2},"end":{"line":63,"column":null}}]},"4":{"loc":{"start":{"line":66,"column":62},"end":{"line":66,"column":65}},"type":"cond-expr","locations":[{"start":{"line":66,"column":62},"end":{"line":66,"column":65}},{"start":{"line":66,"column":68},"end":{"line":66,"column":70}}]},"5":{"loc":{"start":{"line":72,"column":2},"end":{"line":83,"column":null}},"type":"if","locations":[{"start":{"line":72,"column":2},"end":{"line":83,"column":null}},{"start":{"line":72,"column":2},"end":{"line":83,"column":null}}]},"6":{"loc":{"start":{"line":75,"column":6},"end":{"line":79,"column":null}},"type":"if","locations":[{"start":{"line":75,"column":6},"end":{"line":79,"column":null}},{"start":{"line":75,"column":6},"end":{"line":79,"column":null}}]},"7":{"loc":{"start":{"line":89,"column":2},"end":{"line":102,"column":null}},"type":"if","locations":[{"start":{"line":89,"column":2},"end":{"line":102,"column":null}},{"start":{"line":89,"column":2},"end":{"line":102,"column":null}}]},"8":{"loc":{"start":{"line":92,"column":53},"end":{"line":92,"column":56}},"type":"cond-expr","locations":[{"start":{"line":92,"column":53},"end":{"line":92,"column":56}},{"start":{"line":92,"column":59},"end":{"line":92,"column":62}}]},"9":{"loc":{"start":{"line":96,"column":3},"end":{"line":98,"column":null}},"type":"if","locations":[{"start":{"line":96,"column":3},"end":{"line":98,"column":null}},{"start":{"line":96,"column":3},"end":{"line":98,"column":null}}]},"10":{"loc":{"start":{"line":107,"column":16},"end":{"line":107,"column":57}},"type":"cond-expr","locations":[{"start":{"line":107,"column":16},"end":{"line":107,"column":57}},{"start":{"line":107,"column":60},"end":{"line":107,"column":62}}]},"11":{"loc":{"start":{"line":113,"column":3},"end":{"line":121,"column":10}},"type":"switch","locations":[{"start":{"line":113,"column":3},"end":{"line":121,"column":10}},{"start":{"line":123,"column":3},"end":{"line":130,"column":10}},{"start":{"line":132,"column":3},"end":{"line":139,"column":10}},{"start":{"line":140,"column":3},"end":{"line":143,"column":10}}]},"12":{"loc":{"start":{"line":119,"column":54},"end":{"line":119,"column":92}},"type":"cond-expr","locations":[{"start":{"line":119,"column":54},"end":{"line":119,"column":92}},{"start":{"line":119,"column":95},"end":{"line":119,"column":101}}]},"13":{"loc":{"start":{"line":125,"column":58},"end":{"line":125,"column":85}},"type":"cond-expr","locations":[{"start":{"line":125,"column":58},"end":{"line":125,"column":85}},{"start":{"line":125,"column":88},"end":{"line":125,"column":104}}]},"14":{"loc":{"start":{"line":155,"column":79},"end":{"line":155,"column":88}},"type":"cond-expr","locations":[{"start":{"line":155,"column":79},"end":{"line":155,"column":88}},{"start":{"line":155,"column":91},"end":{"line":155,"column":94}}]},"15":{"loc":{"start":{"line":155,"column":13},"end":{"line":155,"column":38}},"type":"binary-expr","locations":[{"start":{"line":155,"column":13},"end":{"line":155,"column":38}},{"start":{"line":155,"column":42},"end":{"line":155,"column":60}},{"start":{"line":155,"column":64},"end":{"line":155,"column":76}}]},"16":{"loc":{"start":{"line":165,"column":94},"end":{"line":165,"column":96}},"type":"default-arg","locations":[{"start":{"line":165,"column":94},"end":{"line":165,"column":96}}]},"17":{"loc":{"start":{"line":165,"column":84},"end":{"line":165,"column":89}},"type":"default-arg","locations":[{"start":{"line":165,"column":84},"end":{"line":165,"column":89}}]},"18":{"loc":{"start":{"line":166,"column":2},"end":{"line":169,"column":null}},"type":"if","locations":[{"start":{"line":166,"column":2},"end":{"line":169,"column":null}},{"start":{"line":166,"column":2},"end":{"line":169,"column":null}}]},"19":{"loc":{"start":{"line":167,"column":3},"end":{"line":167,"column":null}},"type":"if","locations":[{"start":{"line":167,"column":3},"end":{"line":167,"column":null}},{"start":{"line":167,"column":3},"end":{"line":167,"column":null}}]},"20":{"loc":{"start":{"line":168,"column":38},"end":{"line":168,"column":43}},"type":"cond-expr","locations":[{"start":{"line":168,"column":38},"end":{"line":168,"column":43}},{"start":{"line":168,"column":46},"end":{"line":168,"column":90}}]},"21":{"loc":{"start":{"line":171,"column":5},"end":{"line":171,"column":13}},"type":"cond-expr","locations":[{"start":{"line":171,"column":5},"end":{"line":171,"column":13}},{"start":{"line":172,"column":6},"end":{"line":172,"column":86}}]},"22":{"loc":{"start":{"line":170,"column":10},"end":{"line":170,"column":22}},"type":"binary-expr","locations":[{"start":{"line":170,"column":10},"end":{"line":170,"column":22}},{"start":{"line":170,"column":26},"end":{"line":170,"column":40}},{"start":{"line":170,"column":44},"end":{"line":170,"column":63}},{"start":{"line":170,"column":67},"end":{"line":170,"column":85}}]},"23":{"loc":{"start":{"line":172,"column":34},"end":{"line":172,"column":39}},"type":"cond-expr","locations":[{"start":{"line":172,"column":34},"end":{"line":172,"column":39}},{"start":{"line":172,"column":42},"end":{"line":172,"column":86}}]},"24":{"loc":{"start":{"line":176,"column":66},"end":{"line":176,"column":69}},"type":"cond-expr","locations":[{"start":{"line":176,"column":66},"end":{"line":176,"column":69}},{"start":{"line":176,"column":72},"end":{"line":176,"column":74}}]},"25":{"loc":{"start":{"line":176,"column":10},"end":{"line":176,"column":28}},"type":"binary-expr","locations":[{"start":{"line":176,"column":10},"end":{"line":176,"column":28}},{"start":{"line":176,"column":32},"end":{"line":176,"column":62}}]}},"s":{"0":5,"1":5,"2":5,"3":5,"4":5,"5":5,"6":101016,"7":505080,"8":505080,"9":505080,"10":101016,"11":808153,"12":808153,"13":26,"14":808153,"15":505080,"16":505080,"17":505080,"18":505080,"19":505080,"20":505080,"21":505080,"22":0,"23":101016,"24":101015,"25":1,"26":1,"27":2,"28":1,"29":101016,"30":101009,"31":404029,"32":4,"33":404025,"34":101009,"35":7,"36":101016,"37":101002,"38":101003,"39":101003,"40":101003,"41":101003,"42":101002,"43":101002,"44":101002,"45":14,"46":101016,"47":101016,"48":101066,"49":101066,"50":16,"51":16,"52":16,"53":50,"54":16,"55":16,"56":16,"57":101039,"58":101039,"59":101039,"60":101039,"61":2,"62":2,"63":5,"64":2,"65":2,"66":5,"67":5,"68":5,"69":101066,"70":101044,"71":303126,"72":202082,"73":0,"74":202082,"75":101044,"76":505080,"77":5},"f":{"0":101016,"1":505080,"2":808153,"3":505080,"4":101016,"5":2,"6":101016,"7":404029,"8":101016,"9":101003,"10":101016,"11":101066,"12":50,"13":5,"14":101044,"15":303126,"16":505080},"b":{"0":[101016,0],"1":[505080,0],"2":[505080,0],"3":[101015,1],"4":[1,1],"5":[101009,7],"6":[4,404025],"7":[101002,14],"8":[2,101001],"9":[101002,0],"10":[101004,12],"11":[16,101039,2,5],"12":[16,0],"13":[0,101039],"14":[101028,16],"15":[101044,101030,101028],"16":[101044],"17":[101044],"18":[202082,101044],"19":[0,202082],"20":[0,202082],"21":[2,101042],"22":[101044,101044,101044,101044],"23":[14,101028],"24":[404028,101052],"25":[505080,404049]}}
,"/Users/tricky_lake/dev/tricky-max/lib/rollun-ts-rql/src/RqlParser.ts": {"path":"/Users/tricky_lake/dev/tricky-max/lib/rollun-ts-rql/src/RqlParser.ts","statementMap":{"0":{"start":{"line":2,"column":0},"end":{"line":2,"column":55}},"1":{"start":{"line":3,"column":0},"end":{"line":3,"column":73}},"2":{"start":{"line":4,"column":0},"end":{"line":4,"column":62}},"3":{"start":{"line":5,"column":0},"end":{"line":5,"column":69}},"4":{"start":{"line":6,"column":0},"end":{"line":6,"column":75}},"5":{"start":{"line":7,"column":0},"end":{"line":7,"column":67}},"6":{"start":{"line":8,"column":0},"end":{"line":8,"column":71}},"7":{"start":{"line":9,"column":0},"end":{"line":9,"column":60}},"8":{"start":{"line":10,"column":0},"end":{"line":10,"column":60}},"9":{"start":{"line":11,"column":0},"end":{"line":11,"column":64}},"10":{"start":{"line":12,"column":0},"end":{"line":12,"column":59}},"11":{"start":{"line":13,"column":0},"end":{"line":13,"column":86}},"12":{"start":{"line":14,"column":0},"end":{"line":14,"column":84}},"13":{"start":{"line":15,"column":0},"end":{"line":15,"column":86}},"14":{"start":{"line":16,"column":0},"end":{"line":16,"column":91}},"15":{"start":{"line":17,"column":0},"end":{"line":17,"column":93}},"16":{"start":{"line":18,"column":0},"end":{"line":18,"column":91}},"17":{"start":{"line":19,"column":0},"end":{"line":19,"column":91}},"18":{"start":{"line":20,"column":0},"end":{"line":20,"column":91}},"19":{"start":{"line":21,"column":0},"end":{"line":21,"column":91}},"20":{"start":{"line":22,"column":0},"end":{"line":22,"column":91}},"21":{"start":{"line":23,"column":0},"end":{"line":23,"column":91}},"22":{"start":{"line":24,"column":0},"end":{"line":24,"column":95}},"23":{"start":{"line":25,"column":0},"end":{"line":25,"column":100}},"24":{"start":{"line":26,"column":0},"end":{"line":26,"column":102}},"25":{"start":{"line":27,"column":0},"end":{"line":27,"column":100}},"26":{"start":{"line":28,"column":0},"end":{"line":28,"column":100}},"27":{"start":{"line":29,"column":0},"end":{"line":29,"column":100}},"28":{"start":{"line":30,"column":0},"end":{"line":30,"column":100}},"29":{"start":{"line":31,"column":0},"end":{"line":31,"column":100}},"30":{"start":{"line":32,"column":0},"end":{"line":32,"column":100}},"31":{"start":{"line":33,"column":0},"end":{"line":33,"column":104}},"32":{"start":{"line":34,"column":0},"end":{"line":34,"column":65}},"33":{"start":{"line":35,"column":0},"end":{"line":35,"column":67}},"34":{"start":{"line":36,"column":0},"end":{"line":36,"column":35}},"35":{"start":{"line":37,"column":0},"end":{"line":37,"column":37}},"36":{"start":{"line":38,"column":0},"end":{"line":38,"column":93}},"37":{"start":{"line":39,"column":0},"end":{"line":39,"column":112}},"38":{"start":{"line":40,"column":0},"end":{"line":40,"column":105}},"39":{"start":{"line":41,"column":0},"end":{"line":41,"column":103}},"40":{"start":{"line":42,"column":0},"end":{"line":42,"column":89}},"41":{"start":{"line":43,"column":0},"end":{"line":43,"column":88}},"42":{"start":{"line":44,"column":0},"end":{"line":44,"column":88}},"43":{"start":{"line":45,"column":0},"end":{"line":45,"column":86}},"44":{"start":{"line":46,"column":0},"end":{"line":46,"column":97}},"45":{"start":{"line":47,"column":0},"end":{"line":47,"column":97}},"46":{"start":{"line":48,"column":0},"end":{"line":48,"column":97}},"47":{"start":{"line":49,"column":0},"end":{"line":49,"column":95}},"48":{"start":{"line":50,"column":0},"end":{"line":50,"column":110}},"49":{"start":{"line":51,"column":0},"end":{"line":51,"column":103}},"50":{"start":{"line":52,"column":0},"end":{"line":52,"column":114}},"51":{"start":{"line":53,"column":0},"end":{"line":53,"column":113}},"52":{"start":{"line":54,"column":0},"end":{"line":54,"column":108}},"53":{"start":{"line":55,"column":0},"end":{"line":55,"column":77}},"54":{"start":{"line":58,"column":21},"end":{"line":58,"column":59}},"55":{"start":{"line":63,"column":2},"end":{"line":63,"column":63}},"56":{"start":{"line":67,"column":23},"end":{"line":67,"column":49}},"57":{"start":{"line":68,"column":17},"end":{"line":68,"column":36}},"58":{"start":{"line":69,"column":16},"end":{"line":69,"column":27}},"59":{"start":{"line":70,"column":17},"end":{"line":70,"column":45}},"60":{"start":{"line":71,"column":2},"end":{"line":71,"column":30}},"61":{"start":{"line":75,"column":25},"end":{"line":75,"column":44}},"62":{"start":{"line":76,"column":18},"end":{"line":76,"column":43}},"63":{"start":{"line":77,"column":2},"end":{"line":89,"column":null}},"64":{"start":{"line":78,"column":24},"end":{"line":78,"column":31}},"65":{"start":{"line":79,"column":22},"end":{"line":79,"column":43}},"66":{"start":{"line":80,"column":3},"end":{"line":86,"column":6}},"67":{"start":{"line":81,"column":25},"end":{"line":81,"column":34}},"68":{"start":{"line":82,"column":4},"end":{"line":84,"column":null}},"69":{"start":{"line":83,"column":5},"end":{"line":83,"column":38}},"70":{"start":{"line":85,"column":4},"end":{"line":85,"column":43}},"71":{"start":{"line":87,"column":3},"end":{"line":87,"column":77}},"72":{"start":{"line":88,"column":3},"end":{"line":88,"column":54}},"73":{"start":{"line":90,"column":2},"end":{"line":90,"column":13}},"74":{"start":{"line":94,"column":23},"end":{"line":98,"column":58}},"75":{"start":{"line":99,"column":22},"end":{"line":99,"column":51}},"76":{"start":{"line":100,"column":21},"end":{"line":100,"column":37}},"77":{"start":{"line":101,"column":22},"end":{"line":101,"column":39}},"78":{"start":{"line":102,"column":24},"end":{"line":102,"column":43}},"79":{"start":{"line":103,"column":26},"end":{"line":103,"column":47}},"80":{"start":{"line":104,"column":2},"end":{"line":142,"column":71}},"81":{"start":{"line":143,"column":2},"end":{"line":150,"column":4}},"82":{"start":{"line":154,"column":2},"end":{"line":154,"column":21}},"83":{"start":{"line":57,"column":0},"end":{"line":57,"column":null}}},"fnMap":{"0":{"name":"(anonymous_1)","decl":{"start":{"line":58,"column":1},"end":{"line":58,"column":21}},"loc":{"start":{"line":58,"column":96},"end":{"line":60,"column":2}}},"1":{"name":"(anonymous_2)","decl":{"start":{"line":62,"column":1},"end":{"line":62,"column":7}},"loc":{"start":{"line":62,"column":108},"end":{"line":64,"column":2}}},"2":{"name":"(anonymous_3)","decl":{"start":{"line":66,"column":1},"end":{"line":66,"column":6}},"loc":{"start":{"line":66,"column":18},"end":{"line":72,"column":2}}},"3":{"name":"(anonymous_4)","decl":{"start":{"line":74,"column":11},"end":{"line":74,"column":27}},"loc":{"start":{"line":74,"column":39},"end":{"line":91,"column":2}}},"4":{"name":"(anonymous_5)","decl":{"start":{"line":80,"column":22},"end":{"line":80,"column":23}},"loc":{"start":{"line":80,"column":44},"end":{"line":86,"column":4}}},"5":{"name":"(anonymous_6)","decl":{"start":{"line":93,"column":11},"end":{"line":93,"column":23}},"loc":{"start":{"line":93,"column":23},"end":{"line":151,"column":2}}},"6":{"name":"(anonymous_7)","decl":{"start":{"line":153,"column":11},"end":{"line":153,"column":22}},"loc":{"start":{"line":153,"column":22},"end":{"line":155,"column":2}}}},"branchMap":{"0":{"loc":{"start":{"line":58,"column":59},"end":{"line":58,"column":96}},"type":"default-arg","locations":[{"start":{"line":58,"column":59},"end":{"line":58,"column":96}}]},"1":{"loc":{"start":{"line":62,"column":71},"end":{"line":62,"column":108}},"type":"default-arg","locations":[{"start":{"line":62,"column":71},"end":{"line":62,"column":108}}]},"2":{"loc":{"start":{"line":77,"column":2},"end":{"line":89,"column":null}},"type":"if","locations":[{"start":{"line":77,"column":2},"end":{"line":89,"column":null}},{"start":{"line":77,"column":2},"end":{"line":89,"column":null}}]},"3":{"loc":{"start":{"line":82,"column":4},"end":{"line":84,"column":null}},"type":"if","locations":[{"start":{"line":82,"column":4},"end":{"line":84,"column":null}},{"start":{"line":82,"column":4},"end":{"line":84,"column":null}}]}},"s":{"0":5,"1":5,"2":5,"3":5,"4":5,"5":5,"6":5,"7":5,"8":5,"9":5,"10":5,"11":5,"12":5,"13":5,"14":5,"15":5,"16":5,"17":5,"18":5,"19":5,"20":5,"21":5,"22":5,"23":5,"24":5,"25":5,"26":5,"27":5,"28":5,"29":5,"30":5,"31":5,"32":5,"33":5,"34":5,"35":5,"36":5,"37":5,"38":5,"39":5,"40":5,"41":5,"42":5,"43":5,"44":5,"45":5,"46":5,"47":5,"48":5,"49":5,"50":5,"51":5,"52":5,"53":5,"54":10,"55":3,"56":1009,"57":1009,"58":1009,"59":1009,"60":1009,"61":1009,"62":1009,"63":1009,"64":1001,"65":1001,"66":1001,"67":1003,"68":1003,"69":1,"70":1003,"71":1001,"72":1001,"73":8,"74":1009,"75":1009,"76":1009,"77":1009,"78":1009,"79":1009,"80":1009,"81":1009,"82":0,"83":5},"f":{"0":10,"1":3,"2":1009,"3":1009,"4":1003,"5":1009,"6":0},"b":{"0":[7],"1":[3],"2":[1001,8],"3":[1,1002]}}
,"/Users/tricky_lake/dev/tricky-max/lib/rollun-ts-rql/src/index.ts": {"path":"/Users/tricky_lake/dev/tricky-max/lib/rollun-ts-rql/src/index.ts","statementMap":{"0":{"start":{"line":1,"column":0},"end":{"line":1,"column":9}},"1":{"start":{"line":1,"column":9},"end":{"line":1,"column":25}},"2":{"start":{"line":4,"column":0},"end":{"line":4,"column":9}},"3":{"start":{"line":4,"column":9},"end":{"line":4,"column":32}},"4":{"start":{"line":5,"column":0},"end":{"line":5,"column":9}},"5":{"start":{"line":5,"column":9},"end":{"line":5,"column":29}},"6":{"start":{"line":6,"column":0},"end":{"line":6,"column":9}},"7":{"start":{"line":6,"column":9},"end":{"line":6,"column":36}},"8":{"start":{"line":12,"column":0},"end":{"line":12,"column":9}},"9":{"start":{"line":12,"column":9},"end":{"line":12,"column":35}},"10":{"start":{"line":13,"column":0},"end":{"line":13,"column":9}},"11":{"start":{"line":13,"column":9},"end":{"line":13,"column":41}},"12":{"start":{"line":17,"column":0},"end":{"line":17,"column":9}},"13":{"start":{"line":17,"column":9},"end":{"line":17,"column":22}},"14":{"start":{"line":18,"column":0},"end":{"line":18,"column":9}},"15":{"start":{"line":18,"column":9},"end":{"line":18,"column":23}},"16":{"start":{"line":22,"column":0},"end":{"line":22,"column":9}},"17":{"start":{"line":22,"column":9},"end":{"line":22,"column":23}},"18":{"start":{"line":23,"column":0},"end":{"line":23,"column":9}},"19":{"start":{"line":23,"column":9},"end":{"line":23,"column":23}},"20":{"start":{"line":24,"column":0},"end":{"line":24,"column":9}},"21":{"start":{"line":24,"column":9},"end":{"line":24,"column":23}},"22":{"start":{"line":25,"column":0},"end":{"line":25,"column":9}},"23":{"start":{"line":25,"column":9},"end":{"line":25,"column":22}},"24":{"start":{"line":29,"column":0},"end":{"line":29,"column":9}},"25":{"start":{"line":29,"column":9},"end":{"line":29,"column":23}},"26":{"start":{"line":30,"column":0},"end":{"line":30,"column":9}},"27":{"start":{"line":30,"column":9},"end":{"line":30,"column":23}},"28":{"start":{"line":31,"column":0},"end":{"line":31,"column":9}},"29":{"start":{"line":31,"column":9},"end":{"line":31,"column":22}},"30":{"start":{"line":35,"column":0},"end":{"line":35,"column":9}},"31":{"start":{"line":35,"column":9},"end":{"line":35,"column":25}},"32":{"start":{"line":36,"column":0},"end":{"line":36,"column":9}},"33":{"start":{"line":36,"column":9},"end":{"line":36,"column":29}},"34":{"start":{"line":37,"column":0},"end":{"line":37,"column":9}},"35":{"start":{"line":37,"column":9},"end":{"line":37,"column":28}},"36":{"start":{"line":38,"column":0},"end":{"line":38,"column":9}},"37":{"start":{"line":38,"column":9},"end":{"line":38,"column":22}},"38":{"start":{"line":39,"column":0},"end":{"line":39,"column":9}},"39":{"start":{"line":39,"column":9},"end":{"line":39,"column":22}},"40":{"start":{"line":40,"column":0},"end":{"line":40,"column":9}},"41":{"start":{"line":40,"column":9},"end":{"line":40,"column":22}},"42":{"start":{"line":41,"column":0},"end":{"line":41,"column":9}},"43":{"start":{"line":41,"column":9},"end":{"line":41,"column":22}},"44":{"start":{"line":42,"column":0},"end":{"line":42,"column":9}},"45":{"start":{"line":42,"column":9},"end":{"line":42,"column":22}},"46":{"start":{"line":43,"column":0},"end":{"line":43,"column":9}},"47":{"start":{"line":43,"column":9},"end":{"line":43,"column":22}},"48":{"start":{"line":44,"column":0},"end":{"line":44,"column":9}},"49":{"start":{"line":44,"column":9},"end":{"line":44,"column":24}},"50":{"start":{"line":45,"column":0},"end":{"line":45,"column":9}},"51":{"start":{"line":45,"column":9},"end":{"line":45,"column":28}},"52":{"start":{"line":49,"column":0},"end":{"line":49,"column":9}},"53":{"start":{"line":49,"column":9},"end":{"line":49,"column":24}},"54":{"start":{"line":50,"column":0},"end":{"line":50,"column":9}},"55":{"start":{"line":50,"column":9},"end":{"line":50,"column":26}},"56":{"start":{"line":51,"column":0},"end":{"line":51,"column":9}},"57":{"start":{"line":51,"column":9},"end":{"line":51,"column":25}},"58":{"start":{"line":52,"column":0},"end":{"line":52,"column":9}},"59":{"start":{"line":52,"column":9},"end":{"line":52,"column":27}},"60":{"start":{"line":56,"column":0},"end":{"line":56,"column":9}},"61":{"start":{"line":56,"column":9},"end":{"line":56,"column":32}},"62":{"start":{"line":57,"column":0},"end":{"line":57,"column":9}},"63":{"start":{"line":57,"column":9},"end":{"line":57,"column":37}},"64":{"start":{"line":58,"column":0},"end":{"line":58,"column":9}},"65":{"start":{"line":58,"column":9},"end":{"line":58,"column":38}},"66":{"start":{"line":59,"column":0},"end":{"line":59,"column":9}},"67":{"start":{"line":59,"column":9},"end":{"line":59,"column":37}},"68":{"start":{"line":60,"column":0},"end":{"line":60,"column":9}},"69":{"start":{"line":60,"column":9},"end":{"line":60,"column":39}}},"fnMap":{},"branchMap":{},"s":{"0":5,"1":5,"2":5,"3":5,"4":5,"5":5,"6":5,"7":5,"8":5,"9":5,"10":5,"11":5,"12":5,"13":5,"14":5,"15":5,"16":5,"17":5,"18":5,"19":5,"20":5,"21":5,"22":5,"23":5,"24":5,"25":5,"26":5,"27":5,"28":5,"29":5,"30":5,"31":5,"32":5,"33":5,"34":5,"35":5,"36":5,"37":5,"38":5,"39":5,"40":5,"41":5,"42":5,"43":5,"44":5,"45":5,"46":5,"47":5,"48":5,"49":5,"50":5,"51":5,"52":5,"53":5,"54":5,"55":5,"56":5,"57":5,"58":5,"59":5,"60":5,"61":5,"62":5,"63":5,"64":5,"65":5,"66":5,"67":5,"68":5,"69":5},"f":{},"b":{}}
,"/Users/tricky_lake/dev/tricky-max/lib/rollun-ts-rql/src/nodes/AbstractComparisonOperatorNode.ts": {"path":"/Users/tricky_lake/dev/tricky-max/lib/rollun-ts-rql/src/nodes/AbstractComparisonOperatorNode.ts","statementMap":{"0":{"start":{"line":1,"column":0},"end":{"line":1,"column":52}},"1":{"start":{"line":3,"column":0},"end":{"line":3,"column":61}}},"fnMap":{},"branchMap":{},"s":{"0":5,"1":5},"f":{},"b":{}}
,"/Users/tricky_lake/dev/tricky-max/lib/rollun-ts-rql/src/nodes/AbstractNode.ts": {"path":"/Users/tricky_lake/dev/tricky-max/lib/rollun-ts-rql/src/nodes/AbstractNode.ts","statementMap":{"0":{"start":{"line":1,"column":0},"end":{"line":1,"column":null}}},"fnMap":{},"branchMap":{},"s":{"0":5},"f":{},"b":{}}
,"/Users/tricky_lake/dev/tricky-max/lib/rollun-ts-rql/src/nodes/AbstractQueryNode.ts": {"path":"/Users/tricky_lake/dev/tricky-max/lib/rollun-ts-rql/src/nodes/AbstractQueryNode.ts","statementMap":{"0":{"start":{"line":1,"column":0},"end":{"line":1,"column":42}},"1":{"start":{"line":3,"column":0},"end":{"line":3,"column":39}}},"fnMap":{},"branchMap":{},"s":{"0":5,"1":5},"f":{},"b":{}}
,"/Users/tricky_lake/dev/tricky-max/lib/rollun-ts-rql/src/nodes/GroupBy.ts": {"path":"/Users/tricky_lake/dev/tricky-max/lib/rollun-ts-rql/src/nodes/GroupBy.ts","statementMap":{"0":{"start":{"line":1,"column":0},"end":{"line":1,"column":42}},"1":{"start":{"line":7,"column":2},"end":{"line":7,"column":10}},"2":{"start":{"line":8,"column":2},"end":{"line":8,"column":23}},"3":{"start":{"line":3,"column":0},"end":{"line":3,"column":29}}},"fnMap":{"0":{"name":"(anonymous_1)","decl":{"start":{"line":6,"column":1},"end":{"line":6,"column":13}},"loc":{"start":{"line":6,"column":26},"end":{"line":9,"column":2}}}},"branchMap":{},"s":{"0":5,"1":3,"2":3,"3":5},"f":{"0":3},"b":{}}
,"/Users/tricky_lake/dev/tricky-max/lib/rollun-ts-rql/src/nodes/Limit.ts": {"path":"/Users/tricky_lake/dev/tricky-max/lib/rollun-ts-rql/src/nodes/Limit.ts","statementMap":{"0":{"start":{"line":1,"column":0},"end":{"line":1,"column":42}},"1":{"start":{"line":10,"column":2},"end":{"line":10,"column":10}},"2":{"start":{"line":5,"column":10},"end":{"line":5,"column":25}},"3":{"start":{"line":11,"column":2},"end":{"line":11,"column":22}},"4":{"start":{"line":12,"column":2},"end":{"line":12,"column":24}},"5":{"start":{"line":16,"column":2},"end":{"line":16,"column":21}},"6":{"start":{"line":20,"column":2},"end":{"line":20,"column":22}},"7":{"start":{"line":24,"column":2},"end":{"line":24,"column":22}},"8":{"start":{"line":28,"column":2},"end":{"line":28,"column":23}},"9":{"start":{"line":32,"column":2},"end":{"line":32,"column":30}},"10":{"start":{"line":33,"column":2},"end":{"line":33,"column":14}},"11":{"start":{"line":3,"column":0},"end":{"line":3,"column":27}}},"fnMap":{"0":{"name":"(anonymous_1)","decl":{"start":{"line":9,"column":1},"end":{"line":9,"column":13}},"loc":{"start":{"line":9,"column":46},"end":{"line":13,"column":2}}},"1":{"name":"(anonymous_2)","decl":{"start":{"line":15,"column":1},"end":{"line":15,"column":5}},"loc":{"start":{"line":15,"column":10},"end":{"line":17,"column":2}}},"2":{"name":"(anonymous_3)","decl":{"start":{"line":19,"column":1},"end":{"line":19,"column":5}},"loc":{"start":{"line":19,"column":24},"end":{"line":21,"column":2}}},"3":{"name":"(anonymous_4)","decl":{"start":{"line":23,"column":1},"end":{"line":23,"column":5}},"loc":{"start":{"line":23,"column":11},"end":{"line":25,"column":2}}},"4":{"name":"(anonymous_5)","decl":{"start":{"line":27,"column":1},"end":{"line":27,"column":5}},"loc":{"start":{"line":27,"column":25},"end":{"line":29,"column":2}}},"5":{"name":"(anonymous_6)","decl":{"start":{"line":31,"column":1},"end":{"line":31,"column":5}},"loc":{"start":{"line":31,"column":5},"end":{"line":34,"column":2}}}},"branchMap":{"0":{"loc":{"start":{"line":9,"column":45},"end":{"line":9,"column":46}},"type":"default-arg","locations":[{"start":{"line":9,"column":45},"end":{"line":9,"column":46}}]}},"s":{"0":5,"1":2017,"2":2017,"3":2017,"4":2017,"5":101004,"6":0,"7":101004,"8":0,"9":7,"10":7,"11":5},"f":{"0":2017,"1":101004,"2":0,"3":101004,"4":0,"5":7},"b":{"0":[0]}}
,"/Users/tricky_lake/dev/tricky-max/lib/rollun-ts-rql/src/nodes/Select.ts": {"path":"/Users/tricky_lake/dev/tricky-max/lib/rollun-ts-rql/src/nodes/Select.ts","statementMap":{"0":{"start":{"line":1,"column":0},"end":{"line":1,"column":42}},"1":{"start":{"line":10,"column":2},"end":{"line":10,"column":10}},"2":{"start":{"line":6,"column":10},"end":{"line":6,"column":26}},"3":{"start":{"line":11,"column":2},"end":{"line":11,"column":24}},"4":{"start":{"line":15,"column":2},"end":{"line":15,"column":22}},"5":{"start":{"line":19,"column":2},"end":{"line":19,"column":23}},"6":{"start":{"line":4,"column":0},"end":{"line":4,"column":28}}},"fnMap":{"0":{"name":"(anonymous_1)","decl":{"start":{"line":9,"column":1},"end":{"line":9,"column":13}},"loc":{"start":{"line":9,"column":55},"end":{"line":12,"column":2}}},"1":{"name":"(anonymous_2)","decl":{"start":{"line":14,"column":1},"end":{"line":14,"column":5}},"loc":{"start":{"line":14,"column":11},"end":{"line":16,"column":2}}},"2":{"name":"(anonymous_3)","decl":{"start":{"line":18,"column":1},"end":{"line":18,"column":5}},"loc":{"start":{"line":18,"column":53},"end":{"line":20,"column":2}}}},"branchMap":{},"s":{"0":5,"1":2014,"2":2014,"3":2014,"4":101009,"5":0,"6":5},"f":{"0":2014,"1":101009,"2":0},"b":{}}
,"/Users/tricky_lake/dev/tricky-max/lib/rollun-ts-rql/src/nodes/Sort.ts": {"path":"/Users/tricky_lake/dev/tricky-max/lib/rollun-ts-rql/src/nodes/Sort.ts","statementMap":{"0":{"start":{"line":1,"column":0},"end":{"line":1,"column":42}},"1":{"start":{"line":13,"column":2},"end":{"line":13,"column":10}},"2":{"start":{"line":9,"column":10},"end":{"line":9,"column":24}},"3":{"start":{"line":14,"column":2},"end":{"line":14,"column":34}},"4":{"start":{"line":18,"column":2},"end":{"line":18,"column":27}},"5":{"start":{"line":22,"column":2},"end":{"line":22,"column":28}},"6":{"start":{"line":7,"column":0},"end":{"line":7,"column":26}}},"fnMap":{"0":{"name":"(anonymous_1)","decl":{"start":{"line":12,"column":1},"end":{"line":12,"column":13}},"loc":{"start":{"line":12,"column":37},"end":{"line":15,"column":2}}},"1":{"name":"(anonymous_2)","decl":{"start":{"line":17,"column":1},"end":{"line":17,"column":5}},"loc":{"start":{"line":17,"column":16},"end":{"line":19,"column":2}}},"2":{"name":"(anonymous_3)","decl":{"start":{"line":21,"column":1},"end":{"line":21,"column":5}},"loc":{"start":{"line":21,"column":35},"end":{"line":23,"column":2}}}},"branchMap":{},"s":{"0":5,"1":2007,"2":2007,"3":2007,"4":101002,"5":0,"6":5},"f":{"0":2007,"1":101002,"2":0},"b":{}}
,"/Users/tricky_lake/dev/tricky-max/lib/rollun-ts-rql/src/nodes/aggregateNodes/AggregateFunctionNode.ts": {"path":"/Users/tricky_lake/dev/tricky-max/lib/rollun-ts-rql/src/nodes/aggregateNodes/AggregateFunctionNode.ts","statementMap":{"0":{"start":{"line":1,"column":0},"end":{"line":1,"column":53}},"1":{"start":{"line":10,"column":2},"end":{"line":10,"column":10}},"2":{"start":{"line":11,"column":2},"end":{"line":11,"column":32}},"3":{"start":{"line":12,"column":2},"end":{"line":12,"column":22}},"4":{"start":{"line":13,"column":2},"end":{"line":13,"column":27}},"5":{"start":{"line":17,"column":2},"end":{"line":17,"column":24}},"6":{"start":{"line":21,"column":2},"end":{"line":21,"column":21}},"7":{"start":{"line":3,"column":0},"end":{"line":3,"column":43}}},"fnMap":{"0":{"name":"(anonymous_1)","decl":{"start":{"line":9,"column":1},"end":{"line":9,"column":13}},"loc":{"start":{"line":9,"column":57},"end":{"line":14,"column":2}}},"1":{"name":"(anonymous_2)","decl":{"start":{"line":16,"column":1},"end":{"line":16,"column":5}},"loc":{"start":{"line":16,"column":13},"end":{"line":18,"column":2}}},"2":{"name":"(anonymous_3)","decl":{"start":{"line":20,"column":1},"end":{"line":20,"column":5}},"loc":{"start":{"line":20,"column":10},"end":{"line":22,"column":2}}}},"branchMap":{},"s":{"0":5,"1":10,"2":10,"3":10,"4":10,"5":4,"6":4,"7":5},"f":{"0":10,"1":4,"2":4},"b":{}}
,"/Users/tricky_lake/dev/tricky-max/lib/rollun-ts-rql/src/nodes/aggregateNodes/AggregateSelect.ts": {"path":"/Users/tricky_lake/dev/tricky-max/lib/rollun-ts-rql/src/nodes/aggregateNodes/AggregateSelect.ts","statementMap":{"0":{"start":{"line":1,"column":0},"end":{"line":1,"column":31}},"1":{"start":{"line":3,"column":0},"end":{"line":3,"column":37}}},"fnMap":{},"branchMap":{},"s":{"0":5,"1":5},"f":{},"b":{}}
,"/Users/tricky_lake/dev/tricky-max/lib/rollun-ts-rql/src/nodes/arrayNodes/AbstractArrayNode.ts": {"path":"/Users/tricky_lake/dev/tricky-max/lib/rollun-ts-rql/src/nodes/arrayNodes/AbstractArrayNode.ts","statementMap":{"0":{"start":{"line":1,"column":0},"end":{"line":1,"column":53}},"1":{"start":{"line":9,"column":2},"end":{"line":9,"column":10}},"2":{"start":{"line":10,"column":2},"end":{"line":10,"column":23}},"3":{"start":{"line":11,"column":2},"end":{"line":11,"column":24}},"4":{"start":{"line":15,"column":2},"end":{"line":15,"column":21}},"5":{"start":{"line":19,"column":2},"end":{"line":19,"column":22}},"6":{"start":{"line":23,"column":2},"end":{"line":23,"column":22}},"7":{"start":{"line":27,"column":2},"end":{"line":27,"column":23}},"8":{"start":{"line":31,"column":2},"end":{"line":31,"column":53}},"9":{"start":{"line":35,"column":12},"end":{"line":35,"column":52}},"10":{"start":{"line":36,"column":2},"end":{"line":36,"column":38}},"11":{"start":{"line":37,"column":2},"end":{"line":37,"column":14}},"12":{"start":{"line":41,"column":2},"end":{"line":41,"column":32}},"13":{"start":{"line":3,"column":0},"end":{"line":3,"column":48}}},"fnMap":{"0":{"name":"(anonymous_1)","decl":{"start":{"line":8,"column":1},"end":{"line":8,"column":13}},"loc":{"start":{"line":8,"column":41},"end":{"line":12,"column":2}}},"1":{"name":"(anonymous_2)","decl":{"start":{"line":14,"column":1},"end":{"line":14,"column":5}},"loc":{"start":{"line":14,"column":10},"end":{"line":16,"column":2}}},"2":{"name":"(anonymous_3)","decl":{"start":{"line":18,"column":1},"end":{"line":18,"column":5}},"loc":{"start":{"line":18,"column":24},"end":{"line":20,"column":2}}},"3":{"name":"(anonymous_4)","decl":{"start":{"line":22,"column":1},"end":{"line":22,"column":5}},"loc":{"start":{"line":22,"column":11},"end":{"line":24,"column":2}}},"4":{"name":"(anonymous_5)","decl":{"start":{"line":26,"column":1},"end":{"line":26,"column":5}},"loc":{"start":{"line":26,"column":24},"end":{"line":28,"column":2}}},"5":{"name":"(anonymous_6)","decl":{"start":{"line":30,"column":1},"end":{"line":30,"column":9}},"loc":{"start":{"line":30,"column":20},"end":{"line":32,"column":2}}},"6":{"name":"(anonymous_7)","decl":{"start":{"line":34,"column":1},"end":{"line":34,"column":11}},"loc":{"start":{"line":34,"column":34},"end":{"line":38,"column":2}}},"7":{"name":"(anonymous_8)","decl":{"start":{"line":40,"column":1},"end":{"line":40,"column":12}},"loc":{"start":{"line":40,"column":26},"end":{"line":42,"column":2}}}},"branchMap":{"0":{"loc":{"start":{"line":35,"column":35},"end":{"line":35,"column":40}},"type":"cond-expr","locations":[{"start":{"line":35,"column":35},"end":{"line":35,"column":40}},{"start":{"line":35,"column":43},"end":{"line":35,"column":52}}]}},"s":{"0":5,"1":32,"2":32,"3":32,"4":2,"5":0,"6":2,"7":0,"8":1,"9":1,"10":1,"11":1,"12":1,"13":5},"f":{"0":32,"1":2,"2":0,"3":2,"4":0,"5":1,"6":1,"7":1},"b":{"0":[0,1]}}
,"/Users/tricky_lake/dev/tricky-max/lib/rollun-ts-rql/src/nodes/arrayNodes/In.ts": {"path":"/Users/tricky_lake/dev/tricky-max/lib/rollun-ts-rql/src/nodes/arrayNodes/In.ts","statementMap":{"0":{"start":{"line":1,"column":0},"end":{"line":1,"column":52}},"1":{"start":{"line":4,"column":10},"end":{"line":4,"column":22}},"2":{"start":{"line":3,"column":0},"end":{"line":3,"column":24}}},"fnMap":{"0":{"name":"(anonymous_1)","decl":{"start":{"line":3,"column":0},"end":{"line":3,"column":24}},"loc":{"start":{"line":3,"column":0},"end":{"line":5,"column":1}}}},"branchMap":{},"s":{"0":5,"1":25,"2":5},"f":{"0":25},"b":{}}
,"/Users/tricky_lake/dev/tricky-max/lib/rollun-ts-rql/src/nodes/arrayNodes/Out.ts": {"path":"/Users/tricky_lake/dev/tricky-max/lib/rollun-ts-rql/src/nodes/arrayNodes/Out.ts","statementMap":{"0":{"start":{"line":1,"column":0},"end":{"line":1,"column":52}},"1":{"start":{"line":4,"column":10},"end":{"line":4,"column":23}},"2":{"start":{"line":3,"column":0},"end":{"line":3,"column":25}}},"fnMap":{"0":{"name":"(anonymous_1)","decl":{"start":{"line":3,"column":0},"end":{"line":3,"column":25}},"loc":{"start":{"line":3,"column":0},"end":{"line":5,"column":1}}}},"branchMap":{},"s":{"0":5,"1":7,"2":5},"f":{"0":7},"b":{}}
,"/Users/tricky_lake/dev/tricky-max/lib/rollun-ts-rql/src/nodes/binaryNodes/AbstractBinaryNode.ts": {"path":"/Users/tricky_lake/dev/tricky-max/lib/rollun-ts-rql/src/nodes/binaryNodes/AbstractBinaryNode.ts","statementMap":{"0":{"start":{"line":1,"column":0},"end":{"line":1,"column":79}},"1":{"start":{"line":5,"column":2},"end":{"line":5,"column":10}},"2":{"start":{"line":6,"column":2},"end":{"line":6,"column":21}},"3":{"start":{"line":3,"column":0},"end":{"line":3,"column":57}}},"fnMap":{"0":{"name":"(anonymous_1)","decl":{"start":{"line":4,"column":1},"end":{"line":4,"column":13}},"loc":{"start":{"line":4,"column":26},"end":{"line":7,"column":2}}}},"branchMap":{},"s":{"0":5,"1":21,"2":21,"3":5},"f":{"0":21},"b":{}}
,"/Users/tricky_lake/dev/tricky-max/lib/rollun-ts-rql/src/nodes/binaryNodes/Eqf.ts": {"path":"/Users/tricky_lake/dev/tricky-max/lib/rollun-ts-rql/src/nodes/binaryNodes/Eqf.ts","statementMap":{"0":{"start":{"line":1,"column":0},"end":{"line":1,"column":62}},"1":{"start":{"line":4,"column":9},"end":{"line":4,"column":22}},"2":{"start":{"line":3,"column":0},"end":{"line":3,"column":25}}},"fnMap":{"0":{"name":"(anonymous_1)","decl":{"start":{"line":3,"column":0},"end":{"line":3,"column":25}},"loc":{"start":{"line":3,"column":0},"end":{"line":5,"column":1}}}},"branchMap":{},"s":{"0":5,"1":5,"2":5},"f":{"0":5},"b":{}}
,"/Users/tricky_lake/dev/tricky-max/lib/rollun-ts-rql/src/nodes/binaryNodes/Eqn.ts": {"path":"/Users/tricky_lake/dev/tricky-max/lib/rollun-ts-rql/src/nodes/binaryNodes/Eqn.ts","statementMap":{"0":{"start":{"line":1,"column":0},"end":{"line":1,"column":62}},"1":{"start":{"line":4,"column":10},"end":{"line":4,"column":23}},"2":{"start":{"line":3,"column":0},"end":{"line":3,"column":25}}},"fnMap":{"0":{"name":"(anonymous_1)","decl":{"start":{"line":3,"column":0},"end":{"line":3,"column":25}},"loc":{"start":{"line":3,"column":0},"end":{"line":5,"column":1}}}},"branchMap":{},"s":{"0":5,"1":6,"2":5},"f":{"0":6},"b":{}}
,"/Users/tricky_lake/dev/tricky-max/lib/rollun-ts-rql/src/nodes/binaryNodes/Eqt.ts": {"path":"/Users/tricky_lake/dev/tricky-max/lib/rollun-ts-rql/src/nodes/binaryNodes/Eqt.ts","statementMap":{"0":{"start":{"line":1,"column":0},"end":{"line":1,"column":62}},"1":{"start":{"line":4,"column":10},"end":{"line":4,"column":23}},"2":{"start":{"line":3,"column":0},"end":{"line":3,"column":25}}},"fnMap":{"0":{"name":"(anonymous_1)","decl":{"start":{"line":3,"column":0},"end":{"line":3,"column":25}},"loc":{"start":{"line":3,"column":0},"end":{"line":5,"column":1}}}},"branchMap":{},"s":{"0":5,"1":5,"2":5},"f":{"0":5},"b":{}}
,"/Users/tricky_lake/dev/tricky-max/lib/rollun-ts-rql/src/nodes/binaryNodes/Ie.ts": {"path":"/Users/tricky_lake/dev/tricky-max/lib/rollun-ts-rql/src/nodes/binaryNodes/Ie.ts","statementMap":{"0":{"start":{"line":1,"column":0},"end":{"line":1,"column":62}},"1":{"start":{"line":4,"column":10},"end":{"line":4,"column":22}},"2":{"start":{"line":3,"column":0},"end":{"line":3,"column":24}}},"fnMap":{"0":{"name":"(anonymous_1)","decl":{"start":{"line":3,"column":0},"end":{"line":3,"column":24}},"loc":{"start":{"line":3,"column":0},"end":{"line":5,"column":1}}}},"branchMap":{},"s":{"0":5,"1":5,"2":5},"f":{"0":5},"b":{}}
,"/Users/tricky_lake/dev/tricky-max/lib/rollun-ts-rql/src/nodes/logicalNodes/AbstractLogicalNode.ts": {"path":"/Users/tricky_lake/dev/tricky-max/lib/rollun-ts-rql/src/nodes/logicalNodes/AbstractLogicalNode.ts","statementMap":{"0":{"start":{"line":1,"column":0},"end":{"line":1,"column":53}},"1":{"start":{"line":7,"column":2},"end":{"line":7,"column":10}},"2":{"start":{"line":8,"column":2},"end":{"line":8,"column":34}},"3":{"start":{"line":12,"column":2},"end":{"line":12,"column":24}},"4":{"start":{"line":16,"column":2},"end":{"line":16,"column":28}},"5":{"start":{"line":20,"column":2},"end":{"line":20,"column":53}},"6":{"start":{"line":24,"column":19},"end":{"line":24,"column":56}},"7":{"start":{"line":25,"column":2},"end":{"line":25,"column":37}},"8":{"start":{"line":26,"column":2},"end":{"line":26,"column":14}},"9":{"start":{"line":30,"column":2},"end":{"line":30,"column":34}},"10":{"start":{"line":31,"column":2},"end":{"line":31,"column":14}},"11":{"start":{"line":3,"column":0},"end":{"line":3,"column":50}}},"fnMap":{"0":{"name":"(anonymous_1)","decl":{"start":{"line":6,"column":1},"end":{"line":6,"column":13}},"loc":{"start":{"line":6,"column":43},"end":{"line":9,"column":2}}},"1":{"name":"(anonymous_2)","decl":{"start":{"line":11,"column":1},"end":{"line":11,"column":5}},"loc":{"start":{"line":11,"column":13},"end":{"line":13,"column":2}}},"2":{"name":"(anonymous_3)","decl":{"start":{"line":15,"column":1},"end":{"line":15,"column":5}},"loc":{"start":{"line":15,"column":43},"end":{"line":17,"column":2}}},"3":{"name":"(anonymous_4)","decl":{"start":{"line":19,"column":1},"end":{"line":19,"column":8}},"loc":{"start":{"line":19,"column":32},"end":{"line":21,"column":2}}},"4":{"name":"(anonymous_5)","decl":{"start":{"line":23,"column":1},"end":{"line":23,"column":10}},"loc":{"start":{"line":23,"column":73},"end":{"line":27,"column":2}}},"5":{"name":"(anonymous_6)","decl":{"start":{"line":29,"column":1},"end":{"line":29,"column":11}},"loc":{"start":{"line":29,"column":25},"end":{"line":32,"column":2}}}},"branchMap":{"0":{"loc":{"start":{"line":8,"column":19},"end":{"line":8,"column":27}},"type":"binary-expr","locations":[{"start":{"line":8,"column":19},"end":{"line":8,"column":27}},{"start":{"line":8,"column":31},"end":{"line":8,"column":33}}]},"1":{"loc":{"start":{"line":24,"column":41},"end":{"line":24,"column":45}},"type":"cond-expr","locations":[{"start":{"line":24,"column":41},"end":{"line":24,"column":45}},{"start":{"line":24,"column":48},"end":{"line":24,"column":56}}]}},"s":{"0":5,"1":80,"2":80,"3":16,"4":0,"5":88,"6":89,"7":89,"8":89,"9":1,"10":1,"11":5},"f":{"0":80,"1":16,"2":0,"3":88,"4":89,"5":1},"b":{"0":[80,1],"1":[0,89]}}
,"/Users/tricky_lake/dev/tricky-max/lib/rollun-ts-rql/src/nodes/logicalNodes/And.ts": {"path":"/Users/tricky_lake/dev/tricky-max/lib/rollun-ts-rql/src/nodes/logicalNodes/And.ts","statementMap":{"0":{"start":{"line":1,"column":0},"end":{"line":1,"column":56}},"1":{"start":{"line":4,"column":10},"end":{"line":4,"column":23}},"2":{"start":{"line":3,"column":0},"end":{"line":3,"column":25}}},"fnMap":{"0":{"name":"(anonymous_1)","decl":{"start":{"line":3,"column":0},"end":{"line":3,"column":25}},"loc":{"start":{"line":3,"column":0},"end":{"line":5,"column":1}}}},"branchMap":{},"s":{"0":5,"1":46,"2":5},"f":{"0":46},"b":{}}
,"/Users/tricky_lake/dev/tricky-max/lib/rollun-ts-rql/src/nodes/logicalNodes/Not.ts": {"path":"/Users/tricky_lake/dev/tricky-max/lib/rollun-ts-rql/src/nodes/logicalNodes/Not.ts","statementMap":{"0":{"start":{"line":1,"column":0},"end":{"line":1,"column":56}},"1":{"start":{"line":4,"column":10},"end":{"line":4,"column":23}},"2":{"start":{"line":3,"column":0},"end":{"line":3,"column":25}}},"fnMap":{"0":{"name":"(anonymous_1)","decl":{"start":{"line":3,"column":0},"end":{"line":3,"column":25}},"loc":{"start":{"line":3,"column":0},"end":{"line":5,"column":1}}}},"branchMap":{},"s":{"0":5,"1":5,"2":5},"f":{"0":5},"b":{}}
,"/Users/tricky_lake/dev/tricky-max/lib/rollun-ts-rql/src/nodes/logicalNodes/Or.ts": {"path":"/Users/tricky_lake/dev/tricky-max/lib/rollun-ts-rql/src/nodes/logicalNodes/Or.ts","statementMap":{"0":{"start":{"line":1,"column":0},"end":{"line":1,"column":56}},"1":{"start":{"line":4,"column":10},"end":{"line":4,"column":22}},"2":{"start":{"line":3,"column":0},"end":{"line":3,"column":24}}},"fnMap":{"0":{"name":"(anonymous_1)","decl":{"start":{"line":3,"column":0},"end":{"line":3,"column":24}},"loc":{"start":{"line":3,"column":0},"end":{"line":5,"column":1}}}},"branchMap":{},"s":{"0":5,"1":29,"2":5},"f":{"0":29},"b":{}}
,"/Users/tricky_lake/dev/tricky-max/lib/rollun-ts-rql/src/nodes/scalarNodes/AbstractScalarNode.ts": {"path":"/Users/tricky_lake/dev/tricky-max/lib/rollun-ts-rql/src/nodes/scalarNodes/AbstractScalarNode.ts","statementMap":{"0":{"start":{"line":1,"column":0},"end":{"line":1,"column":53}},"1":{"start":{"line":8,"column":2},"end":{"line":8,"column":10}},"2":{"start":{"line":9,"column":2},"end":{"line":9,"column":22}},"3":{"start":{"line":10,"column":2},"end":{"line":10,"column":22}},"4":{"start":{"line":14,"column":2},"end":{"line":14,"column":21}},"5":{"start":{"line":18,"column":2},"end":{"line":18,"column":22}},"6":{"start":{"line":22,"column":2},"end":{"line":22,"column":55}},"7":{"start":{"line":26,"column":2},"end":{"line":26,"column":22}},"8":{"start":{"line":3,"column":0},"end":{"line":3,"column":49}}},"fnMap":{"0":{"name":"(anonymous_1)","decl":{"start":{"line":7,"column":1},"end":{"line":7,"column":20}},"loc":{"start":{"line":7,"column":45},"end":{"line":11,"column":2}}},"1":{"name":"(anonymous_2)","decl":{"start":{"line":13,"column":1},"end":{"line":13,"column":5}},"loc":{"start":{"line":13,"column":10},"end":{"line":15,"column":2}}},"2":{"name":"(anonymous_3)","decl":{"start":{"line":17,"column":1},"end":{"line":17,"column":5}},"loc":{"start":{"line":17,"column":16},"end":{"line":19,"column":2}}},"3":{"name":"(anonymous_4)","decl":{"start":{"line":21,"column":1},"end":{"line":21,"column":5}},"loc":{"start":{"line":21,"column":10},"end":{"line":23,"column":2}}},"4":{"name":"(anonymous_5)","decl":{"start":{"line":25,"column":1},"end":{"line":25,"column":5}},"loc":{"start":{"line":25,"column":16},"end":{"line":27,"column":2}}}},"branchMap":{"0":{"loc":{"start":{"line":22,"column":32},"end":{"line":22,"column":40}},"type":"cond-expr","locations":[{"start":{"line":22,"column":32},"end":{"line":22,"column":40}},{"start":{"line":22,"column":43},"end":{"line":22,"column":54}}]}},"s":{"0":5,"1":2233,"2":2233,"3":2233,"4":101039,"5":0,"6":202078,"7":0,"8":5},"f":{"0":2233,"1":101039,"2":0,"3":202078,"4":0},"b":{"0":[2,202076]}}
,"/Users/tricky_lake/dev/tricky-max/lib/rollun-ts-rql/src/nodes/scalarNodes/Alike.ts": {"path":"/Users/tricky_lake/dev/tricky-max/lib/rollun-ts-rql/src/nodes/scalarNodes/Alike.ts","statementMap":{"0":{"start":{"line":1,"column":0},"end":{"line":1,"column":54}},"1":{"start":{"line":4,"column":10},"end":{"line":4,"column":25}},"2":{"start":{"line":3,"column":0},"end":{"line":3,"column":27}}},"fnMap":{"0":{"name":"(anonymous_1)","decl":{"start":{"line":3,"column":0},"end":{"line":3,"column":27}},"loc":{"start":{"line":3,"column":0},"end":{"line":5,"column":1}}}},"branchMap":{},"s":{"0":5,"1":11,"2":5},"f":{"0":11},"b":{}}
,"/Users/tricky_lake/dev/tricky-max/lib/rollun-ts-rql/src/nodes/scalarNodes/AlikeGlob.ts": {"path":"/Users/tricky_lake/dev/tricky-max/lib/rollun-ts-rql/src/nodes/scalarNodes/AlikeGlob.ts","statementMap":{"0":{"start":{"line":1,"column":0},"end":{"line":1,"column":28}},"1":{"start":{"line":2,"column":0},"end":{"line":2,"column":37}},"2":{"start":{"line":6,"column":25},"end":{"line":6,"column":72}},"3":{"start":{"line":7,"column":2},"end":{"line":7,"column":31}},"4":{"start":{"line":4,"column":0},"end":{"line":4,"column":31}}},"fnMap":{"0":{"name":"(anonymous_1)","decl":{"start":{"line":5,"column":1},"end":{"line":5,"column":13}},"loc":{"start":{"line":5,"column":38},"end":{"line":8,"column":2}}}},"branchMap":{"0":{"loc":{"start":{"line":6,"column":49},"end":{"line":6,"column":54}},"type":"cond-expr","locations":[{"start":{"line":6,"column":49},"end":{"line":6,"column":54}},{"start":{"line":6,"column":57},"end":{"line":6,"column":72}}]}},"s":{"0":5,"1":5,"2":10,"3":10,"4":5},"f":{"0":10},"b":{"0":[8,2]}}
,"/Users/tricky_lake/dev/tricky-max/lib/rollun-ts-rql/src/nodes/scalarNodes/Contains.ts": {"path":"/Users/tricky_lake/dev/tricky-max/lib/rollun-ts-rql/src/nodes/scalarNodes/Contains.ts","statementMap":{"0":{"start":{"line":1,"column":0},"end":{"line":1,"column":54}},"1":{"start":{"line":4,"column":10},"end":{"line":4,"column":28}},"2":{"start":{"line":3,"column":0},"end":{"line":3,"column":30}}},"fnMap":{"0":{"name":"(anonymous_1)","decl":{"start":{"line":3,"column":0},"end":{"line":3,"column":30}},"loc":{"start":{"line":3,"column":0},"end":{"line":6,"column":1}}}},"branchMap":{},"s":{"0":5,"1":0,"2":5},"f":{"0":0},"b":{}}
,"/Users/tricky_lake/dev/tricky-max/lib/rollun-ts-rql/src/nodes/scalarNodes/Eq.ts": {"path":"/Users/tricky_lake/dev/tricky-max/lib/rollun-ts-rql/src/nodes/scalarNodes/Eq.ts","statementMap":{"0":{"start":{"line":1,"column":0},"end":{"line":1,"column":54}},"1":{"start":{"line":4,"column":10},"end":{"line":4,"column":22}},"2":{"start":{"line":3,"column":0},"end":{"line":3,"column":24}}},"fnMap":{"0":{"name":"(anonymous_1)","decl":{"start":{"line":3,"column":0},"end":{"line":3,"column":24}},"loc":{"start":{"line":3,"column":0},"end":{"line":5,"column":1}}}},"branchMap":{},"s":{"0":5,"1":2096,"2":5},"f":{"0":2096},"b":{}}
,"/Users/tricky_lake/dev/tricky-max/lib/rollun-ts-rql/src/nodes/scalarNodes/Ge.ts": {"path":"/Users/tricky_lake/dev/tricky-max/lib/rollun-ts-rql/src/nodes/scalarNodes/Ge.ts","statementMap":{"0":{"start":{"line":1,"column":0},"end":{"line":1,"column":54}},"1":{"start":{"line":4,"column":10},"end":{"line":4,"column":22}},"2":{"start":{"line":3,"column":0},"end":{"line":3,"column":24}}},"fnMap":{"0":{"name":"(anonymous_1)","decl":{"start":{"line":3,"column":0},"end":{"line":3,"column":24}},"loc":{"start":{"line":3,"column":0},"end":{"line":5,"column":1}}}},"branchMap":{},"s":{"0":5,"1":13,"2":5},"f":{"0":13},"b":{}}
,"/Users/tricky_lake/dev/tricky-max/lib/rollun-ts-rql/src/nodes/scalarNodes/Gt.ts": {"path":"/Users/tricky_lake/dev/tricky-max/lib/rollun-ts-rql/src/nodes/scalarNodes/Gt.ts","statementMap":{"0":{"start":{"line":1,"column":0},"end":{"line":1,"column":54}},"1":{"start":{"line":4,"column":10},"end":{"line":4,"column":22}},"2":{"start":{"line":3,"column":0},"end":{"line":3,"column":24}}},"fnMap":{"0":{"name":"(anonymous_1)","decl":{"start":{"line":3,"column":0},"end":{"line":3,"column":24}},"loc":{"start":{"line":3,"column":0},"end":{"line":5,"column":1}}}},"branchMap":{},"s":{"0":5,"1":15,"2":5},"f":{"0":15},"b":{}}
,"/Users/tricky_lake/dev/tricky-max/lib/rollun-ts-rql/src/nodes/scalarNodes/Le.ts": {"path":"/Users/tricky_lake/dev/tricky-max/lib/rollun-ts-rql/src/nodes/scalarNodes/Le.ts","statementMap":{"0":{"start":{"line":1,"column":0},"end":{"line":1,"column":54}},"1":{"start":{"line":4,"column":10},"end":{"line":4,"column":22}},"2":{"start":{"line":3,"column":0},"end":{"line":3,"column":24}}},"fnMap":{"0":{"name":"(anonymous_1)","decl":{"start":{"line":3,"column":0},"end":{"line":3,"column":24}},"loc":{"start":{"line":3,"column":0},"end":{"line":5,"column":1}}}},"branchMap":{},"s":{"0":5,"1":13,"2":5},"f":{"0":13},"b":{}}
,"/Users/tricky_lake/dev/tricky-max/lib/rollun-ts-rql/src/nodes/scalarNodes/Like.ts": {"path":"/Users/tricky_lake/dev/tricky-max/lib/rollun-ts-rql/src/nodes/scalarNodes/Like.ts","statementMap":{"0":{"start":{"line":1,"column":0},"end":{"line":1,"column":54}},"1":{"start":{"line":4,"column":10},"end":{"line":4,"column":24}},"2":{"start":{"line":3,"column":0},"end":{"line":3,"column":26}}},"fnMap":{"0":{"name":"(anonymous_1)","decl":{"start":{"line":3,"column":0},"end":{"line":3,"column":26}},"loc":{"start":{"line":3,"column":0},"end":{"line":5,"column":1}}}},"branchMap":{},"s":{"0":5,"1":37,"2":5},"f":{"0":37},"b":{}}
,"/Users/tricky_lake/dev/tricky-max/lib/rollun-ts-rql/src/nodes/scalarNodes/LikeGlob.ts": {"path":"/Users/tricky_lake/dev/tricky-max/lib/rollun-ts-rql/src/nodes/scalarNodes/LikeGlob.ts","statementMap":{"0":{"start":{"line":1,"column":0},"end":{"line":1,"column":26}},"1":{"start":{"line":2,"column":0},"end":{"line":2,"column":37}},"2":{"start":{"line":6,"column":25},"end":{"line":6,"column":72}},"3":{"start":{"line":7,"column":2},"end":{"line":7,"column":31}},"4":{"start":{"line":4,"column":0},"end":{"line":4,"column":30}}},"fnMap":{"0":{"name":"(anonymous_1)","decl":{"start":{"line":5,"column":1},"end":{"line":5,"column":13}},"loc":{"start":{"line":5,"column":38},"end":{"line":8,"column":2}}}},"branchMap":{"0":{"loc":{"start":{"line":6,"column":49},"end":{"line":6,"column":54}},"type":"cond-expr","locations":[{"start":{"line":6,"column":49},"end":{"line":6,"column":54}},{"start":{"line":6,"column":57},"end":{"line":6,"column":72}}]}},"s":{"0":5,"1":5,"2":0,"3":0,"4":5},"f":{"0":0},"b":{"0":[0,0]}}
,"/Users/tricky_lake/dev/tricky-max/lib/rollun-ts-rql/src/nodes/scalarNodes/Lt.ts": {"path":"/Users/tricky_lake/dev/tricky-max/lib/rollun-ts-rql/src/nodes/scalarNodes/Lt.ts","statementMap":{"0":{"start":{"line":1,"column":0},"end":{"line":1,"column":54}},"1":{"start":{"line":4,"column":10},"end":{"line":4,"column":22}},"2":{"start":{"line":3,"column":0},"end":{"line":3,"column":24}}},"fnMap":{"0":{"name":"(anonymous_1)","decl":{"start":{"line":3,"column":0},"end":{"line":3,"column":24}},"loc":{"start":{"line":3,"column":0},"end":{"line":5,"column":1}}}},"branchMap":{},"s":{"0":5,"1":17,"2":5},"f":{"0":17},"b":{}}
,"/Users/tricky_lake/dev/tricky-max/lib/rollun-ts-rql/src/nodes/scalarNodes/Ne.ts": {"path":"/Users/tricky_lake/dev/tricky-max/lib/rollun-ts-rql/src/nodes/scalarNodes/Ne.ts","statementMap":{"0":{"start":{"line":1,"column":0},"end":{"line":1,"column":54}},"1":{"start":{"line":4,"column":10},"end":{"line":4,"column":22}},"2":{"start":{"line":3,"column":0},"end":{"line":3,"column":24}}},"fnMap":{"0":{"name":"(anonymous_1)","decl":{"start":{"line":3,"column":0},"end":{"line":3,"column":24}},"loc":{"start":{"line":3,"column":0},"end":{"line":5,"column":1}}}},"branchMap":{},"s":{"0":5,"1":31,"2":5},"f":{"0":31},"b":{}}
[...]
:15,"column":null}},{"start":{"line":13,"column":2},"end":{"line":15,"column":null}}]},"3":{"loc":{"start":{"line":16,"column":2},"end":{"line":18,"column":null}},"type":"if","locations":[{"start":{"line":16,"column":2},"end":{"line":18,"column":null}},{"start":{"line":16,"column":2},"end":{"line":18,"column":null}}]},"4":{"loc":{"start":{"line":19,"column":2},"end":{"line":30,"column":null}},"type":"if","locations":[{"start":{"line":19,"column":2},"end":{"line":30,"column":null}},{"start":{"line":19,"column":2},"end":{"line":30,"column":null}}]},"5":{"loc":{"start":{"line":21,"column":60},"end":{"line":21,"column":79}},"type":"cond-expr","locations":[{"start":{"line":21,"column":60},"end":{"line":21,"column":79}},{"start":{"line":21,"column":83},"end":{"line":21,"column":110}}]},"6":{"loc":{"start":{"line":22,"column":57},"end":{"line":22,"column":71}},"type":"cond-expr","locations":[{"start":{"line":22,"column":57},"end":{"line":22,"column":71}},{"start":{"line":22,"column":75},"end":{"line":22,"column":95}}]},"7":{"loc":{"start":{"line":23,"column":63},"end":{"line":23,"column":81}},"type":"cond-expr","locations":[{"start":{"line":23,"column":63},"end":{"line":23,"column":81}},{"start":{"line":23,"column":85},"end":{"line":23,"column":109}}]},"8":{"loc":{"start":{"line":24,"column":64},"end":{"line":24,"column":81}},"type":"cond-expr","locations":[{"start":{"line":24,"column":64},"end":{"line":24,"column":81}},{"start":{"line":24,"column":85},"end":{"line":24,"column":108}}]},"9":{"loc":{"start":{"line":25,"column":64},"end":{"line":25,"column":81}},"type":"cond-expr","locations":[{"start":{"line":25,"column":64},"end":{"line":25,"column":81}},{"start":{"line":25,"column":85},"end":{"line":25,"column":108}}]},"10":{"loc":{"start":{"line":29,"column":31},"end":{"line":29,"column":32}},"type":"cond-expr","locations":[{"start":{"line":29,"column":31},"end":{"line":29,"column":32}},{"start":{"line":29,"column":35},"end":{"line":29,"column":46}}]}},"s":{"0":5,"1":8,"2":1,"3":7,"4":1,"5":6,"6":1,"7":5,"8":1,"9":4,"10":1,"11":1,"12":1,"13":1,"14":1,"15":1,"16":1,"17":3,"18":3,"19":5},"f":{"0":8},"b":{"0":[1,7],"1":[1,6],"2":[1,5],"3":[1,4],"4":[1,3],"5":[0,1],"6":[0,1],"7":[0,1],"8":[1,0],"9":[1,0],"10":[1,2]}}
,"/Users/tricky_lake/dev/tricky-max/lib/rollun-ts-rql/src/parser/typeCasters/IntegerTypeCaster.ts": {"path":"/Users/tricky_lake/dev/tricky-max/lib/rollun-ts-rql/src/parser/typeCasters/IntegerTypeCaster.ts","statementMap":{"0":{"start":{"line":2,"column":0},"end":{"line":2,"column":51}},"1":{"start":{"line":6,"column":2},"end":{"line":8,"column":null}},"2":{"start":{"line":7,"column":3},"end":{"line":7,"column":12}},"3":{"start":{"line":9,"column":2},"end":{"line":11,"column":null}},"4":{"start":{"line":10,"column":3},"end":{"line":10,"column":12}},"5":{"start":{"line":12,"column":2},"end":{"line":14,"column":null}},"6":{"start":{"line":13,"column":3},"end":{"line":13,"column":12}},"7":{"start":{"line":15,"column":2},"end":{"line":17,"column":null}},"8":{"start":{"line":16,"column":3},"end":{"line":16,"column":12}},"9":{"start":{"line":18,"column":2},"end":{"line":29,"column":null}},"10":{"start":{"line":19,"column":16},"end":{"line":19,"column":37}},"11":{"start":{"line":20,"column":21},"end":{"line":20,"column":111}},"12":{"start":{"line":21,"column":19},"end":{"line":21,"column":96}},"13":{"start":{"line":22,"column":21},"end":{"line":22,"column":110}},"14":{"start":{"line":23,"column":23},"end":{"line":23,"column":109}},"15":{"start":{"line":24,"column":23},"end":{"line":24,"column":109}},"16":{"start":{"line":25,"column":3},"end":{"line":25,"column":110}},"17":{"start":{"line":27,"column":23},"end":{"line":27,"column":48}},"18":{"start":{"line":28,"column":3},"end":{"line":28,"column":47}},"19":{"start":{"line":4,"column":0},"end":{"line":4,"column":null}}},"fnMap":{"0":{"name":"(anonymous_0)","decl":{"start":{"line":5,"column":1},"end":{"line":5,"column":9}},"loc":{"start":{"line":5,"column":22},"end":{"line":30,"column":2}}}},"branchMap":{"0":{"loc":{"start":{"line":6,"column":2},"end":{"line":8,"column":null}},"type":"if","locations":[{"start":{"line":6,"column":2},"end":{"line":8,"column":null}},{"start":{"line":6,"column":2},"end":{"line":8,"column":null}}]},"1":{"loc":{"start":{"line":9,"column":2},"end":{"line":11,"column":null}},"type":"if","locations":[{"start":{"line":9,"column":2},"end":{"line":11,"column":null}},{"start":{"line":9,"column":2},"end":{"line":11,"column":null}}]},"2":{"loc":{"start":{"line":12,"column":2},"end":{"line":14,"column":null}},"type":"if","locations":[{"start":{"line":12,"column":2},"end":{"line":14,"column":null}},{"start":{"line":12,"column":2},"end":{"line":14,"column":null}}]},"3":{"loc":{"start":{"line":15,"column":2},"end":{"line":17,"column":null}},"type":"if","locations":[{"start":{"line":15,"column":2},"end":{"line":17,"column":null}},{"start":{"line":15,"column":2},"end":{"line":17,"column":null}}]},"4":{"loc":{"start":{"line":18,"column":2},"end":{"line":29,"column":null}},"type":"if","locations":[{"start":{"line":18,"column":2},"end":{"line":29,"column":null}},{"start":{"line":18,"column":2},"end":{"line":29,"column":null}}]},"5":{"loc":{"start":{"line":20,"column":60},"end":{"line":20,"column":79}},"type":"cond-expr","locations":[{"start":{"line":20,"column":60},"end":{"line":20,"column":79}},{"start":{"line":20,"column":83},"end":{"line":20,"column":110}}]},"6":{"loc":{"start":{"line":21,"column":57},"end":{"line":21,"column":71}},"type":"cond-expr","locations":[{"start":{"line":21,"column":57},"end":{"line":21,"column":71}},{"start":{"line":21,"column":75},"end":{"line":21,"column":95}}]},"7":{"loc":{"start":{"line":22,"column":63},"end":{"line":22,"column":81}},"type":"cond-expr","locations":[{"start":{"line":22,"column":63},"end":{"line":22,"column":81}},{"start":{"line":22,"column":85},"end":{"line":22,"column":109}}]},"8":{"loc":{"start":{"line":23,"column":64},"end":{"line":23,"column":81}},"type":"cond-expr","locations":[{"start":{"line":23,"column":64},"end":{"line":23,"column":81}},{"start":{"line":23,"column":85},"end":{"line":23,"column":108}}]},"9":{"loc":{"start":{"line":24,"column":64},"end":{"line":24,"column":81}},"type":"cond-expr","locations":[{"start":{"line":24,"column":64},"end":{"line":24,"column":81}},{"start":{"line":24,"column":85},"end":{"line":24,"column":108}}]},"10":{"loc":{"start":{"line":28,"column":31},"end":{"line":28,"column":32}},"type":"cond-expr","locations":[{"start":{"line":28,"column":31},"end":{"line":28,"column":32}},{"start":{"line":28,"column":35},"end":{"line":28,"column":46}}]}},"s":{"0":5,"1":8,"2":1,"3":7,"4":1,"5":6,"6":1,"7":5,"8":1,"9":4,"10":1,"11":1,"12":1,"13":1,"14":1,"15":1,"16":1,"17":3,"18":3,"19":5},"f":{"0":8},"b":{"0":[1,7],"1":[1,6],"2":[1,5],"3":[1,4],"4":[1,3],"5":[0,1],"6":[0,1],"7":[0,1],"8":[1,0],"9":[1,0],"10":[1,2]}}
,"/Users/tricky_lake/dev/tricky-max/lib/rollun-ts-rql/src/parser/typeCasters/StringTypeCaster.ts": {"path":"/Users/tricky_lake/dev/tricky-max/lib/rollun-ts-rql/src/parser/typeCasters/StringTypeCaster.ts","statementMap":{"0":{"start":{"line":2,"column":0},"end":{"line":2,"column":51}},"1":{"start":{"line":6,"column":2},"end":{"line":8,"column":null}},"2":{"start":{"line":7,"column":3},"end":{"line":7,"column":17}},"3":{"start":{"line":9,"column":2},"end":{"line":11,"column":null}},"4":{"start":{"line":10,"column":3},"end":{"line":10,"column":17}},"5":{"start":{"line":12,"column":2},"end":{"line":14,"column":null}},"6":{"start":{"line":13,"column":3},"end":{"line":13,"column":18}},"7":{"start":{"line":15,"column":2},"end":{"line":17,"column":null}},"8":{"start":{"line":16,"column":3},"end":{"line":16,"column":13}},"9":{"start":{"line":18,"column":2},"end":{"line":23,"column":null}},"10":{"start":{"line":19,"column":3},"end":{"line":19,"column":42}},"11":{"start":{"line":22,"column":3},"end":{"line":22,"column":27}},"12":{"start":{"line":4,"column":0},"end":{"line":4,"column":null}}},"fnMap":{"0":{"name":"(anonymous_0)","decl":{"start":{"line":5,"column":1},"end":{"line":5,"column":9}},"loc":{"start":{"line":5,"column":22},"end":{"line":24,"column":2}}}},"branchMap":{"0":{"loc":{"start":{"line":6,"column":2},"end":{"line":8,"column":null}},"type":"if","locations":[{"start":{"line":6,"column":2},"end":{"line":8,"column":null}},{"start":{"line":6,"column":2},"end":{"line":8,"column":null}}]},"1":{"loc":{"start":{"line":9,"column":2},"end":{"line":11,"column":null}},"type":"if","locations":[{"start":{"line":9,"column":2},"end":{"line":11,"column":null}},{"start":{"line":9,"column":2},"end":{"line":11,"column":null}}]},"2":{"loc":{"start":{"line":12,"column":2},"end":{"line":14,"column":null}},"type":"if","locations":[{"start":{"line":12,"column":2},"end":{"line":14,"column":null}},{"start":{"line":12,"column":2},"end":{"line":14,"column":null}}]},"3":{"loc":{"start":{"line":15,"column":2},"end":{"line":17,"column":null}},"type":"if","locations":[{"start":{"line":15,"column":2},"end":{"line":17,"column":null}},{"start":{"line":15,"column":2},"end":{"line":17,"column":null}}]},"4":{"loc":{"start":{"line":18,"column":2},"end":{"line":23,"column":null}},"type":"if","locations":[{"start":{"line":18,"column":2},"end":{"line":23,"column":null}},{"start":{"line":18,"column":2},"end":{"line":23,"column":null}}]}},"s":{"0":5,"1":1008,"2":1,"3":1007,"4":1,"5":1006,"6":1,"7":1005,"8":1,"9":1004,"10":1,"11":1003,"12":5},"f":{"0":1008},"b":{"0":[1,1007],"1":[1,1006],"2":[1,1005],"3":[1,1004],"4":[1,1003]}}
,"/Users/tricky_lake/dev/tricky-max/lib/rollun-ts-rql/src/parser/valueParsers/ArrayParser.ts": {"path":"/Users/tricky_lake/dev/tricky-max/lib/rollun-ts-rql/src/parser/valueParsers/ArrayParser.ts","statementMap":{"0":{"start":{"line":2,"column":0},"end":{"line":2,"column":44}},"1":{"start":{"line":10,"column":2},"end":{"line":10,"column":31}},"2":{"start":{"line":14,"column":2},"end":{"line":14,"column":58}},"3":{"start":{"line":15,"column":17},"end":{"line":15,"column":19}},"4":{"start":{"line":16,"column":2},"end":{"line":21,"column":17}},"5":{"start":{"line":17,"column":3},"end":{"line":17,"column":51}},"6":{"start":{"line":18,"column":3},"end":{"line":20,"column":null}},"7":{"start":{"line":19,"column":4},"end":{"line":19,"column":10}},"8":{"start":{"line":22,"column":2},"end":{"line":22,"column":59}},"9":{"start":{"line":23,"column":2},"end":{"line":23,"column":16}},"10":{"start":{"line":5,"column":0},"end":{"line":5,"column":null}}},"fnMap":{"0":{"name":"(anonymous_0)","decl":{"start":{"line":9,"column":1},"end":{"line":9,"column":13}},"loc":{"start":{"line":9,"column":43},"end":{"line":11,"column":2}}},"1":{"name":"(anonymous_1)","decl":{"start":{"line":13,"column":1},"end":{"line":13,"column":6}},"loc":{"start":{"line":13,"column":31},"end":{"line":24,"column":2}}}},"branchMap":{"0":{"loc":{"start":{"line":18,"column":3},"end":{"line":20,"column":null}},"type":"if","locations":[{"start":{"line":18,"column":3},"end":{"line":20,"column":null}},{"start":{"line":18,"column":3},"end":{"line":20,"column":null}}]}},"s":{"0":5,"1":1031,"2":13,"3":13,"4":13,"5":45,"6":45,"7":13,"8":13,"9":13,"10":5},"f":{"0":1031,"1":13},"b":{"0":[13,32]}}
,"/Users/tricky_lake/dev/tricky-max/lib/rollun-ts-rql/src/parser/valueParsers/FieldParser.ts": {"path":"/Users/tricky_lake/dev/tricky-max/lib/rollun-ts-rql/src/parser/valueParsers/FieldParser.ts","statementMap":{"0":{"start":{"line":3,"column":0},"end":{"line":3,"column":44}},"1":{"start":{"line":8,"column":2},"end":{"line":8,"column":61}},"2":{"start":{"line":5,"column":0},"end":{"line":5,"column":null}}},"fnMap":{"0":{"name":"(anonymous_0)","decl":{"start":{"line":7,"column":1},"end":{"line":7,"column":6}},"loc":{"start":{"line":7,"column":31},"end":{"line":9,"column":2}}}},"branchMap":{},"s":{"0":5,"1":41409,"2":5},"f":{"0":41409},"b":{}}
,"/Users/tricky_lake/dev/tricky-max/lib/rollun-ts-rql/src/parser/valueParsers/GlobParser .ts": {"path":"/Users/tricky_lake/dev/tricky-max/lib/rollun-ts-rql/src/parser/valueParsers/GlobParser .ts","statementMap":{"0":{"start":{"line":2,"column":0},"end":{"line":2,"column":46}},"1":{"start":{"line":4,"column":0},"end":{"line":4,"column":45}},"2":{"start":{"line":22,"column":2},"end":{"line":24,"column":null}},"3":{"start":{"line":23,"column":3},"end":{"line":23,"column":45}},"4":{"start":{"line":25,"column":2},"end":{"line":27,"column":null}},"5":{"start":{"line":26,"column":3},"end":{"line":26,"column":48}},"6":{"start":{"line":28,"column":2},"end":{"line":28,"column":82}},"7":{"start":{"line":10,"column":18},"end":{"line":16,"column":3}},"8":{"start":{"line":6,"column":0},"end":{"line":6,"column":null}}},"fnMap":{"0":{"name":"(anonymous_1)","decl":{"start":{"line":21,"column":1},"end":{"line":21,"column":6}},"loc":{"start":{"line":21,"column":31},"end":{"line":29,"column":2}}}},"branchMap":{"0":{"loc":{"start":{"line":22,"column":2},"end":{"line":24,"column":null}},"type":"if","locations":[{"start":{"line":22,"column":2},"end":{"line":24,"column":null}},{"start":{"line":22,"column":2},"end":{"line":24,"column":null}}]},"1":{"loc":{"start":{"line":25,"column":2},"end":{"line":27,"column":null}},"type":"if","locations":[{"start":{"line":25,"column":2},"end":{"line":27,"column":null}},{"start":{"line":25,"column":2},"end":{"line":27,"column":null}}]}},"s":{"0":5,"1":5,"2":15,"3":4,"4":11,"5":11,"6":11,"7":5,"8":5},"f":{"0":15},"b":{"0":[4,11],"1":[11,0]}}
,"/Users/tricky_lake/dev/tricky-max/lib/rollun-ts-rql/src/parser/valueParsers/IntegerParser.ts": {"path":"/Users/tricky_lake/dev/tricky-max/lib/rollun-ts-rql/src/parser/valueParsers/IntegerParser.ts","statementMap":{"0":{"start":{"line":2,"column":0},"end":{"line":2,"column":44}},"1":{"start":{"line":7,"column":2},"end":{"line":7,"column":76}},"2":{"start":{"line":5,"column":0},"end":{"line":5,"column":null}}},"fnMap":{"0":{"name":"(anonymous_0)","decl":{"start":{"line":6,"column":1},"end":{"line":6,"column":6}},"loc":{"start":{"line":6,"column":31},"end":{"line":8,"column":2}}}},"branchMap":{},"s":{"0":5,"1":2010,"2":5},"f":{"0":2010},"b":{}}
,"/Users/tricky_lake/dev/tricky-max/lib/rollun-ts-rql/src/parser/valueParsers/ScalarParser.ts": {"path":"/Users/tricky_lake/dev/tricky-max/lib/rollun-ts-rql/src/parser/valueParsers/ScalarParser.ts","statementMap":{"0":{"start":{"line":3,"column":0},"end":{"line":3,"column":51}},"1":{"start":{"line":9,"column":11},"end":{"line":9,"column":66}},"2":{"start":{"line":15,"column":20},"end":{"line":15,"column":63}},"3":{"start":{"line":17,"column":2},"end":{"line":22,"column":null}},"4":{"start":{"line":18,"column":3},"end":{"line":18,"column":51}},"5":{"start":{"line":20,"column":3},"end":{"line":20,"column":48}},"6":{"start":{"line":21,"column":3},"end":{"line":21,"column":76}},"7":{"start":{"line":23,"column":2},"end":{"line":23,"column":15}},"8":{"start":{"line":27,"column":2},"end":{"line":27,"column":38}},"9":{"start":{"line":28,"column":2},"end":{"line":28,"column":14}},"10":{"start":{"line":32,"column":2},"end":{"line":37,"column":null}},"11":{"start":{"line":33,"column":3},"end":{"line":33,"column":33}},"12":{"start":{"line":36,"column":3},"end":{"line":36,"column":51}},"13":{"start":{"line":42,"column":2},"end":{"line":44,"column":null}},"14":{"start":{"line":43,"column":3},"end":{"line":43,"column":16}},"15":{"start":{"line":45,"column":2},"end":{"line":47,"column":null}},"16":{"start":{"line":46,"column":3},"end":{"line":46,"column":15}},"17":{"start":{"line":48,"column":2},"end":{"line":50,"column":null}},"18":{"start":{"line":49,"column":3},"end":{"line":49,"column":15}},"19":{"start":{"line":51,"column":2},"end":{"line":53,"column":null}},"20":{"start":{"line":52,"column":3},"end":{"line":52,"column":13}},"21":{"start":{"line":54,"column":2},"end":{"line":56,"column":null}},"22":{"start":{"line":55,"column":3},"end":{"line":55,"column":32}},"23":{"start":{"line":57,"column":2},"end":{"line":59,"column":null}},"24":{"start":{"line":58,"column":3},"end":{"line":58,"column":22}},"25":{"start":{"line":60,"column":2},"end":{"line":62,"column":null}},"26":{"start":{"line":61,"column":3},"end":{"line":61,"column":30}},"27":{"start":{"line":63,"column":2},"end":{"line":65,"column":null}},"28":{"start":{"line":64,"column":3},"end":{"line":64,"column":30}},"29":{"start":{"line":66,"column":2},"end":{"line":68,"column":4}},"30":{"start":{"line":5,"column":0},"end":{"line":5,"column":null}}},"fnMap":{"0":{"name":"(anonymous_0)","decl":{"start":{"line":5,"column":0},"end":{"line":5,"column":null}},"loc":{"start":{"line":5,"column":0},"end":{"line":70,"column":1}}},"1":{"name":"(anonymous_1)","decl":{"start":{"line":14,"column":1},"end":{"line":14,"column":6}},"loc":{"start":{"line":14,"column":31},"end":{"line":24,"column":2}}},"2":{"name":"(anonymous_2)","decl":{"start":{"line":26,"column":1},"end":{"line":26,"column":19}},"loc":{"start":{"line":26,"column":57},"end":{"line":29,"column":2}}},"3":{"name":"(anonymous_3)","decl":{"start":{"line":31,"column":1},"end":{"line":31,"column":14}},"loc":{"start":{"line":31,"column":19},"end":{"line":39,"column":2}}},"4":{"name":"(anonymous_4)","decl":{"start":{"line":41,"column":1},"end":{"line":41,"column":15}},"loc":{"start":{"line":41,"column":28},"end":{"line":69,"column":2}}}},"branchMap":{"0":{"loc":{"start":{"line":17,"column":2},"end":{"line":22,"column":null}},"type":"if","locations":[{"start":{"line":17,"column":2},"end":{"line":22,"column":null}},{"start":{"line":17,"column":2},"end":{"line":22,"column":null}}]},"1":{"loc":{"start":{"line":32,"column":2},"end":{"line":37,"column":null}},"type":"if","locations":[{"start":{"line":32,"column":2},"end":{"line":37,"column":null}},{"start":{"line":32,"column":2},"end":{"line":37,"column":null}}]},"2":{"loc":{"start":{"line":42,"column":2},"end":{"line":44,"column":null}},"type":"if","locations":[{"start":{"line":42,"column":2},"end":{"line":44,"column":null}},{"start":{"line":42,"column":2},"end":{"line":44,"column":null}}]},"3":{"loc":{"start":{"line":45,"column":2},"end":{"line":47,"column":null}},"type":"if","locations":[{"start":{"line":45,"column":2},"end":{"line":47,"column":null}},{"start":{"line":45,"column":2},"end":{"line":47,"column":null}}]},"4":{"loc":{"start":{"line":48,"column":2},"end":{"line":50,"column":null}},"type":"if","locations":[{"start":{"line":48,"column":2},"end":{"line":50,"column":null}},{"start":{"line":48,"column":2},"end":{"line":50,"column":null}}]},"5":{"loc":{"start":{"line":51,"column":2},"end":{"line":53,"column":null}},"type":"if","locations":[{"start":{"line":51,"column":2},"end":{"line":53,"column":null}},{"start":{"line":51,"column":2},"end":{"line":53,"column":null}}]},"6":{"loc":{"start":{"line":54,"column":2},"end":{"line":56,"column":null}},"type":"if","locations":[{"start":{"line":54,"column":2},"end":{"line":56,"column":null}},{"start":{"line":54,"column":2},"end":{"line":56,"column":null}}]},"7":{"loc":{"start":{"line":57,"column":2},"end":{"line":59,"column":null}},"type":"if","locations":[{"start":{"line":57,"column":2},"end":{"line":59,"column":null}},{"start":{"line":57,"column":2},"end":{"line":59,"column":null}}]},"8":{"loc":{"start":{"line":60,"column":2},"end":{"line":62,"column":null}},"type":"if","locations":[{"start":{"line":60,"column":2},"end":{"line":62,"column":null}},{"start":{"line":60,"column":2},"end":{"line":62,"column":null}}]},"9":{"loc":{"start":{"line":63,"column":2},"end":{"line":65,"column":null}},"type":"if","locations":[{"start":{"line":63,"column":2},"end":{"line":65,"column":null}},{"start":{"line":63,"column":2},"end":{"line":65,"column":null}}]}},"s":{"0":5,"1":1031,"2":1123,"3":1123,"4":91,"5":1032,"6":1032,"7":1123,"8":4124,"9":4124,"10":1032,"11":1032,"12":0,"13":91,"14":1,"15":90,"16":1,"17":89,"18":4,"19":85,"20":1,"21":84,"22":3,"23":81,"24":39,"25":42,"26":41,"27":1,"28":1,"29":0,"30":5},"f":{"0":1031,"1":1123,"2":4124,"3":1032,"4":91},"b":{"0":[91,1032],"1":[1032,0],"2":[1,90],"3":[1,89],"4":[4,85],"5":[1,84],"6":[3,81],"7":[39,42],"8":[41,1],"9":[1,0]}}
}
