{"total": {"lines":{"total":1223,"covered":1116,"skipped":0,"pct":91.25},"statements":{"total":1259,"covered":1151,"skipped":0,"pct":91.42},"functions":{"total":295,"covered":233,"skipped":0,"pct":78.98},"branches":{"total":337,"covered":278,"skipped":0,"pct":82.49}}
,"/Users/tricky_lake/dev/tricky-max/lib/rollun-ts-rql/src/Query.ts": {"lines":{"total":33,"covered":20,"skipped":0,"pct":60.61},"functions":{"total":18,"covered":9,"skipped":0,"pct":50},"statements":{"total":33,"covered":20,"skipped":0,"pct":60.61},"branches":{"total":5,"covered":4,"skipped":0,"pct":80}}
,"/Users/tricky_lake/dev/tricky-max/lib/rollun-ts-rql/src/QueryBuilder.ts": {"lines":{"total":64,"covered":47,"skipped":0,"pct":73.44},"functions":{"total":15,"covered":11,"skipped":0,"pct":73.33},"statements":{"total":64,"covered":47,"skipped":0,"pct":73.44},"branches":{"total":28,"covered":17,"skipped":0,"pct":60.71}}
,"/Users/tricky_lake/dev/tricky-max/lib/rollun-ts-rql/src/QueryStringifier.ts": {"lines":{"total":77,"covered":76,"skipped":0,"pct":98.7},"functions":{"total":17,"covered":17,"skipped":0,"pct":100},"statements":{"total":78,"covered":76,"skipped":0,"pct":97.44},"branches":{"total":55,"covered":47,"skipped":0,"pct":85.45}}
,"/Users/tricky_lake/dev/tricky-max/lib/rollun-ts-rql/src/RqlParser.ts": {"lines":{"total":84,"covered":83,"skipped":0,"pct":98.81},"functions":{"total":7,"covered":6,"skipped":0,"pct":85.71},"statements":{"total":84,"covered":83,"skipped":0,"pct":98.81},"branches":{"total":6,"covered":6,"skipped":0,"pct":100}}
,"/Users/tricky_lake/dev/tricky-max/lib/rollun-ts-rql/src/index.ts": {"lines":{"total":35,"covered":35,"skipped":0,"pct":100},"functions":{"total":0,"covered":0,"skipped":0,"pct":100},"statements":{"total":70,"covered":70,"skipped":0,"pct":100},"branches":{"total":0,"covered":0,"skipped":0,"pct":100}}
,"/Users/tricky_lake/dev/tricky-max/lib/rollun-ts-rql/src/nodes/AbstractComparisonOperatorNode.ts": {"lines":{"total":2,"covered":2,"skipped":0,"pct":100},"functions":{"total":0,"covered":0,"skipped":0,"pct":100},"statements":{"total":2,"covered":2,"skipped":0,"pct":100},"branches":{"total":0,"covered":0,"skipped":0,"pct":100}}
,"/Users/tricky_lake/dev/tricky-max/lib/rollun-ts-rql/src/nodes/AbstractNode.ts": {"lines":{"total":1,"covered":1,"skipped":0,"pct":100},"functions":{"total":0,"covered":0,"skipped":0,"pct":100},"statements":{"total":1,"covered":1,"skipped":0,"pct":100},"branches":{"total":0,"covered":0,"skipped":0,"pct":100}}
,"/Users/tricky_lake/dev/tricky-max/lib/rollun-ts-rql/src/nodes/AbstractQueryNode.ts": {"lines":{"total":2,"covered":2,"skipped":0,"pct":100},"functions":{"total":0,"covered":0,"skipped":0,"pct":100},"statements":{"total":2,"covered":2,"skipped":0,"pct":100},"branches":{"total":0,"covered":0,"skipped":0,"pct":100}}
,"/Users/tricky_lake/dev/tricky-max/lib/rollun-ts-rql/src/nodes/GroupBy.ts": {"lines":{"total":4,"covered":4,"skipped":0,"pct":100},"functions":{"total":1,"covered":1,"skipped":0,"pct":100},"statements":{"total":4,"covered":4,"skipped":0,"pct":100},"branches":{"total":0,"covered":0,"skipped":0,"pct":100}}
,"/Users/tricky_lake/dev/tricky-max/lib/rollun-ts-rql/src/nodes/Limit.ts": {"lines":{"total":12,"covered":10,"skipped":0,"pct":83.33},"functions":{"total":6,"covered":4,"skipped":0,"pct":66.67},"statements":{"total":12,"covered":10,"skipped":0,"pct":83.33},"branches":{"total":1,"covered":0,"skipped":0,"pct":0}}
,"/Users/tricky_lake/dev/tricky-max/lib/rollun-ts-rql/src/nodes/Select.ts": {"lines":{"total":7,"covered":6,"skipped":0,"pct":85.71},"functions":{"total":3,"covered":2,"skipped":0,"pct":66.67},"statements":{"total":7,"covered":6,"skipped":0,"pct":85.71},"branches":{"total":0,"covered":0,"skipped":0,"pct":100}}
,"/Users/tricky_lake/dev/tricky-max/lib/rollun-ts-rql/src/nodes/Sort.ts": {"lines":{"total":7,"covered":6,"skipped":0,"pct":85.71},"functions":{"total":3,"covered":2,"skipped":0,"pct":66.67},"statements":{"total":7,"covered":6,"skipped":0,"pct":85.71},"branches":{"total":0,"covered":0,"skipped":0,"pct":100}}
,"/Users/tricky_lake/dev/tricky-max/lib/rollun-ts-rql/src/nodes/aggregateNodes/AggregateFunctionNode.ts": {"lines":{"total":8,"covered":8,"skipped":0,"pct":100},"functions":{"total":3,"covered":3,"skipped":0,"pct":100},"statements":{"total":8,"covered":8,"skipped":0,"pct":100},"branches":{"total":0,"covered":0,"skipped":0,"pct":100}}
,"/Users/tricky_lake/dev/tricky-max/lib/rollun-ts-rql/src/nodes/aggregateNodes/AggregateSelect.ts": {"lines":{"total":2,"covered":2,"skipped":0,"pct":100},"functions":{"total":0,"covered":0,"skipped":0,"pct":100},"statements":{"total":2,"covered":2,"skipped":0,"pct":100},"branches":{"total":0,"covered":0,"skipped":0,"pct":100}}
,"/Users/tricky_lake/dev/tricky-max/lib/rollun-ts-rql/src/nodes/arrayNodes/AbstractArrayNode.ts": {"lines":{"total":14,"covered":12,"skipped":0,"pct":85.71},"functions":{"total":8,"covered":6,"skipped":0,"pct":75},"statements":{"total":14,"covered":12,"skipped":0,"pct":85.71},"branches":{"total":2,"covered":1,"skipped":0,"pct":50}}
,"/Users/tricky_lake/dev/tricky-max/lib/rollun-ts-rql/src/nodes/arrayNodes/In.ts": {"lines":{"total":3,"covered":3,"skipped":0,"pct":100},"functions":{"total":1,"covered":1,"skipped":0,"pct":100},"statements":{"total":3,"covered":3,"skipped":0,"pct":100},"branches":{"total":0,"covered":0,"skipped":0,"pct":100}}
,"/Users/tricky_lake/dev/tricky-max/lib/rollun-ts-rql/src/nodes/arrayNodes/Out.ts": {"lines":{"total":3,"covered":3,"skipped":0,"pct":100},"functions":{"total":1,"covered":1,"skipped":0,"pct":100},"statements":{"total":3,"covered":3,"skipped":0,"pct":100},"branches":{"total":0,"covered":0,"skipped":0,"pct":100}}
,"/Users/tricky_lake/dev/tricky-max/lib/rollun-ts-rql/src/nodes/binaryNodes/AbstractBinaryNode.ts": {"lines":{"total":4,"covered":4,"skipped":0,"pct":100},"functions":{"total":1,"covered":1,"skipped":0,"pct":100},"statements":{"total":4,"covered":4,"skipped":0,"pct":100},"branches":{"total":0,"covered":0,"skipped":0,"pct":100}}
,"/Users/tricky_lake/dev/tricky-max/lib/rollun-ts-rql/src/nodes/binaryNodes/Eqf.ts": {"lines":{"total":3,"covered":3,"skipped":0,"pct":100},"functions":{"total":1,"covered":1,"skipped":0,"pct":100},"statements":{"total":3,"covered":3,"skipped":0,"pct":100},"branches":{"total":0,"covered":0,"skipped":0,"pct":100}}
,"/Users/tricky_lake/dev/tricky-max/lib/rollun-ts-rql/src/nodes/binaryNodes/Eqn.ts": {"lines":{"total":3,"covered":3,"skipped":0,"pct":100},"functions":{"total":1,"covered":1,"skipped":0,"pct":100},"statements":{"total":3,"covered":3,"skipped":0,"pct":100},"branches":{"total":0,"covered":0,"skipped":0,"pct":100}}
,"/Users/tricky_lake/dev/tricky-max/lib/rollun-ts-rql/src/nodes/binaryNodes/Eqt.ts": {"lines":{"total":3,"covered":3,"skipped":0,"pct":100},"functions":{"total":1,"covered":1,"skipped":0,"pct":100},"statements":{"total":3,"covered":3,"skipped":0,"pct":100},"branches":{"total":0,"covered":0,"skipped":0,"pct":100}}
,"/Users/tricky_lake/dev/tricky-max/lib/rollun-ts-rql/src/nodes/binaryNodes/Ie.ts": {"lines":{"total":3,"covered":3,"skipped":0,"pct":100},"functions":{"total":1,"covered":1,"skipped":0,"pct":100},"statements":{"total":3,"covered":3,"skipped":0,"pct":100},"branches":{"total":0,"covered":0,"skipped":0,"pct":100}}
,"/Users/tricky_lake/dev/tricky-max/lib/rollun-ts-rql/src/nodes/logicalNodes/AbstractLogicalNode.ts": {"lines":{"total":12,"covered":11,"skipped":0,"pct":91.67},"functions":{"total":6,"covered":5,"skipped":0,"pct":83.33},"statements":{"total":12,"covered":11,"skipped":0,"pct":91.67},"branches":{"total":4,"covered":3,"skipped":0,"pct":75}}
,"/Users/tricky_lake/dev/tricky-max/lib/rollun-ts-rql/src/nodes/logicalNodes/And.ts": {"lines":{"total":3,"covered":3,"skipped":0,"pct":100},"functions":{"total":1,"covered":1,"skipped":0,"pct":100},"statements":{"total":3,"covered":3,"skipped":0,"pct":100},"branches":{"total":0,"covered":0,"skipped":0,"pct":100}}
,"/Users/tricky_lake/dev/tricky-max/lib/rollun-ts-rql/src/nodes/logicalNodes/Not.ts": {"lines":{"total":3,"covered":3,"skipped":0,"pct":100},"functions":{"total":1,"covered":1,"skipped":0,"pct":100},"statements":{"total":3,"covered":3,"skipped":0,"pct":100},"branches":{"total":0,"covered":0,"skipped":0,"pct":100}}
,"/Users/tricky_lake/dev/tricky-max/lib/rollun-ts-rql/src/nodes/logicalNodes/Or.ts": {"lines":{"total":3,"covered":3,"skipped":0,"pct":100},"functions":{"total":1,"covered":1,"skipped":0,"pct":100},"statements":{"total":3,"covered":3,"skipped":0,"pct":100},"branches":{"total":0,"covered":0,"skipped":0,"pct":100}}
,"/Users/tricky_lake/dev/tricky-max/lib/rollun-ts-rql/src/nodes/scalarNodes/AbstractScalarNode.ts": {"lines":{"total":9,"covered":7,"skipped":0,"pct":77.78},"functions":{"total":5,"covered":3,"skipped":0,"pct":60},"statements":{"total":9,"covered":7,"skipped":0,"pct":77.78},"branches":{"total":2,"covered":2,"skipped":0,"pct":100}}
,"/Users/tricky_lake/dev/tricky-max/lib/rollun-ts-rql/src/nodes/scalarNodes/Alike.ts": {"lines":{"total":3,"covered":3,"skipped":0,"pct":100},"functions":{"total":1,"covered":1,"skipped":0,"pct":100},"statements":{"total":3,"covered":3,"skipped":0,"pct":100},"branches":{"total":0,"covered":0,"skipped":0,"pct":100}}
,"/Users/tricky_lake/dev/tricky-max/lib/rollun-ts-rql/src/nodes/scalarNodes/AlikeGlob.ts": {"lines":{"total":5,"covered":5,"skipped":0,"pct":100},"functions":{"total":1,"covered":1,"skipped":0,"pct":100},"statements":{"total":5,"covered":5,"skipped":0,"pct":100},"branches":{"total":2,"covered":2,"skipped":0,"pct":100}}
,"/Users/tricky_lake/dev/tricky-max/lib/rollun-ts-rql/src/nodes/scalarNodes/Contains.ts": {"lines":{"total":3,"covered":2,"skipped":0,"pct":66.67},"functions":{"total":1,"covered":0,"skipped":0,"pct":0},"statements":{"total":3,"covered":2,"skipped":0,"pct":66.67},"branches":{"total":0,"covered":0,"skipped":0,"pct":100}}
,"/Users/tricky_lake/dev/tricky-max/lib/rollun-ts-rql/src/nodes/scalarNodes/Eq.ts": {"lines":{"total":3,"covered":3,"skipped":0,"pct":100},"functions":{"total":1,"covered":1,"skipped":0,"pct":100},"statements":{"total":3,"covered":3,"skipped":0,"pct":100},"branches":{"total":0,"covered":0,"skipped":0,"pct":100}}
,"/Users/tricky_lake/dev/tricky-max/lib/rollun-ts-rql/src/nodes/scalarNodes/Ge.ts": {"lines":{"total":3,"covered":3,"skipped":0,"pct":100},"functions":{"total":1,"covered":1,"skipped":0,"pct":100},"statements":{"total":3,"covered":3,"skipped":0,"pct":100},"branches":{"total":0,"covered":0,"skipped":0,"pct":100}}
,"/Users/tricky_lake/dev/tricky-max/lib/rollun-ts-rql/src/nodes/scalarNodes/Gt.ts": {"lines":{"total":3,"covered":3,"skipped":0,"pct":100},"functions":{"total":1,"covered":1,"skipped":0,"pct":100},"statements":{"total":3,"covered":3,"skipped":0,"pct":100},"branches":{"total":0,"covered":0,"skipped":0,"pct":100}}
,"/Users/tricky_lake/dev/tricky-max/lib/rollun-ts-rql/src/nodes/scalarNodes/Le.ts": {"lines":{"total":3,"covered":3,"skipped":0,"pct":100},"functions":{"total":1,"covered":1,"skipped":0,"pct":100},"statements":{"total":3,"covered":3,"skipped":0,"pct":100},"branches":{"total":0,"covered":0,"skipped":0,"pct":100}}
,"/Users/tricky_lake/dev/tricky-max/lib/rollun-ts-rql/src/nodes/scalarNodes/Like.ts": {"lines":{"total":3,"covered":3,"skipped":0,"pct":100},"functions":{"total":1,"covered":1,"skipped":0,"pct":100},"statements":{"total":3,"covered":3,"skipped":0,"pct":100},"branches":{"total":0,"covered":0,"skipped":0,"pct":100}}
,"/Users/tricky_lake/dev/tricky-max/lib/rollun-ts-rql/src/nodes/scalarNodes/LikeGlob.ts": {"lines":{"total":5,"covered":3,"skipped":0,"pct":60},"functions":{"total":1,"covered":0,"skipped":0,"pct":0},"statements":{"total":5,"covered":3,"skipped":0,"pct":60},"branches":{"total":2,"covered":0,"skipped":0,"pct":0}}
,"/Users/tricky_lake/dev/tricky-max/lib/rollun-ts-rql/src/nodes/scalarNodes/Lt.ts": {"lines":{"total":3,"covered":3,"skipped":0,"pct":100},"functions":{"total":1,"covered":1,"skipped":0,"pct":100},"statements":{"total":3,"covered":3,"skipped":0,"pct":100},"branches":{"total":0,"covered":0,"skipped":0,"pct":100}}
,"/Users/tricky_lake/dev/tricky-max/lib/rollun-ts-rql/src/nodes/scalarNodes/Ne.ts": {"lines":{"total":3,"covered":3,"skipped":0,"pct":100},"functions":{"total":1,"covered":1,"skipped":0,"pct":100},"statements":{"total":3,"covered":3,"skipped":0,"pct":100},"branches":{"total":0,"covered":0,"skipped":0,"pct":100}}
,"/Users/tricky_lake/dev/tricky-max/lib/rollun-ts-rql/src/parser/Glob.ts": {"lines":{"total":18,"covered":4,"skipped":0,"pct":22.22},"functions":{"total":11,"covered":2,"skipped":0,"pct":18.18},"statements":{"total":18,"covered":4,"skipped":0,"pct":22.22},"branches":{"total":4,"covered":0,"skipped":0,"pct":0}}
,"/Users/tricky_lake/dev/tricky-max/lib/rollun-ts-rql/src/parser/Lexer.ts": {"lines":{"total":30,"covered":26,"skipped":0,"pct":86.67},"functions":{"total":5,"covered":3,"skipped":0,"pct":60},"statements":{"total":30,"covered":26,"skipped":0,"pct":86.67},"branches":{"total":4,"covered":2,"skipped":0,"pct":50}}
,"/Users/tricky_lake/dev/tricky-max/lib/rollun-ts-rql/src/parser/NodeParserChain.ts": {"lines":{"total":12,"covered":11,"skipped":0,"pct":91.67},"functions":{"total":4,"covered":4,"skipped":0,"pct":100},"statements":{"total":12,"covered":11,"skipped":0,"pct":91.67},"branches":{"total":4,"covered":4,"skipped":0,"pct":100}}
,"/Users/tricky_lake/dev/tricky-max/lib/rollun-ts-rql/src/parser/Parser.ts": {"lines":{"total":62,"covered":59,"skipped":0,"pct":95.16},"functions":{"total":6,"covered":4,"skipped":0,"pct":66.67},"statements":{"total":62,"covered":59,"skipped":0,"pct":95.16},"branches":{"total":3,"covered":3,"skipped":0,"pct":100}}
,"/Users/tricky_lake/dev/tricky-max/lib/rollun-ts-rql/src/parser/Token.ts": {"lines":{"total":35,"covered":34,"skipped":0,"pct":97.14},"functions":{"total":5,"covered":4,"skipped":0,"pct":80},"statements":{"total":35,"covered":34,"skipped":0,"pct":97.14},"branches":{"total":10,"covered":10,"skipped":0,"pct":100}}
,"/Users/tricky_lake/dev/tricky-max/lib/rollun-ts-rql/src/parser/TokenStream.ts": {"lines":{"total":28,"covered":22,"skipped":0,"pct":78.57},"functions":{"total":11,"covered":8,"skipped":0,"pct":72.73},"statements":{"total":28,"covered":22,"skipped":0,"pct":78.57},"branches":{"total":15,"covered":9,"skipped":0,"pct":60}}
,"/Users/tricky_lake/dev/tricky-max/lib/rollun-ts-rql/src/parser/nodeParsers/GroupbyNodeParser.ts": {"lines":{"total":13,"covered":13,"skipped":0,"pct":100},"functions":{"total":2,"covered":2,"skipped":0,"pct":100},"statements":{"total":13,"covered":13,"skipped":0,"pct":100},"branches":{"total":2,"covered":2,"skipped":0,"pct":100}}
,"/Users/tricky_lake/dev/tricky-max/lib/rollun-ts-rql/src/parser/nodeParsers/LimitNodeParser.ts": {"lines":{"total":14,"covered":14,"skipped":0,"pct":100},"functions":{"total":3,"covered":3,"skipped":0,"pct":100},"statements":{"total":14,"covered":14,"skipped":0,"pct":100},"branches":{"total":2,"covered":1,"skipped":0,"pct":50}}
,"/Users/tricky_lake/dev/tricky-max/lib/rollun-ts-rql/src/parser/nodeParsers/QueryNodeParser.ts": {"lines":{"total":2,"covered":2,"skipped":0,"pct":100},"functions":{"total":0,"covered":0,"skipped":0,"pct":100},"statements":{"total":2,"covered":2,"skipped":0,"pct":100},"branches":{"total":0,"covered":0,"skipped":0,"pct":100}}
,"/Users/tricky_lake/dev/tricky-max/lib/rollun-ts-rql/src/parser/nodeParsers/SelectNodeParser.ts": {"lines":{"total":14,"covered":14,"skipped":0,"pct":100},"functions":{"total":3,"covered":3,"skipped":0,"pct":100},"statements":{"total":14,"covered":14,"skipped":0,"pct":100},"branches":{"total":2,"covered":2,"skipped":0,"pct":100}}
,"/Users/tricky_lake/dev/tricky-max/lib/rollun-ts-rql/src/parser/nodeParsers/SortNodeParser.ts": {"lines":{"total":15,"covered":15,"skipped":0,"pct":100},"functions":{"total":3,"covered":3,"skipped":0,"pct":100},"statements":{"total":15,"covered":15,"skipped":0,"pct":100},"branches":{"total":4,"covered":4,"skipped":0,"pct":100}}
,"/Users/tricky_lake/dev/tricky-max/lib/rollun-ts-rql/src/parser/nodeParsers/query/AggregateSelectNodeParser.ts": {"lines":{"total":20,"covered":20,"skipped":0,"pct":100},"functions":{"total":3,"covered":3,"skipped":0,"pct":100},"statements":{"total":20,"covered":20,"skipped":0,"pct":100},"branches":{"total":4,"covered":4,"skipped":0,"pct":100}}
,"/Users/tricky_lake/dev/tricky-max/lib/rollun-ts-rql/src/parser/nodeParsers/query/GroupNodeParser.ts": {"lines":{"total":28,"covered":26,"skipped":0,"pct":92.86},"functions":{"total":3,"covered":3,"skipped":0,"pct":100},"statements":{"total":28,"covered":26,"skipped":0,"pct":92.86},"branches":{"total":16,"covered":13,"skipped":0,"pct":81.25}}
,"/Users/tricky_lake/dev/tricky-max/lib/rollun-ts-rql/src/parser/nodeParsers/query/binaryOperator/fiql/AbstractFiqlBinaryNodeParser.ts": {"lines":{"total":7,"covered":2,"skipped":0,"pct":28.57},"functions":{"total":1,"covered":0,"skipped":0,"pct":0},"statements":{"total":7,"covered":2,"skipped":0,"pct":28.57},"branches":{"total":0,"covered":0,"skipped":0,"pct":100}}
,"/Users/tricky_lake/dev/tricky-max/lib/rollun-ts-rql/src/parser/nodeParsers/query/binaryOperator/fiql/FiqlEqfNodeParser.ts": {"lines":{"total":7,"covered":5,"skipped":0,"pct":71.43},"functions":{"total":3,"covered":1,"skipped":0,"pct":33.33},"statements":{"total":7,"covered":5,"skipped":0,"pct":71.43},"branches":{"total":0,"covered":0,"skipped":0,"pct":100}}
,"/Users/tricky_lake/dev/tricky-max/lib/rollun-ts-rql/src/parser/nodeParsers/query/binaryOperator/fiql/FiqlEqnNodeParser.ts": {"lines":{"total":7,"covered":5,"skipped":0,"pct":71.43},"functions":{"total":3,"covered":1,"skipped":0,"pct":33.33},"statements":{"total":7,"covered":5,"skipped":0,"pct":71.43},"branches":{"total":0,"covered":0,"skipped":0,"pct":100}}
,"/Users/tricky_lake/dev/tricky-max/lib/rollun-ts-rql/src/parser/nodeParsers/query/binaryOperator/fiql/FiqlEqtNodeParser.ts": {"lines":{"total":7,"covered":5,"skipped":0,"pct":71.43},"functions":{"total":3,"covered":1,"skipped":0,"pct":33.33},"statements":{"total":7,"covered":5,"skipped":0,"pct":71.43},"branches":{"total":0,"covered":0,"skipped":0,"pct":100}}
,"/Users/tricky_lake/dev/tricky-max/lib/rollun-ts-rql/src/parser/nodeParsers/query/binaryOperator/fiql/FiqlIeNodeParser.ts": {"lines":{"total":7,"covered":5,"skipped":0,"pct":71.43},"functions":{"total":3,"covered":1,"skipped":0,"pct":33.33},"statements":{"total":7,"covered":5,"skipped":0,"pct":71.43},"branches":{"total":0,"covered":0,"skipped":0,"pct":100}}
,"/Users/tricky_lake/dev/tricky-max/lib/rollun-ts-rql/src/parser/nodeParsers/query/binaryOperator/rql/AbstractBinaryNodeParser.ts": {"lines":{"total":7,"covered":7,"skipped":0,"pct":100},"functions":{"total":1,"covered":1,"skipped":0,"pct":100},"statements":{"total":7,"covered":7,"skipped":0,"pct":100},"branches":{"total":0,"covered":0,"skipped":0,"pct":100}}
,"/Users/tricky_lake/dev/tricky-max/lib/rollun-ts-rql/src/parser/nodeParsers/query/binaryOperator/rql/EqfNodeParser.ts": {"lines":{"total":7,"covered":7,"skipped":0,"pct":100},"functions":{"total":3,"covered":3,"skipped":0,"pct":100},"statements":{"total":7,"covered":7,"skipped":0,"pct":100},"branches":{"total":0,"covered":0,"skipped":0,"pct":100}}
,"/Users/tricky_lake/dev/tricky-max/lib/rollun-ts-rql/src/parser/nodeParsers/query/binaryOperator/rql/EqnNodeParser.ts": {"lines":{"total":7,"covered":7,"skipped":0,"pct":100},"functions":{"total":3,"covered":3,"skipped":0,"pct":100},"statements":{"total":7,"covered":7,"skipped":0,"pct":100},"branches":{"total":0,"covered":0,"skipped":0,"pct":100}}
,"/Users/tricky_lake/dev/tricky-max/lib/rollun-ts-rql/src/parser/nodeParsers/query/binaryOperator/rql/EqtNodeParser .ts": {"lines":{"total":7,"covered":7,"skipped":0,"pct":100},"functions":{"total":3,"covered":3,"skipped":0,"pct":100},"statements":{"total":7,"covered":7,"skipped":0,"pct":100},"branches":{"total":0,"covered":0,"skipped":0,"pct":100}}
,"/Users/tricky_lake/dev/tricky-max/lib/rollun-ts-rql/src/parser/nodeParsers/query/binaryOperator/rql/IeNodeParser.ts": {"lines":{"total":7,"covered":7,"skipped":0,"pct":100},"functions":{"total":3,"covered":3,"skipped":0,"pct":100},"statements":{"total":7,"covered":7,"skipped":0,"pct":100},"branches":{"total":0,"covered":0,"skipped":0,"pct":100}}
,"/Users/tricky_lake/dev/tricky-max/lib/rollun-ts-rql/src/parser/nodeParsers/query/comparisonOperators/AbstractComparisonOperatorNodeParser.ts": {"lines":{"total":3,"covered":3,"skipped":0,"pct":100},"functions":{"total":1,"covered":1,"skipped":0,"pct":100},"statements":{"total":3,"covered":3,"skipped":0,"pct":100},"branches":{"total":0,"covered":0,"skipped":0,"pct":100}}
,"/Users/tricky_lake/dev/tricky-max/lib/rollun-ts-rql/src/parser/nodeParsers/query/comparisonOperators/fiql/AbstractComparisonFiqlNodeParser.ts": {"lines":{"total":13,"covered":13,"skipped":0,"pct":100},"functions":{"total":2,"covered":2,"skipped":0,"pct":100},"statements":{"total":13,"covered":13,"skipped":0,"pct":100},"branches":{"total":0,"covered":0,"skipped":0,"pct":100}}
,"/Users/tricky_lake/dev/tricky-max/lib/rollun-ts-rql/src/parser/nodeParsers/query/comparisonOperators/fiql/FiqlAlikeGlobNodeParser.ts": {"lines":{"total":5,"covered":3,"skipped":0,"pct":60},"functions":{"total":2,"covered":0,"skipped":0,"pct":0},"statements":{"total":5,"covered":3,"skipped":0,"pct":60},"branches":{"total":0,"covered":0,"skipped":0,"pct":100}}
,"/Users/tricky_lake/dev/tricky-max/lib/rollun-ts-rql/src/parser/nodeParsers/query/comparisonOperators/fiql/FiqlContainsNodeParser.ts": {"lines":{"total":5,"covered":3,"skipped":0,"pct":60},"functions":{"total":2,"covered":0,"skipped":0,"pct":0},"statements":{"total":5,"covered":3,"skipped":0,"pct":60},"branches":{"total":0,"covered":0,"skipped":0,"pct":100}}
,"/Users/tricky_lake/dev/tricky-max/lib/rollun-ts-rql/src/parser/nodeParsers/query/comparisonOperators/fiql/FiqlEqNodeParser.ts": {"lines":{"total":5,"covered":5,"skipped":0,"pct":100},"functions":{"total":2,"covered":2,"skipped":0,"pct":100},"statements":{"total":5,"covered":5,"skipped":0,"pct":100},"branches":{"total":0,"covered":0,"skipped":0,"pct":100}}
,"/Users/tricky_lake/dev/tricky-max/lib/rollun-ts-rql/src/parser/nodeParsers/query/comparisonOperators/fiql/FiqlGeNodeParser.ts": {"lines":{"total":5,"covered":5,"skipped":0,"pct":100},"functions":{"total":2,"covered":2,"skipped":0,"pct":100},"statements":{"total":5,"covered":5,"skipped":0,"pct":100},"branches":{"total":0,"covered":0,"skipped":0,"pct":100}}
,"/Users/tricky_lake/dev/tricky-max/lib/rollun-ts-rql/src/parser/nodeParsers/query/comparisonOperators/fiql/FiqlGtNodeParser.ts": {"lines":{"total":5,"covered":5,"skipped":0,"pct":100},"functions":{"total":2,"covered":2,"skipped":0,"pct":100},"statements":{"total":5,"covered":5,"skipped":0,"pct":100},"branches":{"total":0,"covered":0,"skipped":0,"pct":100}}
,"/Users/tricky_lake/dev/tricky-max/lib/rollun-ts-rql/src/parser/nodeParsers/query/comparisonOperators/fiql/FiqlInNodeParser.ts": {"lines":{"total":5,"covered":5,"skipped":0,"pct":100},"functions":{"total":2,"covered":2,"skipped":0,"pct":100},"statements":{"total":5,"covered":5,"skipped":0,"pct":100},"branches":{"total":0,"covered":0,"skipped":0,"pct":100}}
,"/Users/tricky_lake/dev/tricky-max/lib/rollun-ts-rql/src/parser/nodeParsers/query/comparisonOperators/fiql/FiqlLeNodeParser.ts": {"lines":{"total":5,"covered":5,"skipped":0,"pct":100},"functions":{"total":2,"covered":2,"skipped":0,"pct":100},"statements":{"total":5,"covered":5,"skipped":0,"pct":100},"branches":{"total":0,"covered":0,"skipped":0,"pct":100}}
,"/Users/tricky_lake/dev/tricky-max/lib/rollun-ts-rql/src/parser/nodeParsers/query/comparisonOperators/fiql/FiqlLikeGlobNodeParser.ts": {"lines":{"total":5,"covered":3,"skipped":0,"pct":60},"functions":{"total":2,"covered":0,"skipped":0,"pct":0},"statements":{"total":5,"covered":3,"skipped":0,"pct":60},"branches":{"total":0,"covered":0,"skipped":0,"pct":100}}
,"/Users/tricky_lake/dev/tricky-max/lib/rollun-ts-rql/src/parser/nodeParsers/query/comparisonOperators/fiql/FiqlLikeNodeParser.ts": {"lines":{"total":5,"covered":5,"skipped":0,"pct":100},"functions":{"total":2,"covered":2,"skipped":0,"pct":100},"statements":{"total":5,"covered":5,"skipped":0,"pct":100},"branches":{"total":0,"covered":0,"skipped":0,"pct":100}}
,"/Users/tricky_lake/dev/tricky-max/lib/rollun-ts-rql/src/parser/nodeParsers/query/comparisonOperators/fiql/FiqlLtNodeParser.ts": {"lines":{"total":5,"covered":5,"skipped":0,"pct":100},"functions":{"total":2,"covered":2,"skipped":0,"pct":100},"statements":{"total":5,"covered":5,"skipped":0,"pct":100},"branches":{"total":0,"covered":0,"skipped":0,"pct":100}}
,"/Users/tricky_lake/dev/tricky-max/lib/rollun-ts-rql/src/parser/nodeParsers/query/comparisonOperators/fiql/FiqlMatchNodeParser.ts": {"lines":{"total":5,"covered":3,"skipped":0,"pct":60},"functions":{"total":2,"covered":0,"skipped":0,"pct":0},"statements":{"total":5,"covered":3,"skipped":0,"pct":60},"branches":{"total":0,"covered":0,"skipped":0,"pct":100}}
,"/Users/tricky_lake/dev/tricky-max/lib/rollun-ts-rql/src/parser/nodeParsers/query/comparisonOperators/fiql/FiqlNeNodeParser.ts": {"lines":{"total":5,"covered":5,"skipped":0,"pct":100},"functions":{"total":2,"covered":2,"skipped":0,"pct":100},"statements":{"total":5,"covered":5,"skipped":0,"pct":100},"branches":{"total":0,"covered":0,"skipped":0,"pct":100}}
,"/Users/tricky_lake/dev/tricky-max/lib/rollun-ts-rql/src/parser/nodeParsers/query/comparisonOperators/fiql/FiqlOutNodeParser.ts": {"lines":{"total":5,"covered":5,"skipped":0,"pct":100},"functions":{"total":2,"covered":2,"skipped":0,"pct":100},"statements":{"total":5,"covered":5,"skipped":0,"pct":100},"branches":{"total":0,"covered":0,"skipped":0,"pct":100}}
,"/Users/tricky_lake/dev/tricky-max/lib/rollun-ts-rql/src/parser/nodeParsers/query/comparisonOperators/rql/AbstractComparisonRqlNodeParser.ts": {"lines":{"total":11,"covered":11,"skipped":0,"pct":100},"functions":{"total":2,"covered":2,"skipped":0,"pct":100},"statements":{"total":11,"covered":11,"skipped":0,"pct":100},"branches":{"total":0,"covered":0,"skipped":0,"pct":100}}
,"/Users/tricky_lake/dev/tricky-max/lib/rollun-ts-rql/src/parser/nodeParsers/query/comparisonOperators/rql/AlikeGlobNodeParser.ts": {"lines":{"total":5,"covered":5,"skipped":0,"pct":100},"functions":{"total":2,"covered":2,"skipped":0,"pct":100},"statements":{"total":5,"covered":5,"skipped":0,"pct":100},"branches":{"total":0,"covered":0,"skipped":0,"pct":100}}
,"/Users/tricky_lake/dev/tricky-max/lib/rollun-ts-rql/src/parser/nodeParsers/query/comparisonOperators/rql/ContainsNodeParser.ts": {"lines":{"total":5,"covered":4,"skipped":0,"pct":80},"functions":{"total":2,"covered":1,"skipped":0,"pct":50},"statements":{"total":5,"covered":4,"skipped":0,"pct":80},"branches":{"total":0,"covered":0,"skipped":0,"pct":100}}
,"/Users/tricky_lake/dev/tricky-max/lib/rollun-ts-rql/src/parser/nodeParsers/query/comparisonOperators/rql/EqNodeParser.ts": {"lines":{"total":5,"covered":5,"skipped":0,"pct":100},"functions":{"total":2,"covered":2,"skipped":0,"pct":100},"statements":{"total":5,"covered":5,"skipped":0,"pct":100},"branches":{"total":0,"covered":0,"skipped":0,"pct":100}}
,"/Users/tricky_lake/dev/tricky-max/lib/rollun-ts-rql/src/parser/nodeParsers/query/comparisonOperators/rql/GeNodeParser.ts": {"lines":{"total":5,"covered":5,"skipped":0,"pct":100},"functions":{"total":2,"covered":2,"skipped":0,"pct":100},"statements":{"total":5,"covered":5,"skipped":0,"pct":100},"branches":{"total":0,"covered":0,"skipped":0,"pct":100}}
,"/Users/tricky_lake/dev/tricky-max/lib/rollun-ts-rql/src/parser/nodeParsers/query/comparisonOperators/rql/GtNodeParser.ts": {"lines":{"total":5,"covered":5,"skipped":0,"pct":100},"functions":{"total":2,"covered":2,"skipped":0,"pct":100},"statements":{"total":5,"covered":5,"skipped":0,"pct":100},"branches":{"total":0,"covered":0,"skipped":0,"pct":100}}
,"/Users/tricky_lake/dev/tricky-max/lib/rollun-ts-rql/src/parser/nodeParsers/query/comparisonOperators/rql/InNodeParser.ts": {"lines":{"total":5,"covered":5,"skipped":0,"pct":100},"functions":{"total":2,"covered":2,"skipped":0,"pct":100},"statements":{"total":5,"covered":5,"skipped":0,"pct":100},"branches":{"total":0,"covered":0,"skipped":0,"pct":100}}
,"/Users/tricky_lake/dev/tricky-max/lib/rollun-ts-rql/src/parser/nodeParsers/query/comparisonOperators/rql/LeNodeParser.ts": {"lines":{"total":5,"covered":5,"skipped":0,"pct":100},"functions":{"total":2,"covered":2,"skipped":0,"pct":100},"statements":{"total":5,"covered":5,"skipped":0,"pct":100},"branches":{"total":0,"covered":0,"skipped":0,"pct":100}}
,"/Users/tricky_lake/dev/tricky-max/lib/rollun-ts-rql/src/parser/nodeParsers/query/comparisonOperators/rql/LikeGlobNodeParser.ts": {"lines":{"total":5,"covered":4,"skipped":0,"pct":80},"functions":{"total":2,"covered":1,"skipped":0,"pct":50},"statements":{"total":5,"covered":4,"skipped":0,"pct":80},"branches":{"total":0,"covered":0,"skipped":0,"pct":100}}
,"/Users/tricky_lake/dev/tricky-max/lib/rollun-ts-rql/src/parser/nodeParsers/query/comparisonOperators/rql/LikeNodeParser.ts": {"lines":{"total":5,"covered":5,"skipped":0,"pct":100},"functions":{"total":2,"covered":2,"skipped":0,"pct":100},"statements":{"total":5,"covered":5,"skipped":0,"pct":100},"branches":{"total":0,"covered":0,"skipped":0,"pct":100}}
,"/Users/tricky_lake/dev/tricky-max/lib/rollun-ts-rql/src/parser/nodeParsers/query/comparisonOperators/rql/LtNodeParser.ts": {"lines":{"total":5,"covered":5,"skipped":0,"pct":100},"functions":{"total":2,"covered":2,"skipped":0,"pct":100},"statements":{"total":5,"covered":5,"skipped":0,"pct":100},"branches":{"total":0,"covered":0,"skipped":0,"pct":100}}
,"/Users/tricky_lake/dev/tricky-max/lib/rollun-ts-rql/src/parser/nodeParsers/query/comparisonOperators/rql/MatchNodeParser.ts": {"lines":{"total":5,"covered":4,"skipped":0,"pct":80},"functions":{"total":2,"covered":1,"skipped":0,"pct":50},"statements":{"total":5,"covered":4,"skipped":0,"pct":80},"branches":{"total":0,"covered":0,"skipped":0,"pct":100}}
,"/Users/tricky_lake/dev/tricky-max/lib/rollun-ts-rql/src/parser/nodeParsers/query/comparisonOperators/rql/NeNodeParser.ts": {"lines":{"total":5,"covered":5,"skipped":0,"pct":100},"functions":{"total":2,"covered":2,"skipped":0,"pct":100},"statements":{"total":5,"covered":5,"skipped":0,"pct":100},"branches":{"total":0,"covered":0,"skipped":0,"pct":100}}
,"/Users/tricky_lake/dev/tricky-max/lib/rollun-ts-rql/src/parser/nodeParsers/query/comparisonOperators/rql/OutNodeParser.ts": {"lines":{"total":5,"covered":5,"skipped":0,"pct":100},"functions":{"total":2,"covered":2,"skipped":0,"pct":100},"statements":{"total":5,"covered":5,"skipped":0,"pct":100},"branches":{"total":0,"covered":0,"skipped":0,"pct":100}}
,"/Users/tricky_lake/dev/tricky-max/lib/rollun-ts-rql/src/parser/nodeParsers/query/logicalOperators/AbstractLogicalOperatorNodeParser.ts": {"lines":{"total":11,"covered":11,"skipped":0,"pct":100},"functions":{"total":3,"covered":3,"skipped":0,"pct":100},"statements":{"total":11,"covered":11,"skipped":0,"pct":100},"branches":{"total":0,"covered":0,"skipped":0,"pct":100}}
,"/Users/tricky_lake/dev/tricky-max/lib/rollun-ts-rql/src/parser/nodeParsers/query/logicalOperators/AndNodeParser.ts": {"lines":{"total":7,"covered":6,"skipped":0,"pct":85.71},"functions":{"total":2,"covered":2,"skipped":0,"pct":100},"statements":{"total":7,"covered":6,"skipped":0,"pct":85.71},"branches":{"total":2,"covered":1,"skipped":0,"pct":50}}
,"/Users/tricky_lake/dev/tricky-max/lib/rollun-ts-rql/src/parser/nodeParsers/query/logicalOperators/NotNodeParser.ts": {"lines":{"total":7,"covered":6,"skipped":0,"pct":85.71},"functions":{"total":2,"covered":2,"skipped":0,"pct":100},"statements":{"total":7,"covered":6,"skipped":0,"pct":85.71},"branches":{"total":2,"covered":1,"skipped":0,"pct":50}}
,"/Users/tricky_lake/dev/tricky-max/lib/rollun-ts-rql/src/parser/nodeParsers/query/logicalOperators/OrNodeParser.ts": {"lines":{"total":7,"covered":6,"skipped":0,"pct":85.71},"functions":{"total":2,"covered":2,"skipped":0,"pct":100},"statements":{"total":7,"covered":6,"skipped":0,"pct":85.71},"branches":{"total":2,"covered":1,"skipped":0,"pct":50}}
,"/Users/tricky_lake/dev/tricky-max/lib/rollun-ts-rql/src/parser/subLexers/ConstantSubLexer.ts": {"lines":{"total":13,"covered":13,"skipped":0,"pct":100},"functions":{"total":1,"covered":1,"skipped":0,"pct":100},"statements":{"total":13,"covered":13,"skipped":0,"pct":100},"branches":{"total":8,"covered":8,"skipped":0,"pct":100}}
,"/Users/tricky_lake/dev/tricky-max/lib/rollun-ts-rql/src/parser/subLexers/DatetimeSubLexer.ts": {"lines":{"total":9,"covered":8,"skipped":0,"pct":88.89},"functions":{"total":1,"covered":1,"skipped":0,"pct":100},"statements":{"total":9,"covered":8,"skipped":0,"pct":88.89},"branches":{"total":10,"covered":9,"skipped":0,"pct":90}}
,"/Users/tricky_lake/dev/tricky-max/lib/rollun-ts-rql/src/parser/subLexers/FiqlOperatorSubLexer.ts": {"lines":{"total":18,"covered":18,"skipped":0,"pct":100},"functions":{"total":3,"covered":3,"skipped":0,"pct":100},"statements":{"total":18,"covered":18,"skipped":0,"pct":100},"branches":{"total":6,"covered":6,"skipped":0,"pct":100}}
,"/Users/tricky_lake/dev/tricky-max/lib/rollun-ts-rql/src/parser/subLexers/GlobSubLexer.ts": {"lines":{"total":11,"covered":11,"skipped":0,"pct":100},"functions":{"total":3,"covered":3,"skipped":0,"pct":100},"statements":{"total":11,"covered":11,"skipped":0,"pct":100},"branches":{"total":6,"covered":6,"skipped":0,"pct":100}}
,"/Users/tricky_lake/dev/tricky-max/lib/rollun-ts-rql/src/parser/subLexers/NumberSubLexer.ts": {"lines":{"total":6,"covered":6,"skipped":0,"pct":100},"functions":{"total":1,"covered":1,"skipped":0,"pct":100},"statements":{"total":6,"covered":6,"skipped":0,"pct":100},"branches":{"total":6,"covered":6,"skipped":0,"pct":100}}
,"/Users/tricky_lake/dev/tricky-max/lib/rollun-ts-rql/src/parser/subLexers/PunctuationSubLexer.ts": {"lines":{"total":16,"covered":16,"skipped":0,"pct":100},"functions":{"total":1,"covered":1,"skipped":0,"pct":100},"statements":{"total":16,"covered":16,"skipped":0,"pct":100},"branches":{"total":12,"covered":12,"skipped":0,"pct":100}}
,"/Users/tricky_lake/dev/tricky-max/lib/rollun-ts-rql/src/parser/subLexers/RqlOperatorSubLexer.ts": {"lines":{"total":6,"covered":6,"skipped":0,"pct":100},"functions":{"total":1,"covered":1,"skipped":0,"pct":100},"statements":{"total":6,"covered":6,"skipped":0,"pct":100},"branches":{"total":2,"covered":2,"skipped":0,"pct":100}}
,"/Users/tricky_lake/dev/tricky-max/lib/rollun-ts-rql/src/parser/subLexers/SortSubLexer.ts": {"lines":{"total":8,"covered":7,"skipped":0,"pct":87.5},"functions":{"total":1,"covered":1,"skipped":0,"pct":100},"statements":{"total":8,"covered":7,"skipped":0,"pct":87.5},"branches":{"total":4,"covered":3,"skipped":0,"pct":75}}
,"/Users/tricky_lake/dev/tricky-max/lib/rollun-ts-rql/src/parser/subLexers/StringSubLexer.ts": {"lines":{"total":7,"covered":7,"skipped":0,"pct":100},"functions":{"total":1,"covered":1,"skipped":0,"pct":100},"statements":{"total":7,"covered":7,"skipped":0,"pct":100},"branches":{"total":4,"covered":4,"skipped":0,"pct":100}}
,"/Users/tricky_lake/dev/tricky-max/lib/rollun-ts-rql/src/parser/subLexers/SubLexerChain.ts": {"lines":{"total":9,"covered":8,"skipped":0,"pct":88.89},"functions":{"total":3,"covered":3,"skipped":0,"pct":100},"statements":{"total":9,"covered":8,"skipped":0,"pct":88.89},"branches":{"total":2,"covered":2,"skipped":0,"pct":100}}
,"/Users/tricky_lake/dev/tricky-max/lib/rollun-ts-rql/src/parser/subLexers/TypeSubLexer.ts": {"lines":{"total":6,"covered":6,"skipped":0,"pct":100},"functions":{"total":1,"covered":1,"skipped":0,"pct":100},"statements":{"total":6,"covered":6,"skipped":0,"pct":100},"branches":{"total":2,"covered":2,"skipped":0,"pct":100}}
,"/Users/tricky_lake/dev/tricky-max/lib/rollun-ts-rql/src/parser/typeCasters/BooleanTypeCaster.ts": {"lines":{"total":13,"covered":13,"skipped":0,"pct":100},"functions":{"total":1,"covered":1,"skipped":0,"pct":100},"statements":{"total":13,"covered":13,"skipped":0,"pct":100},"branches":{"total":12,"covered":12,"skipped":0,"pct":100}}
,"/Users/tricky_lake/dev/tricky-max/lib/rollun-ts-rql/src/parser/typeCasters/FloatTypeCaster.ts": {"lines":{"total":20,"covered":20,"skipped":0,"pct":100},"functions":{"total":1,"covered":1,"skipped":0,"pct":100},"statements":{"total":20,"covered":20,"skipped":0,"pct":100},"branches":{"total":22,"covered":17,"skipped":0,"pct":77.27}}
,"/Users/tricky_lake/dev/tricky-max/lib/rollun-ts-rql/src/parser/typeCasters/IntegerTypeCaster.ts": {"lines":{"total":20,"covered":20,"skipped":0,"pct":100},"functions":{"total":1,"covered":1,"skipped":0,"pct":100},"statements":{"total":20,"covered":20,"skipped":0,"pct":100},"branches":{"total":22,"covered":17,"skipped":0,"pct":77.27}}
,"/Users/tricky_lake/dev/tricky-max/lib/rollun-ts-rql/src/parser/typeCasters/StringTypeCaster.ts": {"lines":{"total":13,"covered":13,"skipped":0,"pct":100},"functions":{"total":1,"covered":1,"skipped":0,"pct":100},"statements":{"total":13,"covered":13,"skipped":0,"pct":100},"branches":{"total":10,"covered":10,"skipped":0,"pct":100}}
,"/Users/tricky_lake/dev/tricky-max/lib/rollun-ts-rql/src/parser/valueParsers/ArrayParser.ts": {"lines":{"total":11,"covered":11,"skipped":0,"pct":100},"functions":{"total":2,"covered":2,"skipped":0,"pct":100},"statements":{"total":11,"covered":11,"skipped":0,"pct":100},"branches":{"total":2,"covered":2,"skipped":0,"pct":100}}
,"/Users/tricky_lake/dev/tricky-max/lib/rollun-ts-rql/src/parser/valueParsers/FieldParser.ts": {"lines":{"total":3,"covered":3,"skipped":0,"pct":100},"functions":{"total":1,"covered":1,"skipped":0,"pct":100},"statements":{"total":3,"covered":3,"skipped":0,"pct":100},"branches":{"total":0,"covered":0,"skipped":0,"pct":100}}
,"/Users/tricky_lake/dev/tricky-max/lib/rollun-ts-rql/src/parser/valueParsers/GlobParser .ts": {"lines":{"total":9,"covered":9,"skipped":0,"pct":100},"functions":{"total":1,"covered":1,"skipped":0,"pct":100},"statements":{"total":9,"covered":9,"skipped":0,"pct":100},"branches":{"total":4,"covered":3,"skipped":0,"pct":75}}
,"/Users/tricky_lake/dev/tricky-max/lib/rollun-ts-rql/src/parser/valueParsers/IntegerParser.ts": {"lines":{"total":3,"covered":3,"skipped":0,"pct":100},"functions":{"total":1,"covered":1,"skipped":0,"pct":100},"statements":{"total":3,"covered":3,"skipped":0,"pct":100},"branches":{"total":0,"covered":0,"skipped":0,"pct":100}}
,"/Users/tricky_lake/dev/tricky-max/lib/rollun-ts-rql/src/parser/valueParsers/ScalarParser.ts": {"lines":{"total":31,"covered":29,"skipped":0,"pct":93.55},"functions":{"total":5,"covered":5,"skipped":0,"pct":100},"statements":{"total":31,"covered":29,"skipped":0,"pct":93.55},"branches":{"total":20,"covered":18,"skipped":0,"pct":90}}
}
