TN:
SF:/Users/tricky_lake/dev/tricky-max/lib/rollun-ts-rql/src/Query.ts
FN:16,(anonymous_1)
FN:31,(anonymous_2)
FN:36,(anonymous_3)
FN:41,(anonymous_4)
FN:46,(anonymous_5)
FN:51,(anonymous_6)
FN:56,(anonymous_7)
FN:64,(anonymous_8)
FN:68,(anonymous_9)
FN:72,(anonymous_10)
FN:76,(anonymous_11)
FN:80,(anonymous_12)
FN:84,(anonymous_13)
FN:88,(anonymous_14)
FN:92,(anonymous_15)
FN:96,(anonymous_16)
FN:100,(anonymous_17)
FN:104,(anonymous_18)
FNF:18
FNH:9
FNDA:2079,(anonymous_1)
FNDA:0,(anonymous_2)
FNDA:0,(anonymous_3)
FNDA:0,(anonymous_4)
FNDA:1,(anonymous_5)
FNDA:0,(anonymous_6)
FNDA:5,(anonymous_7)
FNDA:0,(anonymous_8)
FNDA:1003,(anonymous_9)
FNDA:0,(anonymous_10)
FNDA:1003,(anonymous_11)
FNDA:0,(anonymous_12)
FNDA:1006,(anonymous_13)
FNDA:1156,(anonymous_14)
FNDA:1070,(anonymous_15)
FNDA:0,(anonymous_16)
FNDA:2,(anonymous_17)
FNDA:0,(anonymous_18)
DA:3,5
DA:6,5
DA:8,5
DA:24,2079
DA:25,2079
DA:26,2079
DA:27,2079
DA:28,2079
DA:32,0
DA:33,0
DA:37,0
DA:38,0
DA:42,0
DA:43,0
DA:47,1
DA:48,1
DA:52,0
DA:53,0
DA:57,5
DA:58,1
DA:60,4
DA:61,4
DA:65,0
DA:69,1003
DA:73,0
DA:77,1003
DA:81,0
DA:85,1006
DA:89,1156
DA:93,1070
DA:97,0
DA:101,2
DA:105,0
LF:33
LH:20
BRDA:23,0,0,1057
BRDA:56,1,0,0
BRDA:56,2,0,5
BRDA:57,3,0,1
BRDA:57,3,1,4
BRF:5
BRH:4
end_of_record
TN:
SF:/Users/tricky_lake/dev/tricky-max/lib/rollun-ts-rql/src/QueryBuilder.ts
FN:16,(anonymous_1)
FN:20,(anonymous_2)
FN:39,(anonymous_3)
FN:43,(anonymous_4)
FN:48,(anonymous_5)
FN:62,(anonymous_6)
FN:67,(anonymous_7)
FN:72,(anonymous_8)
FN:77,(anonymous_9)
FN:81,(anonymous_10)
FN:104,(anonymous_11)
FN:111,(anonymous_12)
FN:118,(anonymous_13)
FN:125,(anonymous_14)
FN:132,(anonymous_15)
FNF:15
FNH:11
FNDA:1054,(anonymous_1)
FNDA:4093,(anonymous_2)
FNDA:1054,(anonymous_3)
FNDA:1003,(anonymous_4)
FNDA:1156,(anonymous_5)
FNDA:1003,(anonymous_6)
FNDA:1006,(anonymous_7)
FNDA:2,(anonymous_8)
FNDA:1,(anonymous_9)
FNDA:2,(anonymous_10)
FNDA:0,(anonymous_11)
FNDA:0,(anonymous_12)
FNDA:1,(anonymous_13)
FNDA:0,(anonymous_14)
FNDA:0,(anonymous_15)
DA:1,5
DA:2,5
DA:3,5
DA:4,5
DA:5,5
DA:6,5
DA:7,5
DA:8,5
DA:9,5
DA:10,5
DA:12,5
DA:17,1054
DA:21,4093
DA:22,1002
DA:24,3091
DA:25,1083
DA:27,2008
DA:28,1002
DA:30,1006
DA:31,1005
DA:33,1
DA:34,1
DA:36,0
DA:40,1054
DA:44,1003
DA:45,1003
DA:49,1156
DA:50,1156
DA:51,1048
DA:53,108
DA:54,86
DA:56,22
DA:59,1156
DA:63,1003
DA:64,1003
DA:68,1006
DA:69,1006
DA:73,2
DA:74,2
DA:78,1
DA:82,2
DA:83,1
DA:84,1
DA:86,1
DA:87,0
DA:89,1
DA:90,1
DA:92,0
DA:93,0
DA:95,0
DA:96,0
DA:98,0
DA:99,0
DA:101,0
DA:105,0
DA:108,0
DA:112,0
DA:115,0
DA:119,1
DA:122,1
DA:126,0
DA:129,0
DA:133,0
DA:136,0
LF:64
LH:47
BRDA:21,0,0,1002
BRDA:21,0,1,3091
BRDA:24,1,0,1083
BRDA:24,1,1,2008
BRDA:27,2,0,1002
BRDA:27,2,1,1006
BRDA:30,3,0,1005
BRDA:30,3,1,1
BRDA:33,4,0,1
BRDA:33,4,1,0
BRDA:50,5,0,1048
BRDA:50,5,1,108
BRDA:53,6,0,86
BRDA:53,6,1,22
BRDA:82,7,0,1
BRDA:82,7,1,1
BRDA:86,8,0,0
BRDA:86,8,1,1
BRDA:89,9,0,1
BRDA:89,9,1,0
BRDA:92,10,0,0
BRDA:92,10,1,0
BRDA:95,11,0,0
BRDA:95,11,1,0
BRDA:98,12,0,0
BRDA:98,12,1,0
BRDA:101,13,0,0
BRDA:101,13,1,0
BRF:28
BRH:17
end_of_record
TN:
SF:/Users/tricky_lake/dev/tricky-max/lib/rollun-ts-rql/src/QueryStringifier.ts
FN:15,(anonymous_1)
FN:17,(anonymous_2)
FN:29,(anonymous_3)
FN:46,(anonymous_4)
FN:60,(anonymous_5)
FN:65,(anonymous_6)
FN:71,(anonymous_7)
FN:74,(anonymous_8)
FN:87,(anonymous_9)
FN:90,(anonymous_10)
FN:106,(anonymous_11)
FN:110,(anonymous_12)
FN:116,(anonymous_13)
FN:134,(anonymous_14)
FN:154,(anonymous_15)
FN:165,(anonymous_16)
FN:175,(anonymous_17)
FNF:17
FNH:17
FNDA:101016,(anonymous_1)
FNDA:505080,(anonymous_2)
FNDA:808153,(anonymous_3)
FNDA:505080,(anonymous_4)
FNDA:101016,(anonymous_5)
FNDA:2,(anonymous_6)
FNDA:101016,(anonymous_7)
FNDA:404029,(anonymous_8)
FNDA:101016,(anonymous_9)
FNDA:101003,(anonymous_10)
FNDA:101016,(anonymous_11)
FNDA:101066,(anonymous_12)
FNDA:50,(anonymous_13)
FNDA:5,(anonymous_14)
FNDA:101044,(anonymous_15)
FNDA:303126,(anonymous_16)
FNDA:505080,(anonymous_17)
DA:6,5
DA:7,5
DA:8,5
DA:9,5
DA:11,5
DA:12,5
DA:14,5
DA:16,101016
DA:18,505080
DA:19,505080
DA:20,505080
DA:24,101016
DA:30,808153
DA:31,808153
DA:32,26
DA:43,808153
DA:47,505080
DA:48,505080
DA:49,505080
DA:51,505080
DA:52,505080
DA:53,505080
DA:54,505080
DA:56,0
DA:61,101016
DA:62,101015
DA:64,1
DA:65,1
DA:66,2
DA:68,1
DA:72,101016
DA:74,101009
DA:75,404029
DA:76,4
DA:78,404025
DA:82,101009
DA:84,7
DA:89,101016
DA:90,101002
DA:91,101003
DA:92,101003
DA:93,101003
DA:94,101003
DA:96,101002
DA:97,101002
DA:99,101002
DA:101,14
DA:103,101016
DA:107,101016
DA:111,101066
DA:112,101066
DA:114,16
DA:115,16
DA:116,16
DA:117,50
DA:119,16
DA:120,16
DA:121,16
DA:124,101039
DA:125,101039
DA:126,101039
DA:130,101039
DA:133,2
DA:134,2
DA:135,5
DA:137,2
DA:139,2
DA:141,5
DA:142,5
DA:143,5
DA:145,101066
DA:155,101044
DA:166,303126
DA:167,202082
DA:168,202082
DA:170,101044
DA:176,505080
LF:77
LH:76
BRDA:25,0,0,101016
BRDA:25,0,1,0
BRDA:48,1,0,505080
BRDA:48,1,1,0
BRDA:53,2,0,505080
BRDA:53,2,1,0
BRDA:61,3,0,101015
BRDA:61,3,1,1
BRDA:66,4,0,1
BRDA:66,4,1,1
BRDA:72,5,0,101009
BRDA:72,5,1,7
BRDA:75,6,0,4
BRDA:75,6,1,404025
BRDA:89,7,0,101002
BRDA:89,7,1,14
BRDA:92,8,0,2
BRDA:92,8,1,101001
BRDA:96,9,0,101002
BRDA:96,9,1,0
BRDA:107,10,0,101004
BRDA:107,10,1,12
BRDA:113,11,0,16
BRDA:113,11,1,101039
BRDA:113,11,2,2
BRDA:113,11,3,5
BRDA:119,12,0,16
BRDA:119,12,1,0
BRDA:125,13,0,0
BRDA:125,13,1,101039
BRDA:155,14,0,101028
BRDA:155,14,1,16
BRDA:155,15,0,101044
BRDA:155,15,1,101030
BRDA:155,15,2,101028
BRDA:165,16,0,101044
BRDA:165,17,0,101044
BRDA:166,18,0,202082
BRDA:166,18,1,101044
BRDA:167,19,0,0
BRDA:167,19,1,202082
BRDA:168,20,0,0
BRDA:168,20,1,202082
BRDA:171,21,0,2
BRDA:171,21,1,101042
BRDA:170,22,0,101044
BRDA:170,22,1,101044
BRDA:170,22,2,101044
BRDA:170,22,3,101044
BRDA:172,23,0,14
BRDA:172,23,1,101028
BRDA:176,24,0,404028
BRDA:176,24,1,101052
BRDA:176,25,0,505080
BRDA:176,25,1,404049
BRF:55
BRH:47
end_of_record
TN:
SF:/Users/tricky_lake/dev/tricky-max/lib/rollun-ts-rql/src/RqlParser.ts
FN:58,(anonymous_1)
FN:62,(anonymous_2)
FN:66,(anonymous_3)
FN:74,(anonymous_4)
FN:80,(anonymous_5)
FN:93,(anonymous_6)
FN:153,(anonymous_7)
FNF:7
FNH:6
FNDA:10,(anonymous_1)
FNDA:3,(anonymous_2)
FNDA:1009,(anonymous_3)
FNDA:1009,(anonymous_4)
FNDA:1003,(anonymous_5)
FNDA:1009,(anonymous_6)
FNDA:0,(anonymous_7)
DA:2,5
DA:3,5
DA:4,5
DA:5,5
DA:6,5
DA:7,5
DA:8,5
DA:9,5
DA:10,5
DA:11,5
DA:12,5
DA:13,5
DA:14,5
DA:15,5
DA:16,5
DA:17,5
DA:18,5
DA:19,5
DA:20,5
DA:21,5
DA:22,5
DA:23,5
DA:24,5
DA:25,5
DA:26,5
DA:27,5
DA:28,5
DA:29,5
DA:30,5
DA:31,5
DA:32,5
DA:33,5
DA:34,5
DA:35,5
DA:36,5
DA:37,5
DA:38,5
DA:39,5
DA:40,5
DA:41,5
DA:42,5
DA:43,5
DA:44,5
DA:45,5
DA:46,5
DA:47,5
DA:48,5
DA:49,5
DA:50,5
DA:51,5
DA:52,5
DA:53,5
DA:54,5
DA:55,5
DA:57,5
DA:58,10
DA:63,3
DA:67,1009
DA:68,1009
DA:69,1009
DA:70,1009
DA:71,1009
DA:75,1009
DA:76,1009
DA:77,1009
DA:78,1001
DA:79,1001
DA:80,1001
DA:81,1003
DA:82,1003
DA:83,1
DA:85,1003
DA:87,1001
DA:88,1001
DA:90,8
DA:94,1009
DA:99,1009
DA:100,1009
DA:101,1009
DA:102,1009
DA:103,1009
DA:104,1009
DA:143,1009
DA:154,0
LF:84
LH:83
BRDA:58,0,0,7
BRDA:62,1,0,3
BRDA:77,2,0,1001
BRDA:77,2,1,8
BRDA:82,3,0,1
BRDA:82,3,1,1002
BRF:6
BRH:6
end_of_record
TN:
SF:/Users/tricky_lake/dev/tricky-max/lib/rollun-ts-rql/src/index.ts
FNF:0
FNH:0
DA:1,5
DA:4,5
DA:5,5
DA:6,5
DA:12,5
DA:13,5
DA:17,5
DA:18,5
DA:22,5
DA:23,5
DA:24,5
DA:25,5
DA:29,5
DA:30,5
DA:31,5
DA:35,5
DA:36,5
DA:37,5
DA:38,5
DA:39,5
DA:40,5
DA:41,5
DA:42,5
DA:43,5
DA:44,5
DA:45,5
DA:49,5
DA:50,5
DA:51,5
DA:52,5
DA:56,5
DA:57,5
DA:58,5
DA:59,5
DA:60,5
LF:35
LH:35
BRF:0
BRH:0
end_of_record
TN:
SF:/Users/tricky_lake/dev/tricky-max/lib/rollun-ts-rql/src/nodes/AbstractComparisonOperatorNode.ts
FNF:0
FNH:0
DA:1,5
DA:3,5
LF:2
LH:2
BRF:0
BRH:0
end_of_record
TN:
SF:/Users/tricky_lake/dev/tricky-max/lib/rollun-ts-rql/src/nodes/AbstractNode.ts
FNF:0
FNH:0
DA:1,5
LF:1
LH:1
BRF:0
BRH:0
end_of_record
TN:
SF:/Users/tricky_lake/dev/tricky-max/lib/rollun-ts-rql/src/nodes/AbstractQueryNode.ts
FNF:0
FNH:0
DA:1,5
DA:3,5
LF:2
LH:2
BRF:0
BRH:0
end_of_record
TN:
SF:/Users/tricky_lake/dev/tricky-max/lib/rollun-ts-rql/src/nodes/GroupBy.ts
FN:6,(anonymous_1)
FNF:1
FNH:1
FNDA:3,(anonymous_1)
DA:1,5
DA:3,5
DA:7,3
DA:8,3
LF:4
LH:4
BRF:0
BRH:0
end_of_record
TN:
SF:/Users/tricky_lake/dev/tricky-max/lib/rollun-ts-rql/src/nodes/Limit.ts
FN:9,(anonymous_1)
FN:15,(anonymous_2)
FN:19,(anonymous_3)
FN:23,(anonymous_4)
FN:27,(anonymous_5)
FN:31,(anonymous_6)
FNF:6
FNH:4
FNDA:2017,(anonymous_1)
FNDA:101004,(anonymous_2)
FNDA:0,(anonymous_3)
FNDA:101004,(anonymous_4)
FNDA:0,(anonymous_5)
FNDA:7,(anonymous_6)
DA:1,5
DA:3,5
DA:5,2017
DA:10,2017
DA:11,2017
DA:12,2017
DA:16,101004
DA:20,0
DA:24,101004
DA:28,0
DA:32,7
DA:33,7
LF:12
LH:10
BRDA:9,0,0,0
BRF:1
BRH:0
end_of_record
TN:
SF:/Users/tricky_lake/dev/tricky-max/lib/rollun-ts-rql/src/nodes/Select.ts
FN:9,(anonymous_1)
FN:14,(anonymous_2)
FN:18,(anonymous_3)
FNF:3
FNH:2
FNDA:2014,(anonymous_1)
FNDA:101009,(anonymous_2)
FNDA:0,(anonymous_3)
DA:1,5
DA:4,5
DA:6,2014
DA:10,2014
DA:11,2014
DA:15,101009
DA:19,0
LF:7
LH:6
BRF:0
BRH:0
end_of_record
TN:
SF:/Users/tricky_lake/dev/tricky-max/lib/rollun-ts-rql/src/nodes/Sort.ts
FN:12,(anonymous_1)
FN:17,(anonymous_2)
FN:21,(anonymous_3)
FNF:3
FNH:2
FNDA:2007,(anonymous_1)
FNDA:101002,(anonymous_2)
FNDA:0,(anonymous_3)
DA:1,5
DA:7,5
DA:9,2007
DA:13,2007
DA:14,2007
DA:18,101002
DA:22,0
LF:7
LH:6
BRF:0
BRH:0
end_of_record
TN:
SF:/Users/tricky_lake/dev/tricky-max/lib/rollun-ts-rql/src/nodes/aggregateNodes/AggregateFunctionNode.ts
FN:9,(anonymous_1)
FN:16,(anonymous_2)
FN:20,(anonymous_3)
FNF:3
FNH:3
FNDA:10,(anonymous_1)
FNDA:4,(anonymous_2)
FNDA:4,(anonymous_3)
DA:1,5
DA:3,5
DA:10,10
DA:11,10
DA:12,10
DA:13,10
DA:17,4
DA:21,4
LF:8
LH:8
BRF:0
BRH:0
end_of_record
TN:
SF:/Users/tricky_lake/dev/tricky-max/lib/rollun-ts-rql/src/nodes/aggregateNodes/AggregateSelect.ts
FNF:0
FNH:0
DA:1,5
DA:3,5
LF:2
LH:2
BRF:0
BRH:0
end_of_record
TN:
SF:/Users/tricky_lake/dev/tricky-max/lib/rollun-ts-rql/src/nodes/arrayNodes/AbstractArrayNode.ts
FN:8,(anonymous_1)
FN:14,(anonymous_2)
FN:18,(anonymous_3)
FN:22,(anonymous_4)
FN:26,(anonymous_5)
FN:30,(anonymous_6)
FN:34,(anonymous_7)
FN:40,(anonymous_8)
FNF:8
FNH:6
FNDA:32,(anonymous_1)
FNDA:2,(anonymous_2)
FNDA:0,(anonymous_3)
FNDA:2,(anonymous_4)
FNDA:0,(anonymous_5)
FNDA:1,(anonymous_6)
FNDA:1,(anonymous_7)
FNDA:1,(anonymous_8)
DA:1,5
DA:3,5
DA:9,32
DA:10,32
DA:11,32
DA:15,2
DA:19,0
DA:23,2
DA:27,0
DA:31,1
DA:35,1
DA:36,1
DA:37,1
DA:41,1
LF:14
LH:12
BRDA:35,0,0,0
BRDA:35,0,1,1
BRF:2
BRH:1
end_of_record
TN:
SF:/Users/tricky_lake/dev/tricky-max/lib/rollun-ts-rql/src/nodes/arrayNodes/In.ts
FN:3,(anonymous_1)
FNF:1
FNH:1
FNDA:25,(anonymous_1)
DA:1,5
DA:3,5
DA:4,25
LF:3
LH:3
BRF:0
BRH:0
end_of_record
TN:
SF:/Users/tricky_lake/dev/tricky-max/lib/rollun-ts-rql/src/nodes/arrayNodes/Out.ts
FN:3,(anonymous_1)
FNF:1
FNH:1
FNDA:7,(anonymous_1)
DA:1,5
DA:3,5
DA:4,7
LF:3
LH:3
BRF:0
BRH:0
end_of_record
TN:
SF:/Users/tricky_lake/dev/tricky-max/lib/rollun-ts-rql/src/nodes/binaryNodes/AbstractBinaryNode.ts
FN:4,(anonymous_1)
FNF:1
FNH:1
FNDA:21,(anonymous_1)
DA:1,5
DA:3,5
DA:5,21
DA:6,21
LF:4
LH:4
BRF:0
BRH:0
end_of_record
TN:
SF:/Users/tricky_lake/dev/tricky-max/lib/rollun-ts-rql/src/nodes/binaryNodes/Eqf.ts
FN:3,(anonymous_1)
FNF:1
FNH:1
FNDA:5,(anonymous_1)
DA:1,5
DA:3,5
DA:4,5
LF:3
LH:3
BRF:0
BRH:0
end_of_record
TN:
SF:/Users/tricky_lake/dev/tricky-max/lib/rollun-ts-rql/src/nodes/binaryNodes/Eqn.ts
FN:3,(anonymous_1)
FNF:1
FNH:1
FNDA:6,(anonymous_1)
DA:1,5
DA:3,5
DA:4,6
LF:3
LH:3
BRF:0
BRH:0
end_of_record
TN:
SF:/Users/tricky_lake/dev/tricky-max/lib/rollun-ts-rql/src/nodes/binaryNodes/Eqt.ts
FN:3,(anonymous_1)
FNF:1
FNH:1
FNDA:5,(anonymous_1)
DA:1,5
DA:3,5
DA:4,5
LF:3
LH:3
BRF:0
BRH:0
end_of_record
TN:
SF:/Users/tricky_lake/dev/tricky-max/lib/rollun-ts-rql/src/nodes/binaryNodes/Ie.ts
FN:3,(anonymous_1)
FNF:1
FNH:1
FNDA:5,(anonymous_1)
DA:1,5
DA:3,5
DA:4,5
LF:3
LH:3
BRF:0
BRH:0
end_of_record
TN:
SF:/Users/tricky_lake/dev/tricky-max/lib/rollun-ts-rql/src/nodes/logicalNodes/AbstractLogicalNode.ts
FN:6,(anonymous_1)
FN:11,(anonymous_2)
FN:15,(anonymous_3)
FN:19,(anonymous_4)
FN:23,(anonymous_5)
FN:29,(anonymous_6)
FNF:6
FNH:5
FNDA:80,(anonymous_1)
FNDA:16,(anonymous_2)
FNDA:0,(anonymous_3)
FNDA:88,(anonymous_4)
FNDA:89,(anonymous_5)
FNDA:1,(anonymous_6)
DA:1,5
DA:3,5
DA:7,80
DA:8,80
DA:12,16
DA:16,0
DA:20,88
DA:24,89
DA:25,89
DA:26,89
DA:30,1
DA:31,1
LF:12
LH:11
BRDA:8,0,0,80
BRDA:8,0,1,1
BRDA:24,1,0,0
BRDA:24,1,1,89
BRF:4
BRH:3
end_of_record
TN:
SF:/Users/tricky_lake/dev/tricky-max/lib/rollun-ts-rql/src/nodes/logicalNodes/And.ts
FN:3,(anonymous_1)
FNF:1
FNH:1
FNDA:46,(anonymous_1)
DA:1,5
DA:3,5
DA:4,46
LF:3
LH:3
BRF:0
BRH:0
end_of_record
TN:
SF:/Users/tricky_lake/dev/tricky-max/lib/rollun-ts-rql/src/nodes/logicalNodes/Not.ts
FN:3,(anonymous_1)
FNF:1
FNH:1
FNDA:5,(anonymous_1)
DA:1,5
DA:3,5
DA:4,5
LF:3
LH:3
BRF:0
BRH:0
end_of_record
TN:
SF:/Users/tricky_lake/dev/tricky-max/lib/rollun-ts-rql/src/nodes/logicalNodes/Or.ts
FN:3,(anonymous_1)
FNF:1
FNH:1
FNDA:29,(anonymous_1)
DA:1,5
DA:3,5
DA:4,29
LF:3
LH:3
BRF:0
BRH:0
end_of_record
TN:
SF:/Users/tricky_lake/dev/tricky-max/lib/rollun-ts-rql/src/nodes/scalarNodes/AbstractScalarNode.ts
FN:7,(anonymous_1)
FN:13,(anonymous_2)
FN:17,(anonymous_3)
FN:21,(anonymous_4)
FN:25,(anonymous_5)
FNF:5
FNH:3
FNDA:2233,(anonymous_1)
FNDA:101039,(anonymous_2)
FNDA:0,(anonymous_3)
FNDA:202078,(anonymous_4)
FNDA:0,(anonymous_5)
DA:1,5
DA:3,5
DA:8,2233
DA:9,2233
DA:10,2233
DA:14,101039
DA:18,0
DA:22,202078
DA:26,0
LF:9
LH:7
BRDA:22,0,0,2
BRDA:22,0,1,202076
BRF:2
BRH:2
end_of_record
TN:
SF:/Users/tricky_lake/dev/tricky-max/lib/rollun-ts-rql/src/nodes/scalarNodes/Alike.ts
FN:3,(anonymous_1)
FNF:1
FNH:1
FNDA:11,(anonymous_1)
DA:1,5
DA:3,5
DA:4,11
LF:3
LH:3
BRF:0
BRH:0
end_of_record
TN:
SF:/Users/tricky_lake/dev/tricky-max/lib/rollun-ts-rql/src/nodes/scalarNodes/AlikeGlob.ts
FN:5,(anonymous_1)
FNF:1
FNH:1
FNDA:10,(anonymous_1)
DA:1,5
DA:2,5
DA:4,5
DA:6,10
DA:7,10
LF:5
LH:5
BRDA:6,0,0,8
BRDA:6,0,1,2
BRF:2
BRH:2
end_of_record
TN:
SF:/Users/tricky_lake/dev/tricky-max/lib/rollun-ts-rql/src/nodes/scalarNodes/Contains.ts
FN:3,(anonymous_1)
FNF:1
FNH:0
FNDA:0,(anonymous_1)
DA:1,5
DA:3,5
DA:4,0
LF:3
LH:2
BRF:0
BRH:0
end_of_record
TN:
SF:/Users/tricky_lake/dev/tricky-max/lib/rollun-ts-rql/src/nodes/scalarNodes/Eq.ts
FN:3,(anonymous_1)
FNF:1
FNH:1
FNDA:2096,(anonymous_1)
DA:1,5
DA:3,5
DA:4,2096
LF:3
LH:3
BRF:0
BRH:0
end_of_record
TN:
SF:/Users/tricky_lake/dev/tricky-max/lib/rollun-ts-rql/src/nodes/scalarNodes/Ge.ts
FN:3,(anonymous_1)
FNF:1
FNH:1
FNDA:13,(anonymous_1)
DA:1,5
DA:3,5
DA:4,13
LF:3
LH:3
BRF:0
BRH:0
end_of_record
TN:
SF:/Users/tricky_lake/dev/tricky-max/lib/rollun-ts-rql/src/nodes/scalarNodes/Gt.ts
FN:3,(anonymous_1)
FNF:1
FNH:1
FNDA:15,(anonymous_1)
DA:1,5
DA:3,5
DA:4,15
LF:3
LH:3
BRF:0
BRH:0
end_of_record
TN:
SF:/Users/tricky_lake/dev/tricky-max/lib/rollun-ts-rql/src/nodes/scalarNodes/Le.ts
FN:3,(anonymous_1)
FNF:1
FNH:1
FNDA:13,(anonymous_1)
DA:1,5
DA:3,5
DA:4,13
LF:3
LH:3
BRF:0
BRH:0
end_of_record
TN:
SF:/Users/tricky_lake/dev/tricky-max/lib/rollun-ts-rql/src/nodes/scalarNodes/Like.ts
FN:3,(anonymous_1)
FNF:1
FNH:1
FNDA:37,(anonymous_1)
DA:1,5
DA:3,5
DA:4,37
LF:3
LH:3
BRF:0
BRH:0
end_of_record
TN:
SF:/Users/tricky_lake/dev/tricky-max/lib/rollun-ts-rql/src/nodes/scalarNodes/LikeGlob.ts
FN:5,(anonymous_1)
FNF:1
FNH:0
FNDA:0,(anonymous_1)
DA:1,5
DA:2,5
DA:4,5
DA:6,0
DA:7,0
LF:5
LH:3
BRDA:6,0,0,0
BRDA:6,0,1,0
BRF:2
BRH:0
end_of_record
TN:
SF:/Users/tricky_lake/dev/tricky-max/lib/rollun-ts-rql/src/nodes/scalarNodes/Lt.ts
FN:3,(anonymous_1)
FNF:1
FNH:1
FNDA:17,(anonymous_1)
DA:1,5
DA:3,5
DA:4,17
LF:3
LH:3
BRF:0
BRH:0
end_of_record
TN:
SF:/Users/tricky_lake/dev/tricky-max/lib/rollun-ts-rql/src/nodes/scalarNodes/Ne.ts
FN:3,(anonymous_1)
FNF:1
FNH:1
FNDA:31,(anonymous_1)
DA:1,5
DA:3,5
DA:4,31
LF:3
LH:3
BRF:0
BRH:0
end_of_record
TN:
SF:/Users/tricky_lake/dev/tricky-max/lib/rollun-ts-rql/src/parser/Glob.ts
FN:6,(anonymous_1)
FN:10,(anonymous_2)
FN:17,(anonymous_3)
FN:21,(anonymous_4)
FN:22,(anonymous_5)
FN:34,(anonymous_6)
FN:35,(anonymous_7)
FN:45,(anonymous_8)
FN:49,(anonymous_9)
FN:56,(anonymous_10)
FN:60,(anonymous_11)
FNF:11
FNH:2
FNDA:24,(anonymous_1)
FNDA:26,(anonymous_2)
FNDA:0,(anonymous_3)
FNDA:0,(anonymous_4)
FNDA:0,(anonymous_5)
FNDA:0,(anonymous_6)
FNDA:0,(anonymous_7)
FNDA:0,(anonymous_8)
FNDA:0,(anonymous_9)
FNDA:0,(anonymous_10)
FNDA:0,(anonymous_11)
DA:1,6
DA:3,6
DA:7,24
DA:14,26
DA:18,0
DA:22,0
DA:23,0
DA:24,0
DA:27,0
DA:28,0
DA:30,0
DA:35,0
DA:36,0
DA:46,0
DA:50,0
DA:53,0
DA:57,0
DA:61,0
LF:18
LH:4
BRDA:23,0,0,0
BRDA:23,0,1,0
BRDA:27,1,0,0
BRDA:27,1,1,0
BRF:4
BRH:0
end_of_record
TN:
SF:/Users/tricky_lake/dev/tricky-max/lib/rollun-ts-rql/src/parser/Lexer.ts
FN:20,(anonymous_2)
FN:26,(anonymous_3)
FN:31,(anonymous_4)
FN:35,(anonymous_5)
FN:49,(anonymous_6)
FNF:5
FNH:3
FNDA:1048,(anonymous_2)
FNDA:0,(anonymous_3)
FNDA:0,(anonymous_4)
FNDA:1048,(anonymous_5)
FNDA:1048,(anonymous_6)
DA:2,6
DA:3,6
DA:4,6
DA:5,6
DA:6,6
DA:7,6
DA:8,6
DA:9,6
DA:10,6
DA:11,6
DA:12,6
DA:13,6
DA:14,6
DA:16,6
DA:21,1048
DA:27,0
DA:28,0
DA:32,0
DA:36,1048
DA:50,1048
DA:51,1048
DA:52,1048
DA:53,1048
DA:54,33524
DA:55,33524
DA:56,0
DA:60,33524
DA:61,33524
DA:63,1048
DA:64,1048
LF:30
LH:26
BRDA:22,0,0,0
BRDA:22,0,1,1048
BRDA:55,1,0,0
BRDA:55,1,1,33524
BRF:4
BRH:2
end_of_record
TN:
SF:/Users/tricky_lake/dev/tricky-max/lib/rollun-ts-rql/src/parser/NodeParserChain.ts
FN:5,(anonymous_0)
FN:8,(anonymous_1)
FN:13,(anonymous_2)
FN:24,(anonymous_3)
FNF:4
FNH:4
FNDA:2062,(anonymous_0)
FNDA:44069,(anonymous_1)
FNDA:5228,(anonymous_2)
FNDA:4093,(anonymous_3)
DA:5,5
DA:6,2062
DA:9,44069
DA:10,44069
DA:14,5228
DA:15,18488
DA:16,5228
DA:19,0
DA:25,4093
DA:26,122194
DA:27,1083
DA:30,3010
LF:12
LH:11
BRDA:15,0,0,5228
BRDA:15,0,1,13260
BRDA:26,1,0,1083
BRDA:26,1,1,121111
BRF:4
BRH:4
end_of_record
TN:
SF:/Users/tricky_lake/dev/tricky-max/lib/rollun-ts-rql/src/parser/Parser.ts
FN:52,(anonymous_1)
FN:56,(anonymous_2)
FN:61,(anonymous_3)
FN:65,(anonymous_4)
FN:111,(anonymous_5)
FN:120,(anonymous_6)
FNF:6
FNH:4
FNDA:1031,(anonymous_1)
FNDA:0,(anonymous_2)
FNDA:0,(anonymous_3)
FNDA:22,(anonymous_4)
FNDA:1031,(anonymous_5)
FNDA:1031,(anonymous_6)
DA:2,5
DA:3,5
DA:4,5
DA:5,5
DA:6,5
DA:7,5
DA:8,5
DA:9,5
DA:10,5
DA:11,5
DA:12,5
DA:13,5
DA:14,5
DA:15,5
DA:16,5
DA:17,5
DA:18,5
DA:20,5
DA:21,5
DA:22,5
DA:23,5
DA:24,5
DA:25,5
DA:26,5
DA:27,5
DA:28,5
DA:29,5
DA:30,5
DA:31,5
DA:32,5
DA:33,5
DA:34,5
DA:35,5
DA:36,5
DA:37,5
DA:38,5
DA:40,5
DA:41,5
DA:42,5
DA:43,5
DA:44,5
DA:45,5
DA:46,5
DA:48,5
DA:53,1031
DA:57,0
DA:58,0
DA:62,0
DA:66,22
DA:71,22
DA:72,22
DA:73,22
DA:74,22
DA:75,22
DA:76,22
DA:103,22
DA:112,1031
DA:113,1031
DA:114,4093
DA:115,4093
DA:117,1031
DA:121,1031
LF:62
LH:59
BRDA:52,0,0,22
BRDA:53,1,0,1009
BRDA:53,1,1,22
BRF:3
BRH:3
end_of_record
TN:
SF:/Users/tricky_lake/dev/tricky-max/lib/rollun-ts-rql/src/parser/Token.ts
FN:1,(anonymous_0)
FN:30,(anonymous_1)
FN:37,(anonymous_2)
FN:53,(anonymous_3)
FN:57,(anonymous_4)
FNF:5
FNH:4
FNDA:6,(anonymous_0)
FNDA:34572,(anonymous_1)
FNDA:182539,(anonymous_2)
FNDA:39114,(anonymous_3)
FNDA:0,(anonymous_4)
DA:1,6
DA:2,6
DA:3,6
DA:4,6
DA:5,6
DA:6,6
DA:7,6
DA:8,6
DA:9,6
DA:10,6
DA:11,6
DA:12,6
DA:13,6
DA:14,6
DA:15,6
DA:16,6
DA:17,6
DA:18,6
DA:19,6
DA:20,6
DA:21,6
DA:24,6
DA:31,34572
DA:32,34572
DA:33,34572
DA:34,34572
DA:38,182539
DA:41,182539
DA:44,182539
DA:45,58668
DA:47,123871
DA:48,95819
DA:50,28052
DA:54,39114
DA:58,0
LF:35
LH:34
BRDA:1,0,0,6
BRDA:1,0,1,6
BRDA:39,1,0,1016
BRDA:39,1,1,181523
BRDA:42,2,0,4004
BRDA:42,2,1,178535
BRDA:44,3,0,58668
BRDA:44,3,1,123871
BRDA:47,4,0,95819
BRDA:47,4,1,28052
BRF:10
BRH:10
end_of_record
TN:
SF:/Users/tricky_lake/dev/tricky-max/lib/rollun-ts-rql/src/parser/TokenStream.ts
FN:7,(anonymous_0)
FN:12,(anonymous_1)
FN:16,(anonymous_2)
FN:20,(anonymous_3)
FN:29,(anonymous_4)
FN:37,(anonymous_5)
FN:41,(anonymous_6)
FN:49,(anonymous_7)
FN:59,(anonymous_8)
FN:68,(anonymous_9)
FN:72,(anonymous_10)
FNF:11
FNH:8
FNDA:1048,(anonymous_0)
FNDA:0,(anonymous_1)
FNDA:39312,(anonymous_2)
FNDA:33705,(anonymous_3)
FNDA:15359,(anonymous_4)
FNDA:175851,(anonymous_5)
FNDA:0,(anonymous_6)
FNDA:63002,(anonymous_7)
FNDA:0,(anonymous_8)
FNDA:63508,(anonymous_9)
FNDA:5124,(anonymous_10)
DA:1,6
DA:3,6
DA:8,1048
DA:9,1048
DA:13,0
DA:17,39312
DA:21,33705
DA:22,33705
DA:23,33705
DA:25,0
DA:30,15359
DA:31,8184
DA:33,7175
DA:38,175851
DA:42,0
DA:43,0
DA:45,0
DA:50,63002
DA:53,63002
DA:56,63002
DA:57,63002
DA:58,39114
DA:59,0
DA:61,39114
DA:64,23888
DA:65,23888
DA:69,63508
DA:73,5124
LF:28
LH:22
BRDA:22,0,0,33705
BRDA:22,0,1,0
BRDA:30,1,0,8184
BRDA:30,1,1,7175
BRDA:41,2,0,0
BRDA:42,3,0,0
BRDA:42,3,1,0
BRDA:51,4,0,1016
BRDA:51,4,1,61986
BRDA:54,5,0,0
BRDA:54,5,1,63002
BRDA:57,6,0,39114
BRDA:57,6,1,23888
BRDA:59,7,0,0
BRDA:59,7,1,39114
BRF:15
BRH:9
end_of_record
TN:
SF:/Users/tricky_lake/dev/tricky-max/lib/rollun-ts-rql/src/parser/nodeParsers/GroupbyNodeParser.ts
FN:7,(anonymous_1)
FN:21,(anonymous_2)
FNF:2
FNH:2
FNDA:1,(anonymous_1)
FNDA:1,(anonymous_2)
DA:3,5
DA:4,5
DA:6,5
DA:8,1
DA:9,1
DA:10,1
DA:11,1
DA:12,2
DA:13,2
DA:14,1
DA:17,1
DA:18,1
DA:22,1
LF:13
LH:13
BRDA:13,0,0,1
BRDA:13,0,1,1
BRF:2
BRH:2
end_of_record
TN:
SF:/Users/tricky_lake/dev/tricky-max/lib/rollun-ts-rql/src/parser/nodeParsers/LimitNodeParser.ts
FN:10,(anonymous_1)
FN:14,(anonymous_2)
FN:27,(anonymous_3)
FNF:3
FNH:3
FNDA:1031,(anonymous_1)
FNDA:1005,(anonymous_2)
FNDA:1006,(anonymous_3)
DA:3,5
DA:4,5
DA:6,5
DA:11,1031
DA:15,1005
DA:16,1005
DA:17,1005
DA:18,1005
DA:19,1005
DA:20,1005
DA:21,1005
DA:23,1005
DA:24,1005
DA:28,1006
LF:14
LH:14
BRDA:20,0,0,1005
BRDA:20,0,1,0
BRF:2
BRH:1
end_of_record
TN:
SF:/Users/tricky_lake/dev/tricky-max/lib/rollun-ts-rql/src/parser/nodeParsers/QueryNodeParser.ts
FNF:0
FNH:0
DA:1,5
DA:3,5
LF:2
LH:2
BRF:0
BRH:0
end_of_record
TN:
SF:/Users/tricky_lake/dev/tricky-max/lib/rollun-ts-rql/src/parser/nodeParsers/SelectNodeParser.ts
FN:10,(anonymous_1)
FN:14,(anonymous_2)
FN:28,(anonymous_3)
FNF:3
FNH:3
FNDA:22,(anonymous_1)
FNDA:1,(anonymous_2)
FNDA:4,(anonymous_3)
DA:3,5
DA:4,5
DA:6,5
DA:11,22
DA:15,1
DA:16,1
DA:17,1
DA:18,1
DA:19,3
DA:20,3
DA:21,1
DA:24,1
DA:25,1
DA:29,4
LF:14
LH:14
BRDA:20,0,0,1
BRDA:20,0,1,2
BRF:2
BRH:2
end_of_record
TN:
SF:/Users/tricky_lake/dev/tricky-max/lib/rollun-ts-rql/src/parser/nodeParsers/SortNodeParser.ts
FN:10,(anonymous_1)
FN:14,(anonymous_2)
FN:31,(anonymous_3)
FNF:3
FNH:3
FNDA:1031,(anonymous_1)
FNDA:1002,(anonymous_2)
FNDA:2008,(anonymous_3)
DA:1,5
DA:4,5
DA:6,5
DA:11,1031
DA:15,1002
DA:16,1002
DA:17,1002
DA:18,1002
DA:19,1005
DA:20,1005
DA:23,1005
DA:24,1002
DA:27,1002
DA:28,1002
DA:32,2008
LF:15
LH:15
BRDA:21,0,0,3
BRDA:21,0,1,1002
BRDA:23,1,0,1002
BRDA:23,1,1,3
BRF:4
BRH:4
end_of_record
TN:
SF:/Users/tricky_lake/dev/tricky-max/lib/rollun-ts-rql/src/parser/nodeParsers/query/AggregateSelectNodeParser.ts
FN:10,(anonymous_1)
FN:14,(anonymous_2)
FN:38,(anonymous_3)
FNF:3
FNH:3
FNDA:1009,(anonymous_1)
FNDA:1001,(anonymous_2)
FNDA:3006,(anonymous_3)
DA:2,5
DA:4,5
DA:5,5
DA:7,5
DA:11,1009
DA:15,1001
DA:16,1001
DA:17,1001
DA:18,1001
DA:19,4004
DA:20,4004
DA:21,3
DA:22,3
DA:26,3
DA:28,4001
DA:30,4004
DA:31,1001
DA:34,1001
DA:35,1001
DA:39,3006
LF:20
LH:20
BRDA:20,0,0,3
BRDA:20,0,1,4001
BRDA:30,1,0,1001
BRDA:30,1,1,3003
BRF:4
BRH:4
end_of_record
TN:
SF:/Users/tricky_lake/dev/tricky-max/lib/rollun-ts-rql/src/parser/nodeParsers/query/GroupNodeParser.ts
FN:11,(anonymous_1)
FN:15,(anonymous_2)
FN:52,(anonymous_3)
FNF:3
FNH:3
FNDA:1031,(anonymous_1)
FNDA:6,(anonymous_2)
FNDA:5228,(anonymous_3)
DA:2,5
DA:4,5
DA:5,5
DA:7,5
DA:12,1031
DA:16,6
DA:17,6
DA:18,6
DA:19,6
DA:20,14
DA:21,14
DA:22,2
DA:23,2
DA:25,2
DA:26,0
DA:29,12
DA:30,6
DA:31,3
DA:33,6
DA:34,0
DA:37,6
DA:41,6
DA:42,6
DA:43,3
DA:45,3
DA:46,2
DA:48,1
DA:53,5228
LF:28
LH:26
BRDA:21,0,0,2
BRDA:21,0,1,12
BRDA:22,1,0,2
BRDA:22,1,1,0
BRDA:25,2,0,0
BRDA:25,2,1,2
BRDA:29,3,0,6
BRDA:29,3,1,6
BRDA:30,4,0,3
BRDA:30,4,1,3
BRDA:33,5,0,0
BRDA:33,5,1,6
BRDA:42,6,0,3
BRDA:42,6,1,3
BRDA:45,7,0,2
BRDA:45,7,1,1
BRF:16
BRH:13
end_of_record
TN:
SF:/Users/tricky_lake/dev/tricky-max/lib/rollun-ts-rql/src/parser/nodeParsers/query/binaryOperator/fiql/AbstractFiqlBinaryNodeParser.ts
FN:9,(anonymous_0)
FNF:1
FNH:0
FNDA:0,(anonymous_0)
DA:1,5
DA:5,5
DA:10,0
DA:11,0
DA:12,0
DA:13,0
DA:14,0
LF:7
LH:2
BRF:0
BRH:0
end_of_record
TN:
SF:/Users/tricky_lake/dev/tricky-max/lib/rollun-ts-rql/src/parser/nodeParsers/query/binaryOperator/fiql/FiqlEqfNodeParser.ts
FN:8,(anonymous_1)
FN:12,(anonymous_2)
FN:16,(anonymous_3)
FNF:3
FNH:1
FNDA:0,(anonymous_1)
FNDA:0,(anonymous_2)
FNDA:3006,(anonymous_3)
DA:1,5
DA:2,5
DA:4,5
DA:6,5
DA:9,0
DA:13,0
DA:17,3006
LF:7
LH:5
BRF:0
BRH:0
end_of_record
TN:
SF:/Users/tricky_lake/dev/tricky-max/lib/rollun-ts-rql/src/parser/nodeParsers/query/binaryOperator/fiql/FiqlEqnNodeParser.ts
FN:7,(anonymous_1)
FN:11,(anonymous_2)
FN:15,(anonymous_3)
FNF:3
FNH:1
FNDA:0,(anonymous_1)
FNDA:0,(anonymous_2)
FNDA:3006,(anonymous_3)
DA:1,5
DA:2,5
DA:4,5
DA:6,5
DA:8,0
DA:12,0
DA:16,3006
LF:7
LH:5
BRF:0
BRH:0
end_of_record
TN:
SF:/Users/tricky_lake/dev/tricky-max/lib/rollun-ts-rql/src/parser/nodeParsers/query/binaryOperator/fiql/FiqlEqtNodeParser.ts
FN:7,(anonymous_1)
FN:11,(anonymous_2)
FN:15,(anonymous_3)
FNF:3
FNH:1
FNDA:0,(anonymous_1)
FNDA:0,(anonymous_2)
FNDA:3006,(anonymous_3)
DA:1,5
DA:2,5
DA:4,5
DA:6,5
DA:8,0
DA:12,0
DA:16,3006
LF:7
LH:5
BRF:0
BRH:0
end_of_record
TN:
SF:/Users/tricky_lake/dev/tricky-max/lib/rollun-ts-rql/src/parser/nodeParsers/query/binaryOperator/fiql/FiqlIeNodeParser.ts
FN:7,(anonymous_1)
FN:11,(anonymous_2)
FN:15,(anonymous_3)
FNF:3
FNH:1
FNDA:0,(anonymous_1)
FNDA:0,(anonymous_2)
FNDA:3006,(anonymous_3)
DA:1,5
DA:2,5
DA:4,5
DA:6,5
DA:8,0
DA:12,0
DA:16,3006
LF:7
LH:5
BRF:0
BRH:0
end_of_record
TN:
SF:/Users/tricky_lake/dev/tricky-max/lib/rollun-ts-rql/src/parser/nodeParsers/query/binaryOperator/rql/AbstractBinaryNodeParser.ts
FN:9,(anonymous_0)
FNF:1
FNH:1
FNDA:8,(anonymous_0)
DA:1,5
DA:5,5
DA:10,8
DA:11,8
DA:12,8
DA:13,8
DA:14,8
LF:7
LH:7
BRF:0
BRH:0
end_of_record
TN:
SF:/Users/tricky_lake/dev/tricky-max/lib/rollun-ts-rql/src/parser/nodeParsers/query/binaryOperator/rql/EqfNodeParser.ts
FN:8,(anonymous_1)
FN:12,(anonymous_2)
FN:15,(anonymous_3)
FNF:3
FNH:3
FNDA:2,(anonymous_1)
FNDA:2,(anonymous_2)
FNDA:3063,(anonymous_3)
DA:1,5
DA:2,5
DA:4,5
DA:6,5
DA:9,2
DA:13,2
DA:16,3063
LF:7
LH:7
BRF:0
BRH:0
end_of_record
TN:
SF:/Users/tricky_lake/dev/tricky-max/lib/rollun-ts-rql/src/parser/nodeParsers/query/binaryOperator/rql/EqnNodeParser.ts
FN:7,(anonymous_1)
FN:11,(anonymous_2)
FN:14,(anonymous_3)
FNF:3
FNH:3
FNDA:2,(anonymous_1)
FNDA:2,(anonymous_2)
FNDA:3065,(anonymous_3)
DA:1,5
DA:2,5
DA:4,5
DA:6,5
DA:8,2
DA:12,2
DA:15,3065
LF:7
LH:7
BRF:0
BRH:0
end_of_record
TN:
SF:/Users/tricky_lake/dev/tricky-max/lib/rollun-ts-rql/src/parser/nodeParsers/query/binaryOperator/rql/EqtNodeParser .ts
FN:7,(anonymous_1)
FN:11,(anonymous_2)
FN:14,(anonymous_3)
FNF:3
FNH:3
FNDA:2,(anonymous_1)
FNDA:2,(anonymous_2)
FNDA:3064,(anonymous_3)
DA:1,5
DA:2,5
DA:4,5
DA:6,5
DA:8,2
DA:12,2
DA:15,3064
LF:7
LH:7
BRF:0
BRH:0
end_of_record
TN:
SF:/Users/tricky_lake/dev/tricky-max/lib/rollun-ts-rql/src/parser/nodeParsers/query/binaryOperator/rql/IeNodeParser.ts
FN:7,(anonymous_1)
FN:11,(anonymous_2)
FN:15,(anonymous_3)
FNF:3
FNH:3
FNDA:2,(anonymous_1)
FNDA:2,(anonymous_2)
FNDA:3060,(anonymous_3)
DA:1,5
DA:2,5
DA:4,5
DA:6,5
DA:8,2
DA:12,2
DA:16,3060
LF:7
LH:7
BRF:0
BRH:0
end_of_record
TN:
SF:/Users/tricky_lake/dev/tricky-max/lib/rollun-ts-rql/src/parser/nodeParsers/query/comparisonOperators/AbstractComparisonOperatorNodeParser.ts
FN:11,(anonymous_0)
FNF:1
FNH:1
FNDA:26630,(anonymous_0)
DA:5,5
DA:12,26630
DA:13,26630
LF:3
LH:3
BRF:0
BRH:0
end_of_record
TN:
SF:/Users/tricky_lake/dev/tricky-max/lib/rollun-ts-rql/src/parser/nodeParsers/query/comparisonOperators/fiql/AbstractComparisonFiqlNodeParser.ts
FN:8,(anonymous_2)
FN:15,(anonymous_3)
FNF:2
FNH:2
FNDA:19,(anonymous_2)
FNDA:39295,(anonymous_3)
DA:2,5
DA:3,5
DA:4,5
DA:6,5
DA:9,19
DA:10,19
DA:11,19
DA:12,19
DA:16,39295
DA:17,39295
DA:18,39295
DA:19,181
DA:21,39114
LF:13
LH:13
BRF:0
BRH:0
end_of_record
TN:
SF:/Users/tricky_lake/dev/tricky-max/lib/rollun-ts-rql/src/parser/nodeParsers/query/comparisonOperators/fiql/FiqlAlikeGlobNodeParser.ts
FN:5,(anonymous_1)
FN:9,(anonymous_2)
FNF:2
FNH:0
FNDA:0,(anonymous_1)
FNDA:0,(anonymous_2)
DA:1,5
DA:2,5
DA:4,5
DA:6,0
DA:10,0
LF:5
LH:3
BRF:0
BRH:0
end_of_record
TN:
SF:/Users/tricky_lake/dev/tricky-max/lib/rollun-ts-rql/src/parser/nodeParsers/query/comparisonOperators/fiql/FiqlContainsNodeParser.ts
FN:6,(anonymous_1)
FN:10,(anonymous_2)
FNF:2
FNH:0
FNDA:0,(anonymous_1)
FNDA:0,(anonymous_2)
DA:1,5
DA:2,5
DA:4,5
DA:7,0
DA:11,0
LF:5
LH:3
BRF:0
BRH:0
end_of_record
TN:
SF:/Users/tricky_lake/dev/tricky-max/lib/rollun-ts-rql/src/parser/nodeParsers/query/comparisonOperators/fiql/FiqlEqNodeParser.ts
FN:6,(anonymous_1)
FN:10,(anonymous_2)
FNF:2
FNH:2
FNDA:35,(anonymous_1)
FNDA:3,(anonymous_2)
DA:1,5
DA:2,5
DA:4,5
DA:7,35
DA:11,3
LF:5
LH:5
BRF:0
BRH:0
end_of_record
TN:
SF:/Users/tricky_lake/dev/tricky-max/lib/rollun-ts-rql/src/parser/nodeParsers/query/comparisonOperators/fiql/FiqlGeNodeParser.ts
FN:6,(anonymous_1)
FN:10,(anonymous_2)
FNF:2
FNH:2
FNDA:8,(anonymous_1)
FNDA:2,(anonymous_2)
DA:1,5
DA:2,5
DA:4,5
DA:7,8
DA:11,2
LF:5
LH:5
BRF:0
BRH:0
end_of_record
TN:
SF:/Users/tricky_lake/dev/tricky-max/lib/rollun-ts-rql/src/parser/nodeParsers/query/comparisonOperators/fiql/FiqlGtNodeParser.ts
FN:6,(anonymous_1)
FN:10,(anonymous_2)
FNF:2
FNH:2
FNDA:17,(anonymous_1)
FNDA:2,(anonymous_2)
DA:1,5
DA:2,5
DA:4,5
DA:7,17
DA:11,2
LF:5
LH:5
BRF:0
BRH:0
end_of_record
TN:
SF:/Users/tricky_lake/dev/tricky-max/lib/rollun-ts-rql/src/parser/nodeParsers/query/comparisonOperators/fiql/FiqlInNodeParser.ts
FN:6,(anonymous_1)
FN:10,(anonymous_2)
FNF:2
FNH:2
FNDA:37,(anonymous_1)
FNDA:1,(anonymous_2)
DA:1,5
DA:2,5
DA:4,5
DA:7,37
DA:11,1
LF:5
LH:5
BRF:0
BRH:0
end_of_record
TN:
SF:/Users/tricky_lake/dev/tricky-max/lib/rollun-ts-rql/src/parser/nodeParsers/query/comparisonOperators/fiql/FiqlLeNodeParser.ts
FN:6,(anonymous_1)
FN:10,(anonymous_2)
FNF:2
FNH:2
FNDA:14,(anonymous_1)
FNDA:3,(anonymous_2)
DA:1,5
DA:2,5
DA:4,5
DA:7,14
DA:11,3
LF:5
LH:5
BRF:0
BRH:0
end_of_record
TN:
SF:/Users/tricky_lake/dev/tricky-max/lib/rollun-ts-rql/src/parser/nodeParsers/query/comparisonOperators/fiql/FiqlLikeGlobNodeParser.ts
FN:5,(anonymous_1)
FN:9,(anonymous_2)
FNF:2
FNH:0
FNDA:0,(anonymous_1)
FNDA:0,(anonymous_2)
DA:1,5
DA:2,5
DA:4,5
DA:6,0
DA:10,0
LF:5
LH:3
BRF:0
BRH:0
end_of_record
TN:
SF:/Users/tricky_lake/dev/tricky-max/lib/rollun-ts-rql/src/parser/nodeParsers/query/comparisonOperators/fiql/FiqlLikeNodeParser.ts
FN:6,(anonymous_1)
FN:10,(anonymous_2)
FNF:2
FNH:2
FNDA:3,(anonymous_1)
FNDA:1,(anonymous_2)
DA:1,5
DA:2,5
DA:4,5
DA:7,3
DA:11,1
LF:5
LH:5
BRF:0
BRH:0
end_of_record
TN:
SF:/Users/tricky_lake/dev/tricky-max/lib/rollun-ts-rql/src/parser/nodeParsers/query/comparisonOperators/fiql/FiqlLtNodeParser.ts
FN:6,(anonymous_1)
FN:10,(anonymous_2)
FNF:2
FNH:2
FNDA:21,(anonymous_1)
FNDA:2,(anonymous_2)
DA:1,5
DA:2,5
DA:4,5
DA:7,21
DA:11,2
LF:5
LH:5
BRF:0
BRH:0
end_of_record
TN:
SF:/Users/tricky_lake/dev/tricky-max/lib/rollun-ts-rql/src/parser/nodeParsers/query/comparisonOperators/fiql/FiqlMatchNodeParser.ts
FN:5,(anonymous_1)
FN:9,(anonymous_2)
FNF:2
FNH:0
FNDA:0,(anonymous_1)
FNDA:0,(anonymous_2)
DA:1,5
DA:2,5
DA:4,5
DA:6,0
DA:10,0
LF:5
LH:3
BRF:0
BRH:0
end_of_record
TN:
SF:/Users/tricky_lake/dev/tricky-max/lib/rollun-ts-rql/src/parser/nodeParsers/query/comparisonOperators/fiql/FiqlNeNodeParser.ts
FN:6,(anonymous_1)
FN:10,(anonymous_2)
FNF:2
FNH:2
FNDA:30,(anonymous_1)
FNDA:4,(anonymous_2)
DA:1,5
DA:2,5
DA:4,5
DA:7,30
DA:11,4
LF:5
LH:5
BRF:0
BRH:0
end_of_record
TN:
SF:/Users/tricky_lake/dev/tricky-max/lib/rollun-ts-rql/src/parser/nodeParsers/query/comparisonOperators/fiql/FiqlOutNodeParser.ts
FN:6,(anonymous_1)
FN:10,(anonymous_2)
FNF:2
FNH:2
FNDA:35,(anonymous_1)
FNDA:1,(anonymous_2)
DA:1,5
DA:2,5
DA:4,5
DA:7,35
DA:11,1
LF:5
LH:5
BRF:0
BRH:0
end_of_record
TN:
SF:/Users/tricky_lake/dev/tricky-max/lib/rollun-ts-rql/src/parser/nodeParsers/query/comparisonOperators/rql/AbstractComparisonRqlNodeParser.ts
FN:7,(anonymous_1)
FN:17,(anonymous_2)
FNF:2
FNH:2
FNDA:1087,(anonymous_1)
FNDA:46142,(anonymous_2)
DA:1,5
DA:3,5
DA:5,5
DA:8,1087
DA:9,1087
DA:10,1087
DA:11,1087
DA:12,1087
DA:13,1087
DA:14,1087
DA:18,46142
LF:11
LH:11
BRF:0
BRH:0
end_of_record
TN:
SF:/Users/tricky_lake/dev/tricky-max/lib/rollun-ts-rql/src/parser/nodeParsers/query/comparisonOperators/rql/AlikeGlobNodeParser.ts
FN:5,(anonymous_1)
FN:9,(anonymous_2)
FNF:2
FNH:2
FNDA:3029,(anonymous_1)
FNDA:8,(anonymous_2)
DA:1,5
DA:2,5
DA:4,5
DA:6,3029
DA:10,8
LF:5
LH:5
BRF:0
BRH:0
end_of_record
TN:
SF:/Users/tricky_lake/dev/tricky-max/lib/rollun-ts-rql/src/parser/nodeParsers/query/comparisonOperators/rql/ContainsNodeParser.ts
FN:6,(anonymous_1)
FN:10,(anonymous_2)
FNF:2
FNH:1
FNDA:3010,(anonymous_1)
FNDA:0,(anonymous_2)
DA:1,5
DA:2,5
DA:4,5
DA:7,3010
DA:11,0
LF:5
LH:4
BRF:0
BRH:0
end_of_record
TN:
SF:/Users/tricky_lake/dev/tricky-max/lib/rollun-ts-rql/src/parser/nodeParsers/query/comparisonOperators/rql/EqNodeParser.ts
FN:6,(anonymous_1)
FN:10,(anonymous_2)
FNF:2
FNH:2
FNDA:6211,(anonymous_1)
FNDA:1036,(anonymous_2)
DA:1,5
DA:2,5
DA:4,5
DA:7,6211
DA:11,1036
LF:5
LH:5
BRF:0
BRH:0
end_of_record
TN:
SF:/Users/tricky_lake/dev/tricky-max/lib/rollun-ts-rql/src/parser/nodeParsers/query/comparisonOperators/rql/GeNodeParser.ts
FN:6,(anonymous_1)
FN:10,(anonymous_2)
FNF:2
FNH:2
FNDA:3084,(anonymous_1)
FNDA:3,(anonymous_2)
DA:1,5
DA:2,5
DA:4,5
DA:7,3084
DA:11,3
LF:5
LH:5
BRF:0
BRH:0
end_of_record
TN:
SF:/Users/tricky_lake/dev/tricky-max/lib/rollun-ts-rql/src/parser/nodeParsers/query/comparisonOperators/rql/GtNodeParser.ts
FN:6,(anonymous_1)
FN:10,(anonymous_2)
FNF:2
FNH:2
FNDA:3095,(anonymous_1)
FNDA:5,(anonymous_2)
DA:1,5
DA:2,5
DA:4,5
DA:7,3095
DA:11,5
LF:5
LH:5
BRF:0
BRH:0
end_of_record
TN:
SF:/Users/tricky_lake/dev/tricky-max/lib/rollun-ts-rql/src/parser/nodeParsers/query/comparisonOperators/rql/InNodeParser.ts
FN:6,(anonymous_1)
FN:10,(anonymous_2)
FNF:2
FNH:2
FNDA:5203,(anonymous_1)
FNDA:9,(anonymous_2)
DA:1,5
DA:2,5
DA:4,5
DA:7,5203
DA:11,9
LF:5
LH:5
BRF:0
BRH:0
end_of_record
TN:
SF:/Users/tricky_lake/dev/tricky-max/lib/rollun-ts-rql/src/parser/nodeParsers/query/comparisonOperators/rql/LeNodeParser.ts
FN:6,(anonymous_1)
FN:10,(anonymous_2)
FNF:2
FNH:2
FNDA:3086,(anonymous_1)
FNDA:2,(anonymous_2)
DA:1,5
DA:2,5
DA:4,5
DA:7,3086
DA:11,2
LF:5
LH:5
BRF:0
BRH:0
end_of_record
TN:
SF:/Users/tricky_lake/dev/tricky-max/lib/rollun-ts-rql/src/parser/nodeParsers/query/comparisonOperators/rql/LikeGlobNodeParser.ts
FN:5,(anonymous_1)
FN:9,(anonymous_2)
FNF:2
FNH:1
FNDA:3021,(anonymous_1)
FNDA:0,(anonymous_2)
DA:1,5
DA:2,5
DA:4,5
DA:6,3021
DA:10,0
LF:5
LH:4
BRF:0
BRH:0
end_of_record
TN:
SF:/Users/tricky_lake/dev/tricky-max/lib/rollun-ts-rql/src/parser/nodeParsers/query/comparisonOperators/rql/LikeNodeParser.ts
FN:6,(anonymous_1)
FN:10,(anonymous_2)
FNF:2
FNH:2
FNDA:3079,(anonymous_1)
FNDA:6,(anonymous_2)
DA:1,5
DA:2,5
DA:4,5
DA:7,3079
DA:11,6
LF:5
LH:5
BRF:0
BRH:0
end_of_record
TN:
SF:/Users/tricky_lake/dev/tricky-max/lib/rollun-ts-rql/src/parser/nodeParsers/query/comparisonOperators/rql/LtNodeParser.ts
FN:6,(anonymous_1)
FN:10,(anonymous_2)
FNF:2
FNH:2
FNDA:3104,(anonymous_1)
FNDA:6,(anonymous_2)
DA:1,5
DA:2,5
DA:4,5
DA:7,3104
DA:11,6
LF:5
LH:5
BRF:0
BRH:0
end_of_record
TN:
SF:/Users/tricky_lake/dev/tricky-max/lib/rollun-ts-rql/src/parser/nodeParsers/query/comparisonOperators/rql/MatchNodeParser.ts
FN:5,(anonymous_1)
FN:9,(anonymous_2)
FNF:2
FNH:1
FNDA:3006,(anonymous_1)
FNDA:0,(anonymous_2)
DA:1,5
DA:2,5
DA:4,5
DA:6,3006
DA:10,0
LF:5
LH:4
BRF:0
BRH:0
end_of_record
TN:
SF:/Users/tricky_lake/dev/tricky-max/lib/rollun-ts-rql/src/parser/nodeParsers/query/comparisonOperators/rql/NeNodeParser.ts
FN:6,(anonymous_1)
FN:10,(anonymous_2)
FNF:2
FNH:2
FNDA:3120,(anonymous_1)
FNDA:10,(anonymous_2)
DA:1,5
DA:2,5
DA:4,5
DA:7,3120
DA:11,10
LF:5
LH:5
BRF:0
BRH:0
end_of_record
TN:
SF:/Users/tricky_lake/dev/tricky-max/lib/rollun-ts-rql/src/parser/nodeParsers/query/comparisonOperators/rql/OutNodeParser.ts
FN:6,(anonymous_1)
FN:10,(anonymous_2)
FNF:2
FNH:2
FNDA:5181,(anonymous_1)
FNDA:2,(anonymous_2)
DA:1,5
DA:2,5
DA:4,5
DA:7,5181
DA:11,2
LF:5
LH:5
BRF:0
BRH:0
end_of_record
TN:
SF:/Users/tricky_lake/dev/tricky-max/lib/rollun-ts-rql/src/parser/nodeParsers/query/logicalOperators/AbstractLogicalOperatorNodeParser.ts
FN:9,(anonymous_0)
FN:17,(anonymous_1)
FN:28,(anonymous_2)
FNF:3
FNH:3
FNDA:3093,(anonymous_0)
FNDA:15,(anonymous_1)
FNDA:15623,(anonymous_2)
DA:1,5
DA:5,5
DA:10,3093
DA:18,15
DA:19,15
DA:20,15
DA:21,15
DA:22,38
DA:24,15
DA:25,15
DA:29,15623
LF:11
LH:11
BRF:0
BRH:0
end_of_record
TN:
SF:/Users/tricky_lake/dev/tricky-max/lib/rollun-ts-rql/src/parser/nodeParsers/query/logicalOperators/AndNodeParser.ts
FN:6,(anonymous_1)
FN:10,(anonymous_2)
FNF:2
FNH:2
FNDA:5226,(anonymous_1)
FNDA:8,(anonymous_2)
DA:1,5
DA:2,5
DA:4,5
DA:7,5226
DA:11,8
DA:12,0
DA:16,8
LF:7
LH:6
BRDA:11,0,0,0
BRDA:11,0,1,8
BRF:2
BRH:1
end_of_record
TN:
SF:/Users/tricky_lake/dev/tricky-max/lib/rollun-ts-rql/src/parser/nodeParsers/query/logicalOperators/NotNodeParser.ts
FN:6,(anonymous_1)
FN:10,(anonymous_2)
FNF:2
FNH:2
FNDA:5203,(anonymous_1)
FNDA:3,(anonymous_2)
DA:1,5
DA:2,5
DA:4,5
DA:7,5203
DA:11,3
DA:12,0
DA:16,3
LF:7
LH:6
BRDA:11,0,0,0
BRDA:11,0,1,3
BRF:2
BRH:1
end_of_record
TN:
SF:/Users/tricky_lake/dev/tricky-max/lib/rollun-ts-rql/src/parser/nodeParsers/query/logicalOperators/OrNodeParser.ts
FN:6,(anonymous_1)
FN:10,(anonymous_2)
FNF:2
FNH:2
FNDA:5209,(anonymous_1)
FNDA:4,(anonymous_2)
DA:1,5
DA:2,5
DA:4,5
DA:7,5209
DA:11,4
DA:12,0
DA:16,4
LF:7
LH:6
BRDA:11,0,0,0
BRDA:11,0,1,4
BRF:2
BRH:1
end_of_record
TN:
SF:/Users/tricky_lake/dev/tricky-max/lib/rollun-ts-rql/src/parser/subLexers/ConstantSubLexer.ts
FN:6,(anonymous_1)
FNF:1
FNH:1
FNDA:33524,(anonymous_1)
DA:1,6
DA:4,6
DA:7,33524
DA:8,33524
DA:9,8
DA:11,33516
DA:12,7
DA:15,33509
DA:16,33509
DA:17,12
DA:19,33497
DA:20,7
DA:23,33490
LF:13
LH:13
BRDA:8,0,0,8
BRDA:8,0,1,33516
BRDA:11,1,0,7
BRDA:11,1,1,33509
BRDA:16,2,0,12
BRDA:16,2,1,33497
BRDA:19,3,0,7
BRDA:19,3,1,33490
BRF:8
BRH:8
end_of_record
TN:
SF:/Users/tricky_lake/dev/tricky-max/lib/rollun-ts-rql/src/parser/subLexers/DatetimeSubLexer.ts
FN:6,(anonymous_1)
FNF:1
FNH:1
FNDA:3134,(anonymous_1)
DA:2,6
DA:4,6
DA:7,3134
DA:8,3134
DA:9,3134
DA:10,3123
DA:12,11
DA:20,11
DA:27,0
LF:9
LH:8
BRDA:9,0,0,3123
BRDA:9,0,1,11
BRDA:12,1,0,11
BRDA:12,1,1,0
BRDA:13,2,0,11
BRDA:13,2,1,11
BRDA:13,2,2,11
BRDA:13,2,3,11
BRDA:13,2,4,11
BRDA:13,2,5,11
BRF:10
BRH:9
end_of_record
TN:
SF:/Users/tricky_lake/dev/tricky-max/lib/rollun-ts-rql/src/parser/subLexers/FiqlOperatorSubLexer.ts
FN:4,(anonymous_1)
FN:16,(anonymous_2)
FN:30,(anonymous_3)
FNF:3
FNH:3
FNDA:6,(anonymous_1)
FNDA:15674,(anonymous_2)
FNDA:38,(anonymous_3)
DA:2,6
DA:4,6
DA:5,6
DA:6,6
DA:7,6
DA:8,6
DA:9,6
DA:10,6
DA:11,6
DA:12,6
DA:15,6
DA:17,15674
DA:18,15674
DA:19,38
DA:26,15636
DA:31,38
DA:32,18
DA:34,20
LF:18
LH:18
BRDA:4,0,0,6
BRDA:4,0,1,6
BRDA:18,1,0,38
BRDA:18,1,1,15636
BRDA:31,2,0,18
BRDA:31,2,1,20
BRF:6
BRH:6
end_of_record
TN:
SF:/Users/tricky_lake/dev/tricky-max/lib/rollun-ts-rql/src/parser/subLexers/GlobSubLexer.ts
FN:7,(anonymous_2)
FN:22,(anonymous_3)
FN:24,(anonymous_4)
FNF:3
FNH:3
FNDA:10414,(anonymous_2)
FNDA:16,(anonymous_3)
FNDA:15,(anonymous_4)
DA:1,6
DA:3,6
DA:5,6
DA:8,10414
DA:9,10414
DA:10,1024
DA:12,9390
DA:13,9374
DA:15,16
DA:23,16
DA:25,15
LF:11
LH:11
BRDA:9,0,0,1024
BRDA:9,0,1,9390
BRDA:12,1,0,9374
BRDA:12,1,1,16
BRDA:12,2,0,9390
BRDA:12,2,1,9382
BRF:6
BRH:6
end_of_record
TN:
SF:/Users/tricky_lake/dev/tricky-max/lib/rollun-ts-rql/src/parser/subLexers/NumberSubLexer.ts
FN:5,(anonymous_1)
FNF:1
FNH:1
FNDA:3123,(anonymous_1)
DA:2,6
DA:4,6
DA:6,3123
DA:7,3123
DA:8,2114
DA:17,1009
LF:6
LH:6
BRDA:7,0,0,2114
BRDA:7,0,1,1009
BRDA:10,1,0,2104
BRDA:10,1,1,10
BRDA:9,2,0,2114
BRDA:9,2,1,2109
BRF:6
BRH:6
end_of_record
TN:
SF:/Users/tricky_lake/dev/tricky-max/lib/rollun-ts-rql/src/parser/subLexers/PunctuationSubLexer.ts
FN:5,(anonymous_1)
FNF:1
FNH:1
FNDA:33490,(anonymous_1)
DA:2,6
DA:4,6
DA:6,33490
DA:7,33490
DA:8,3099
DA:10,30391
DA:11,12
DA:13,30379
DA:14,5242
DA:16,25137
DA:17,4206
DA:19,20931
DA:20,4205
DA:22,16726
DA:23,1052
DA:25,15674
LF:16
LH:16
BRDA:7,0,0,3099
BRDA:7,0,1,30391
BRDA:10,1,0,12
BRDA:10,1,1,30379
BRDA:13,2,0,5242
BRDA:13,2,1,25137
BRDA:16,3,0,4206
BRDA:16,3,1,20931
BRDA:19,4,0,4205
BRDA:19,4,1,16726
BRDA:22,5,0,1052
BRDA:22,5,1,15674
BRF:12
BRH:12
end_of_record
TN:
SF:/Users/tricky_lake/dev/tricky-max/lib/rollun-ts-rql/src/parser/subLexers/RqlOperatorSubLexer.ts
FN:5,(anonymous_1)
FNF:1
FNH:1
FNDA:15636,(anonymous_1)
DA:2,6
DA:4,6
DA:6,15636
DA:7,15636
DA:8,4170
DA:14,11466
LF:6
LH:6
BRDA:7,0,0,4170
BRDA:7,0,1,11466
BRF:2
BRH:2
end_of_record
TN:
SF:/Users/tricky_lake/dev/tricky-max/lib/rollun-ts-rql/src/parser/subLexers/SortSubLexer.ts
FN:6,(anonymous_1)
FNF:1
FNH:1
FNDA:1009,(anonymous_1)
DA:2,6
DA:4,6
DA:7,1009
DA:8,1009
DA:9,1004
DA:11,5
DA:12,5
DA:14,0
LF:8
LH:7
BRDA:8,0,0,1004
BRDA:8,0,1,5
BRDA:11,1,0,5
BRDA:11,1,1,0
BRF:4
BRH:3
end_of_record
TN:
SF:/Users/tricky_lake/dev/tricky-max/lib/rollun-ts-rql/src/parser/subLexers/StringSubLexer.ts
FN:6,(anonymous_1)
FNF:1
FNH:1
FNDA:10398,(anonymous_1)
DA:2,6
DA:3,6
DA:5,6
DA:7,10398
DA:8,10398
DA:9,3134
DA:11,7264
LF:7
LH:7
BRDA:8,0,0,3134
BRDA:8,0,1,7264
BRDA:8,1,0,10398
BRDA:8,1,1,9374
BRF:4
BRH:4
end_of_record
TN:
SF:/Users/tricky_lake/dev/tricky-max/lib/rollun-ts-rql/src/parser/subLexers/SubLexerChain.ts
FN:3,(anonymous_0)
FN:7,(anonymous_1)
FN:12,(anonymous_2)
FNF:3
FNH:3
FNDA:1048,(anonymous_0)
FNDA:10480,(anonymous_1)
FNDA:33524,(anonymous_2)
DA:3,6
DA:5,1048
DA:8,10480
DA:9,10480
DA:13,33524
DA:14,137868
DA:15,137868
DA:16,33524
DA:19,0
LF:9
LH:8
BRDA:15,0,0,33524
BRDA:15,0,1,104344
BRF:2
BRH:2
end_of_record
TN:
SF:/Users/tricky_lake/dev/tricky-max/lib/rollun-ts-rql/src/parser/subLexers/TypeSubLexer.ts
FN:6,(anonymous_1)
FNF:1
FNH:1
FNDA:11466,(anonymous_1)
DA:1,6
DA:4,6
DA:7,11466
DA:8,11466
DA:9,1052
DA:15,10414
LF:6
LH:6
BRDA:8,0,0,1052
BRDA:8,0,1,10414
BRF:2
BRH:2
end_of_record
TN:
SF:/Users/tricky_lake/dev/tricky-max/lib/rollun-ts-rql/src/parser/typeCasters/BooleanTypeCaster.ts
FN:6,(anonymous_0)
FNF:1
FNH:1
FNDA:8,(anonymous_0)
DA:2,5
DA:4,5
DA:7,8
DA:8,1
DA:10,7
DA:11,1
DA:13,6
DA:14,1
DA:16,5
DA:17,1
DA:19,4
DA:20,1
DA:22,3
LF:13
LH:13
BRDA:7,0,0,1
BRDA:7,0,1,7
BRDA:10,1,0,1
BRDA:10,1,1,6
BRDA:13,2,0,1
BRDA:13,2,1,5
BRDA:16,3,0,1
BRDA:16,3,1,4
BRDA:19,4,0,1
BRDA:19,4,1,3
BRDA:22,5,0,3
BRDA:22,5,1,2
BRF:12
BRH:12
end_of_record
TN:
SF:/Users/tricky_lake/dev/tricky-max/lib/rollun-ts-rql/src/parser/typeCasters/FloatTypeCaster.ts
FN:6,(anonymous_0)
FNF:1
FNH:1
FNDA:8,(anonymous_0)
DA:2,5
DA:4,5
DA:7,8
DA:8,1
DA:10,7
DA:11,1
DA:13,6
DA:14,1
DA:16,5
DA:17,1
DA:19,4
DA:20,1
DA:21,1
DA:22,1
DA:23,1
DA:24,1
DA:25,1
DA:26,1
DA:28,3
DA:29,3
LF:20
LH:20
BRDA:7,0,0,1
BRDA:7,0,1,7
BRDA:10,1,0,1
BRDA:10,1,1,6
BRDA:13,2,0,1
BRDA:13,2,1,5
BRDA:16,3,0,1
BRDA:16,3,1,4
BRDA:19,4,0,1
BRDA:19,4,1,3
BRDA:21,5,0,0
BRDA:21,5,1,1
BRDA:22,6,0,0
BRDA:22,6,1,1
BRDA:23,7,0,0
BRDA:23,7,1,1
BRDA:24,8,0,1
BRDA:24,8,1,0
BRDA:25,9,0,1
BRDA:25,9,1,0
BRDA:29,10,0,1
BRDA:29,10,1,2
BRF:22
BRH:17
end_of_record
TN:
SF:/Users/tricky_lake/dev/tricky-max/lib/rollun-ts-rql/src/parser/typeCasters/IntegerTypeCaster.ts
FN:5,(anonymous_0)
FNF:1
FNH:1
FNDA:8,(anonymous_0)
DA:2,5
DA:4,5
DA:6,8
DA:7,1
DA:9,7
DA:10,1
DA:12,6
DA:13,1
DA:15,5
DA:16,1
DA:18,4
DA:19,1
DA:20,1
DA:21,1
DA:22,1
DA:23,1
DA:24,1
DA:25,1
DA:27,3
DA:28,3
LF:20
LH:20
BRDA:6,0,0,1
BRDA:6,0,1,7
BRDA:9,1,0,1
BRDA:9,1,1,6
BRDA:12,2,0,1
BRDA:12,2,1,5
BRDA:15,3,0,1
BRDA:15,3,1,4
BRDA:18,4,0,1
BRDA:18,4,1,3
BRDA:20,5,0,0
BRDA:20,5,1,1
BRDA:21,6,0,0
BRDA:21,6,1,1
BRDA:22,7,0,0
BRDA:22,7,1,1
BRDA:23,8,0,1
BRDA:23,8,1,0
BRDA:24,9,0,1
BRDA:24,9,1,0
BRDA:28,10,0,1
BRDA:28,10,1,2
BRF:22
BRH:17
end_of_record
TN:
SF:/Users/tricky_lake/dev/tricky-max/lib/rollun-ts-rql/src/parser/typeCasters/StringTypeCaster.ts
FN:5,(anonymous_0)
FNF:1
FNH:1
FNDA:1008,(anonymous_0)
DA:2,5
DA:4,5
DA:6,1008
DA:7,1
DA:9,1007
DA:10,1
DA:12,1006
DA:13,1
DA:15,1005
DA:16,1
DA:18,1004
DA:19,1
DA:22,1003
LF:13
LH:13
BRDA:6,0,0,1
BRDA:6,0,1,1007
BRDA:9,1,0,1
BRDA:9,1,1,1006
BRDA:12,2,0,1
BRDA:12,2,1,1005
BRDA:15,3,0,1
BRDA:15,3,1,1004
BRDA:18,4,0,1
BRDA:18,4,1,1003
BRF:10
BRH:10
end_of_record
TN:
SF:/Users/tricky_lake/dev/tricky-max/lib/rollun-ts-rql/src/parser/valueParsers/ArrayParser.ts
FN:9,(anonymous_0)
FN:13,(anonymous_1)
FNF:2
FNH:2
FNDA:1031,(anonymous_0)
FNDA:13,(anonymous_1)
DA:2,5
DA:5,5
DA:10,1031
DA:14,13
DA:15,13
DA:16,13
DA:17,45
DA:18,45
DA:19,13
DA:22,13
DA:23,13
LF:11
LH:11
BRDA:18,0,0,13
BRDA:18,0,1,32
BRF:2
BRH:2
end_of_record
TN:
SF:/Users/tricky_lake/dev/tricky-max/lib/rollun-ts-rql/src/parser/valueParsers/FieldParser.ts
FN:7,(anonymous_0)
FNF:1
FNH:1
FNDA:41409,(anonymous_0)
DA:3,5
DA:5,5
DA:8,41409
LF:3
LH:3
BRF:0
BRH:0
end_of_record
TN:
SF:/Users/tricky_lake/dev/tricky-max/lib/rollun-ts-rql/src/parser/valueParsers/GlobParser .ts
FN:21,(anonymous_1)
FNF:1
FNH:1
FNDA:15,(anonymous_1)
DA:2,5
DA:4,5
DA:6,5
DA:10,5
DA:22,15
DA:23,4
DA:25,11
DA:26,11
DA:28,11
LF:9
LH:9
BRDA:22,0,0,4
BRDA:22,0,1,11
BRDA:25,1,0,11
BRDA:25,1,1,0
BRF:4
BRH:3
end_of_record
TN:
SF:/Users/tricky_lake/dev/tricky-max/lib/rollun-ts-rql/src/parser/valueParsers/IntegerParser.ts
FN:6,(anonymous_0)
FNF:1
FNH:1
FNDA:2010,(anonymous_0)
DA:2,5
DA:5,5
DA:7,2010
LF:3
LH:3
BRF:0
BRH:0
end_of_record
TN:
SF:/Users/tricky_lake/dev/tricky-max/lib/rollun-ts-rql/src/parser/valueParsers/ScalarParser.ts
FN:5,(anonymous_0)
FN:14,(anonymous_1)
FN:26,(anonymous_2)
FN:31,(anonymous_3)
FN:41,(anonymous_4)
FNF:5
FNH:5
FNDA:1031,(anonymous_0)
FNDA:1123,(anonymous_1)
FNDA:4124,(anonymous_2)
FNDA:1032,(anonymous_3)
FNDA:91,(anonymous_4)
DA:3,5
DA:5,5
DA:9,1031
DA:15,1123
DA:17,1123
DA:18,91
DA:20,1032
DA:21,1032
DA:23,1123
DA:27,4124
DA:28,4124
DA:32,1032
DA:33,1032
DA:36,0
DA:42,91
DA:43,1
DA:45,90
DA:46,1
DA:48,89
DA:49,4
DA:51,85
DA:52,1
DA:54,84
DA:55,3
DA:57,81
DA:58,39
DA:60,42
DA:61,41
DA:63,1
DA:64,1
DA:66,0
LF:31
LH:29
BRDA:17,0,0,91
BRDA:17,0,1,1032
BRDA:32,1,0,1032
BRDA:32,1,1,0
BRDA:42,2,0,1
BRDA:42,2,1,90
BRDA:45,3,0,1
BRDA:45,3,1,89
BRDA:48,4,0,4
BRDA:48,4,1,85
BRDA:51,5,0,1
BRDA:51,5,1,84
BRDA:54,6,0,3
BRDA:54,6,1,81
BRDA:57,7,0,39
BRDA:57,7,1,42
BRDA:60,8,0,41
BRDA:60,8,1,1
BRDA:63,9,0,1
BRDA:63,9,1,0
BRF:20
BRH:18
end_of_record
